supp_nation	cust_nation	l_year	revenue
BRAZIL	SAUDI ARABIA	1995	528329929.1434
BRAZIL	SAUDI ARABIA	1996	522530417.4399
SAUDI ARABIA	BRAZIL	1995	525615441.1778
SAUDI ARABIA	BRAZIL	1996	536117471.2490
supp_nation	cust_nation	l_year	revenue
BRAZIL	SAUDI ARABIA	1995	528329929.1434
BRAZIL	SAUDI ARABIA	1996	522530417.4399
SAUDI ARABIA	BRAZIL	1995	525615441.1778
SAUDI ARABIA	BRAZIL	1996	536117471.2490
supp_nation	cust_nation	l_year	revenue
BRAZIL	SAUDI ARABIA	1995	528329929.1434
BRAZIL	SAUDI ARABIA	1996	522530417.4399
SAUDI ARABIA	BRAZIL	1995	525615441.1778
SAUDI ARABIA	BRAZIL	1996	536117471.2490
supp_nation	cust_nation	l_year	revenue
BRAZIL	SAUDI ARABIA	1995	528329929.1434
BRAZIL	SAUDI ARABIA	1996	522530417.4399
SAUDI ARABIA	BRAZIL	1995	525615441.1778
SAUDI ARABIA	BRAZIL	1996	536117471.2490
supp_nation	cust_nation	l_year	revenue
BRAZIL	SAUDI ARABIA	1995	528329929.1434
BRAZIL	SAUDI ARABIA	1996	522530417.4399
SAUDI ARABIA	BRAZIL	1995	525615441.1778
SAUDI ARABIA	BRAZIL	1996	536117471.2490
supp_nation	cust_nation	l_year	revenue
BRAZIL	SAUDI ARABIA	1995	528329929.1434
BRAZIL	SAUDI ARABIA	1996	522530417.4399
SAUDI ARABIA	BRAZIL	1995	525615441.1778
SAUDI ARABIA	BRAZIL	1996	536117471.2490
supp_nation	cust_nation	l_year	revenue
BRAZIL	SAUDI ARABIA	1995	528329929.1434
BRAZIL	SAUDI ARABIA	1996	522530417.4399
SAUDI ARABIA	BRAZIL	1995	525615441.1778
SAUDI ARABIA	BRAZIL	1996	536117471.2490
supp_nation	cust_nation	l_year	revenue
BRAZIL	SAUDI ARABIA	1995	528329929.1434
BRAZIL	SAUDI ARABIA	1996	522530417.4399
SAUDI ARABIA	BRAZIL	1995	525615441.1778
SAUDI ARABIA	BRAZIL	1996	536117471.2490
supp_nation	cust_nation	l_year	revenue
BRAZIL	SAUDI ARABIA	1995	528329929.1434
BRAZIL	SAUDI ARABIA	1996	522530417.4399
SAUDI ARABIA	BRAZIL	1995	525615441.1778
SAUDI ARABIA	BRAZIL	1996	536117471.2490
supp_nation	cust_nation	l_year	revenue
BRAZIL	SAUDI ARABIA	1995	528329929.1434
BRAZIL	SAUDI ARABIA	1996	522530417.4399
SAUDI ARABIA	BRAZIL	1995	525615441.1778
SAUDI ARABIA	BRAZIL	1996	536117471.2490
id	select_type	table	partitions	type	possible_keys	key	key_len	ref	rows	filtered	Extra
1	SIMPLE	n2	NULL	ALL	PRIMARY	NULL	NULL	NULL	25	19.00	Using where; Using temporary; Using filesort
1	SIMPLE	customer	NULL	ref	PRIMARY,i_c_nationkey	i_c_nationkey	5	dbt3_sf10.n2.n_nationkey	60000	100.00	Using index
1	SIMPLE	orders	NULL	ref	PRIMARY,i_o_custkey	i_o_custkey	5	dbt3_sf10.customer.c_custkey	15	100.00	Using index
1	SIMPLE	lineitem	NULL	ref	PRIMARY,i_l_orderkey,i_l_suppkey,i_l_shipdate	PRIMARY	4	dbt3_sf10.orders.o_orderkey	3	50.00	Using where
1	SIMPLE	supplier	NULL	eq_ref	PRIMARY,i_s_nationkey	PRIMARY	4	dbt3_sf10.lineitem.l_suppkey	1	100.00	NULL
1	SIMPLE	n1	NULL	ALL	PRIMARY	NULL	NULL	NULL	25	4.00	Using where; Using join buffer (Block Nested Loop)
Variable_name	Value
Last_query_cost	27315045.126248
t (s)	sql_text
14.956472814	select\n\tsupp_nation,\n\tcust_nation,\n\tl_year,\n\tsum(volume) as revenue\nfrom\n\t(\n\t\tselect\n\t\t\tn1.n_name as supp_nation,\n\t\t\tn2.n_name as cust_nation,\n\t\t\textract(year from l_shipdate) as l_year,\n\t\t\tl_extendedprice * (1 - l_discount) as volume\n\t\tfrom\n\t\t\tsupplier,\n\t\t\tlineitem,\n\t\t\torders,\n\t\t\tcustomer,\n\t\t\tnation n1,\n\t\t\tnation n2\n\t\twhere\n\t\t\ts_suppkey = l_suppkey\n\t\t\tand o_orderkey = l_orderkey\n\t\t\tand c_custkey = o_custkey\n\t\t\tand s_nationkey = n1.n_nationkey\n\t\t\tand c_nationkey = n2.n_nationkey\n\t\t\tand (\n\t\t\t\t(n1.n_name = 'SAUDI ARABIA' and n2.n_name = 'BRAZIL')\n\t\t\t\tor (n1.n_name = 'BRAZIL' and n2.n_name = 'SAUDI ARABIA')\n\t\t\t)\n\t\t\tand l_shipdate between '1995-01-01' and '1996-12-31'\n\t) as shipping\ngroup by\n\tsupp_nation,\n\tcust_nation,\n\tl_year\norder by\n\tsupp_nation,\n\tcust_nation,\n\tl_year
14.912169489	select\n\tsupp_nation,\n\tcust_nation,\n\tl_year,\n\tsum(volume) as revenue\nfrom\n\t(\n\t\tselect\n\t\t\tn1.n_name as supp_nation,\n\t\t\tn2.n_name as cust_nation,\n\t\t\textract(year from l_shipdate) as l_year,\n\t\t\tl_extendedprice * (1 - l_discount) as volume\n\t\tfrom\n\t\t\tsupplier,\n\t\t\tlineitem,\n\t\t\torders,\n\t\t\tcustomer,\n\t\t\tnation n1,\n\t\t\tnation n2\n\t\twhere\n\t\t\ts_suppkey = l_suppkey\n\t\t\tand o_orderkey = l_orderkey\n\t\t\tand c_custkey = o_custkey\n\t\t\tand s_nationkey = n1.n_nationkey\n\t\t\tand c_nationkey = n2.n_nationkey\n\t\t\tand (\n\t\t\t\t(n1.n_name = 'SAUDI ARABIA' and n2.n_name = 'BRAZIL')\n\t\t\t\tor (n1.n_name = 'BRAZIL' and n2.n_name = 'SAUDI ARABIA')\n\t\t\t)\n\t\t\tand l_shipdate between '1995-01-01' and '1996-12-31'\n\t) as shipping\ngroup by\n\tsupp_nation,\n\tcust_nation,\n\tl_year\norder by\n\tsupp_nation,\n\tcust_nation,\n\tl_year
14.924045952	select\n\tsupp_nation,\n\tcust_nation,\n\tl_year,\n\tsum(volume) as revenue\nfrom\n\t(\n\t\tselect\n\t\t\tn1.n_name as supp_nation,\n\t\t\tn2.n_name as cust_nation,\n\t\t\textract(year from l_shipdate) as l_year,\n\t\t\tl_extendedprice * (1 - l_discount) as volume\n\t\tfrom\n\t\t\tsupplier,\n\t\t\tlineitem,\n\t\t\torders,\n\t\t\tcustomer,\n\t\t\tnation n1,\n\t\t\tnation n2\n\t\twhere\n\t\t\ts_suppkey = l_suppkey\n\t\t\tand o_orderkey = l_orderkey\n\t\t\tand c_custkey = o_custkey\n\t\t\tand s_nationkey = n1.n_nationkey\n\t\t\tand c_nationkey = n2.n_nationkey\n\t\t\tand (\n\t\t\t\t(n1.n_name = 'SAUDI ARABIA' and n2.n_name = 'BRAZIL')\n\t\t\t\tor (n1.n_name = 'BRAZIL' and n2.n_name = 'SAUDI ARABIA')\n\t\t\t)\n\t\t\tand l_shipdate between '1995-01-01' and '1996-12-31'\n\t) as shipping\ngroup by\n\tsupp_nation,\n\tcust_nation,\n\tl_year\norder by\n\tsupp_nation,\n\tcust_nation,\n\tl_year
14.999768797	select\n\tsupp_nation,\n\tcust_nation,\n\tl_year,\n\tsum(volume) as revenue\nfrom\n\t(\n\t\tselect\n\t\t\tn1.n_name as supp_nation,\n\t\t\tn2.n_name as cust_nation,\n\t\t\textract(year from l_shipdate) as l_year,\n\t\t\tl_extendedprice * (1 - l_discount) as volume\n\t\tfrom\n\t\t\tsupplier,\n\t\t\tlineitem,\n\t\t\torders,\n\t\t\tcustomer,\n\t\t\tnation n1,\n\t\t\tnation n2\n\t\twhere\n\t\t\ts_suppkey = l_suppkey\n\t\t\tand o_orderkey = l_orderkey\n\t\t\tand c_custkey = o_custkey\n\t\t\tand s_nationkey = n1.n_nationkey\n\t\t\tand c_nationkey = n2.n_nationkey\n\t\t\tand (\n\t\t\t\t(n1.n_name = 'SAUDI ARABIA' and n2.n_name = 'BRAZIL')\n\t\t\t\tor (n1.n_name = 'BRAZIL' and n2.n_name = 'SAUDI ARABIA')\n\t\t\t)\n\t\t\tand l_shipdate between '1995-01-01' and '1996-12-31'\n\t) as shipping\ngroup by\n\tsupp_nation,\n\tcust_nation,\n\tl_year\norder by\n\tsupp_nation,\n\tcust_nation,\n\tl_year
14.896698640	select\n\tsupp_nation,\n\tcust_nation,\n\tl_year,\n\tsum(volume) as revenue\nfrom\n\t(\n\t\tselect\n\t\t\tn1.n_name as supp_nation,\n\t\t\tn2.n_name as cust_nation,\n\t\t\textract(year from l_shipdate) as l_year,\n\t\t\tl_extendedprice * (1 - l_discount) as volume\n\t\tfrom\n\t\t\tsupplier,\n\t\t\tlineitem,\n\t\t\torders,\n\t\t\tcustomer,\n\t\t\tnation n1,\n\t\t\tnation n2\n\t\twhere\n\t\t\ts_suppkey = l_suppkey\n\t\t\tand o_orderkey = l_orderkey\n\t\t\tand c_custkey = o_custkey\n\t\t\tand s_nationkey = n1.n_nationkey\n\t\t\tand c_nationkey = n2.n_nationkey\n\t\t\tand (\n\t\t\t\t(n1.n_name = 'SAUDI ARABIA' and n2.n_name = 'BRAZIL')\n\t\t\t\tor (n1.n_name = 'BRAZIL' and n2.n_name = 'SAUDI ARABIA')\n\t\t\t)\n\t\t\tand l_shipdate between '1995-01-01' and '1996-12-31'\n\t) as shipping\ngroup by\n\tsupp_nation,\n\tcust_nation,\n\tl_year\norder by\n\tsupp_nation,\n\tcust_nation,\n\tl_year
14.900138849	select\n\tsupp_nation,\n\tcust_nation,\n\tl_year,\n\tsum(volume) as revenue\nfrom\n\t(\n\t\tselect\n\t\t\tn1.n_name as supp_nation,\n\t\t\tn2.n_name as cust_nation,\n\t\t\textract(year from l_shipdate) as l_year,\n\t\t\tl_extendedprice * (1 - l_discount) as volume\n\t\tfrom\n\t\t\tsupplier,\n\t\t\tlineitem,\n\t\t\torders,\n\t\t\tcustomer,\n\t\t\tnation n1,\n\t\t\tnation n2\n\t\twhere\n\t\t\ts_suppkey = l_suppkey\n\t\t\tand o_orderkey = l_orderkey\n\t\t\tand c_custkey = o_custkey\n\t\t\tand s_nationkey = n1.n_nationkey\n\t\t\tand c_nationkey = n2.n_nationkey\n\t\t\tand (\n\t\t\t\t(n1.n_name = 'SAUDI ARABIA' and n2.n_name = 'BRAZIL')\n\t\t\t\tor (n1.n_name = 'BRAZIL' and n2.n_name = 'SAUDI ARABIA')\n\t\t\t)\n\t\t\tand l_shipdate between '1995-01-01' and '1996-12-31'\n\t) as shipping\ngroup by\n\tsupp_nation,\n\tcust_nation,\n\tl_year\norder by\n\tsupp_nation,\n\tcust_nation,\n\tl_year
15.060886807	select\n\tsupp_nation,\n\tcust_nation,\n\tl_year,\n\tsum(volume) as revenue\nfrom\n\t(\n\t\tselect\n\t\t\tn1.n_name as supp_nation,\n\t\t\tn2.n_name as cust_nation,\n\t\t\textract(year from l_shipdate) as l_year,\n\t\t\tl_extendedprice * (1 - l_discount) as volume\n\t\tfrom\n\t\t\tsupplier,\n\t\t\tlineitem,\n\t\t\torders,\n\t\t\tcustomer,\n\t\t\tnation n1,\n\t\t\tnation n2\n\t\twhere\n\t\t\ts_suppkey = l_suppkey\n\t\t\tand o_orderkey = l_orderkey\n\t\t\tand c_custkey = o_custkey\n\t\t\tand s_nationkey = n1.n_nationkey\n\t\t\tand c_nationkey = n2.n_nationkey\n\t\t\tand (\n\t\t\t\t(n1.n_name = 'SAUDI ARABIA' and n2.n_name = 'BRAZIL')\n\t\t\t\tor (n1.n_name = 'BRAZIL' and n2.n_name = 'SAUDI ARABIA')\n\t\t\t)\n\t\t\tand l_shipdate between '1995-01-01' and '1996-12-31'\n\t) as shipping\ngroup by\n\tsupp_nation,\n\tcust_nation,\n\tl_year\norder by\n\tsupp_nation,\n\tcust_nation,\n\tl_year
14.983115968	select\n\tsupp_nation,\n\tcust_nation,\n\tl_year,\n\tsum(volume) as revenue\nfrom\n\t(\n\t\tselect\n\t\t\tn1.n_name as supp_nation,\n\t\t\tn2.n_name as cust_nation,\n\t\t\textract(year from l_shipdate) as l_year,\n\t\t\tl_extendedprice * (1 - l_discount) as volume\n\t\tfrom\n\t\t\tsupplier,\n\t\t\tlineitem,\n\t\t\torders,\n\t\t\tcustomer,\n\t\t\tnation n1,\n\t\t\tnation n2\n\t\twhere\n\t\t\ts_suppkey = l_suppkey\n\t\t\tand o_orderkey = l_orderkey\n\t\t\tand c_custkey = o_custkey\n\t\t\tand s_nationkey = n1.n_nationkey\n\t\t\tand c_nationkey = n2.n_nationkey\n\t\t\tand (\n\t\t\t\t(n1.n_name = 'SAUDI ARABIA' and n2.n_name = 'BRAZIL')\n\t\t\t\tor (n1.n_name = 'BRAZIL' and n2.n_name = 'SAUDI ARABIA')\n\t\t\t)\n\t\t\tand l_shipdate between '1995-01-01' and '1996-12-31'\n\t) as shipping\ngroup by\n\tsupp_nation,\n\tcust_nation,\n\tl_year\norder by\n\tsupp_nation,\n\tcust_nation,\n\tl_year
avg	CoV
14.9541621645000	0.0036014808450914935
