l_orderkey	revenue	o_orderdate	o_shippriority
34806048	470788.7361	1995-03-19	0
49757091	447789.5848	1995-03-22	0
16833670	443091.4894	1995-03-22	0
37432583	440424.6604	1995-02-27	0
6609121	427362.0027	1995-03-19	0
44331334	423916.7338	1995-02-27	0
37913317	423206.0404	1995-02-03	0
23906240	420657.2244	1995-03-22	0
55864096	418593.3631	1995-03-19	0
34766501	417496.3461	1995-03-22	0
l_orderkey	revenue	o_orderdate	o_shippriority
34806048	470788.7361	1995-03-19	0
49757091	447789.5848	1995-03-22	0
16833670	443091.4894	1995-03-22	0
37432583	440424.6604	1995-02-27	0
6609121	427362.0027	1995-03-19	0
44331334	423916.7338	1995-02-27	0
37913317	423206.0404	1995-02-03	0
23906240	420657.2244	1995-03-22	0
55864096	418593.3631	1995-03-19	0
34766501	417496.3461	1995-03-22	0
l_orderkey	revenue	o_orderdate	o_shippriority
34806048	470788.7361	1995-03-19	0
49757091	447789.5848	1995-03-22	0
16833670	443091.4894	1995-03-22	0
37432583	440424.6604	1995-02-27	0
6609121	427362.0027	1995-03-19	0
44331334	423916.7338	1995-02-27	0
37913317	423206.0404	1995-02-03	0
23906240	420657.2244	1995-03-22	0
55864096	418593.3631	1995-03-19	0
34766501	417496.3461	1995-03-22	0
l_orderkey	revenue	o_orderdate	o_shippriority
34806048	470788.7361	1995-03-19	0
49757091	447789.5848	1995-03-22	0
16833670	443091.4894	1995-03-22	0
37432583	440424.6604	1995-02-27	0
6609121	427362.0027	1995-03-19	0
44331334	423916.7338	1995-02-27	0
37913317	423206.0404	1995-02-03	0
23906240	420657.2244	1995-03-22	0
55864096	418593.3631	1995-03-19	0
34766501	417496.3461	1995-03-22	0
l_orderkey	revenue	o_orderdate	o_shippriority
34806048	470788.7361	1995-03-19	0
49757091	447789.5848	1995-03-22	0
16833670	443091.4894	1995-03-22	0
37432583	440424.6604	1995-02-27	0
6609121	427362.0027	1995-03-19	0
44331334	423916.7338	1995-02-27	0
37913317	423206.0404	1995-02-03	0
23906240	420657.2244	1995-03-22	0
55864096	418593.3631	1995-03-19	0
34766501	417496.3461	1995-03-22	0
l_orderkey	revenue	o_orderdate	o_shippriority
34806048	470788.7361	1995-03-19	0
49757091	447789.5848	1995-03-22	0
16833670	443091.4894	1995-03-22	0
37432583	440424.6604	1995-02-27	0
6609121	427362.0027	1995-03-19	0
44331334	423916.7338	1995-02-27	0
37913317	423206.0404	1995-02-03	0
23906240	420657.2244	1995-03-22	0
55864096	418593.3631	1995-03-19	0
34766501	417496.3461	1995-03-22	0
l_orderkey	revenue	o_orderdate	o_shippriority
34806048	470788.7361	1995-03-19	0
49757091	447789.5848	1995-03-22	0
16833670	443091.4894	1995-03-22	0
37432583	440424.6604	1995-02-27	0
6609121	427362.0027	1995-03-19	0
44331334	423916.7338	1995-02-27	0
37913317	423206.0404	1995-02-03	0
23906240	420657.2244	1995-03-22	0
55864096	418593.3631	1995-03-19	0
34766501	417496.3461	1995-03-22	0
l_orderkey	revenue	o_orderdate	o_shippriority
34806048	470788.7361	1995-03-19	0
49757091	447789.5848	1995-03-22	0
16833670	443091.4894	1995-03-22	0
37432583	440424.6604	1995-02-27	0
6609121	427362.0027	1995-03-19	0
44331334	423916.7338	1995-02-27	0
37913317	423206.0404	1995-02-03	0
23906240	420657.2244	1995-03-22	0
55864096	418593.3631	1995-03-19	0
34766501	417496.3461	1995-03-22	0
l_orderkey	revenue	o_orderdate	o_shippriority
34806048	470788.7361	1995-03-19	0
49757091	447789.5848	1995-03-22	0
16833670	443091.4894	1995-03-22	0
37432583	440424.6604	1995-02-27	0
6609121	427362.0027	1995-03-19	0
44331334	423916.7338	1995-02-27	0
37913317	423206.0404	1995-02-03	0
23906240	420657.2244	1995-03-22	0
55864096	418593.3631	1995-03-19	0
34766501	417496.3461	1995-03-22	0
l_orderkey	revenue	o_orderdate	o_shippriority
34806048	470788.7361	1995-03-19	0
49757091	447789.5848	1995-03-22	0
16833670	443091.4894	1995-03-22	0
37432583	440424.6604	1995-02-27	0
6609121	427362.0027	1995-03-19	0
44331334	423916.7338	1995-02-27	0
37913317	423206.0404	1995-02-03	0
23906240	420657.2244	1995-03-22	0
55864096	418593.3631	1995-03-19	0
34766501	417496.3461	1995-03-22	0
id	select_type	table	partitions	type	possible_keys	key	key_len	ref	rows	filtered	Extra
1	SIMPLE	customer	NULL	ALL	PRIMARY	NULL	NULL	NULL	1500000	10.00	Using where; Using temporary; Using filesort
1	SIMPLE	orders	NULL	ref	PRIMARY,i_o_custkey,i_o_orderdate	i_o_custkey	5	dbt3_sf10.customer.c_custkey	15	50.00	Using where
1	SIMPLE	lineitem	NULL	ref	PRIMARY,i_l_orderkey,i_l_shipdate	PRIMARY	4	dbt3_sf10.orders.o_orderkey	3	50.00	Using where
Variable_name	Value
Last_query_cost	5052957.357934
t (s)	sql_text
24.255790639	select\n\tl_orderkey,\n\tsum(l_extendedprice * (1 - l_discount)) as revenue,\n\to_orderdate,\n\to_shippriority\nfrom\n\tcustomer,\n\torders,\n\tlineitem\nwhere\n\tc_mktsegment = 'AUTOMOBILE'\n\tand c_custkey = o_custkey\n\tand l_orderkey = o_orderkey\n\tand o_orderdate < '1995-03-24'\n\tand l_shipdate > '1995-03-24'\ngroup by\n\tl_orderkey,\n\to_orderdate,\n\to_shippriority\norder by\n\trevenue desc,\n\to_orderdate\nLIMIT 10
24.418191883	select\n\tl_orderkey,\n\tsum(l_extendedprice * (1 - l_discount)) as revenue,\n\to_orderdate,\n\to_shippriority\nfrom\n\tcustomer,\n\torders,\n\tlineitem\nwhere\n\tc_mktsegment = 'AUTOMOBILE'\n\tand c_custkey = o_custkey\n\tand l_orderkey = o_orderkey\n\tand o_orderdate < '1995-03-24'\n\tand l_shipdate > '1995-03-24'\ngroup by\n\tl_orderkey,\n\to_orderdate,\n\to_shippriority\norder by\n\trevenue desc,\n\to_orderdate\nLIMIT 10
24.298635872	select\n\tl_orderkey,\n\tsum(l_extendedprice * (1 - l_discount)) as revenue,\n\to_orderdate,\n\to_shippriority\nfrom\n\tcustomer,\n\torders,\n\tlineitem\nwhere\n\tc_mktsegment = 'AUTOMOBILE'\n\tand c_custkey = o_custkey\n\tand l_orderkey = o_orderkey\n\tand o_orderdate < '1995-03-24'\n\tand l_shipdate > '1995-03-24'\ngroup by\n\tl_orderkey,\n\to_orderdate,\n\to_shippriority\norder by\n\trevenue desc,\n\to_orderdate\nLIMIT 10
24.461412351	select\n\tl_orderkey,\n\tsum(l_extendedprice * (1 - l_discount)) as revenue,\n\to_orderdate,\n\to_shippriority\nfrom\n\tcustomer,\n\torders,\n\tlineitem\nwhere\n\tc_mktsegment = 'AUTOMOBILE'\n\tand c_custkey = o_custkey\n\tand l_orderkey = o_orderkey\n\tand o_orderdate < '1995-03-24'\n\tand l_shipdate > '1995-03-24'\ngroup by\n\tl_orderkey,\n\to_orderdate,\n\to_shippriority\norder by\n\trevenue desc,\n\to_orderdate\nLIMIT 10
24.365564201	select\n\tl_orderkey,\n\tsum(l_extendedprice * (1 - l_discount)) as revenue,\n\to_orderdate,\n\to_shippriority\nfrom\n\tcustomer,\n\torders,\n\tlineitem\nwhere\n\tc_mktsegment = 'AUTOMOBILE'\n\tand c_custkey = o_custkey\n\tand l_orderkey = o_orderkey\n\tand o_orderdate < '1995-03-24'\n\tand l_shipdate > '1995-03-24'\ngroup by\n\tl_orderkey,\n\to_orderdate,\n\to_shippriority\norder by\n\trevenue desc,\n\to_orderdate\nLIMIT 10
24.311870382	select\n\tl_orderkey,\n\tsum(l_extendedprice * (1 - l_discount)) as revenue,\n\to_orderdate,\n\to_shippriority\nfrom\n\tcustomer,\n\torders,\n\tlineitem\nwhere\n\tc_mktsegment = 'AUTOMOBILE'\n\tand c_custkey = o_custkey\n\tand l_orderkey = o_orderkey\n\tand o_orderdate < '1995-03-24'\n\tand l_shipdate > '1995-03-24'\ngroup by\n\tl_orderkey,\n\to_orderdate,\n\to_shippriority\norder by\n\trevenue desc,\n\to_orderdate\nLIMIT 10
24.443571910	select\n\tl_orderkey,\n\tsum(l_extendedprice * (1 - l_discount)) as revenue,\n\to_orderdate,\n\to_shippriority\nfrom\n\tcustomer,\n\torders,\n\tlineitem\nwhere\n\tc_mktsegment = 'AUTOMOBILE'\n\tand c_custkey = o_custkey\n\tand l_orderkey = o_orderkey\n\tand o_orderdate < '1995-03-24'\n\tand l_shipdate > '1995-03-24'\ngroup by\n\tl_orderkey,\n\to_orderdate,\n\to_shippriority\norder by\n\trevenue desc,\n\to_orderdate\nLIMIT 10
24.265031887	select\n\tl_orderkey,\n\tsum(l_extendedprice * (1 - l_discount)) as revenue,\n\to_orderdate,\n\to_shippriority\nfrom\n\tcustomer,\n\torders,\n\tlineitem\nwhere\n\tc_mktsegment = 'AUTOMOBILE'\n\tand c_custkey = o_custkey\n\tand l_orderkey = o_orderkey\n\tand o_orderdate < '1995-03-24'\n\tand l_shipdate > '1995-03-24'\ngroup by\n\tl_orderkey,\n\to_orderdate,\n\to_shippriority\norder by\n\trevenue desc,\n\to_orderdate\nLIMIT 10
avg	CoV
24.3525086406250	0.0031204761648879315
