o_orderpriority	order_count
1-URGENT	105186
2-HIGH	104943
3-MEDIUM	105315
4-NOT SPECIFIED	105540
5-LOW	105091
o_orderpriority	order_count
1-URGENT	105186
2-HIGH	104943
3-MEDIUM	105315
4-NOT SPECIFIED	105540
5-LOW	105091
o_orderpriority	order_count
1-URGENT	105186
2-HIGH	104943
3-MEDIUM	105315
4-NOT SPECIFIED	105540
5-LOW	105091
o_orderpriority	order_count
1-URGENT	105186
2-HIGH	104943
3-MEDIUM	105315
4-NOT SPECIFIED	105540
5-LOW	105091
o_orderpriority	order_count
1-URGENT	105186
2-HIGH	104943
3-MEDIUM	105315
4-NOT SPECIFIED	105540
5-LOW	105091
o_orderpriority	order_count
1-URGENT	105186
2-HIGH	104943
3-MEDIUM	105315
4-NOT SPECIFIED	105540
5-LOW	105091
o_orderpriority	order_count
1-URGENT	105186
2-HIGH	104943
3-MEDIUM	105315
4-NOT SPECIFIED	105540
5-LOW	105091
o_orderpriority	order_count
1-URGENT	105186
2-HIGH	104943
3-MEDIUM	105315
4-NOT SPECIFIED	105540
5-LOW	105091
o_orderpriority	order_count
1-URGENT	105186
2-HIGH	104943
3-MEDIUM	105315
4-NOT SPECIFIED	105540
5-LOW	105091
o_orderpriority	order_count
1-URGENT	105186
2-HIGH	104943
3-MEDIUM	105315
4-NOT SPECIFIED	105540
5-LOW	105091
id	select_type	table	type	possible_keys	key	key_len	ref	rows	Extra
1	PRIMARY	orders	range	PRIMARY,i_o_orderdate	i_o_orderdate	4	NULL	1217234	Using index condition; Using temporary; Using filesort
1	PRIMARY	lineitem	ref	PRIMARY,i_l_orderkey	PRIMARY	4	dbt3_sf10.orders.o_orderkey	1	Using where; FirstMatch(orders)
Variable_name	Value
Last_query_cost	4386782.826369
t (s)	sql_text
5.167491465	select\n\to_orderpriority,\n\tcount(*) as order_count\nfrom\n\torders\nwhere\n\to_orderdate >=  '1996-08-01'\n\tand o_orderdate < date_add( '1996-08-01', interval '3' month)\n\tand exists (\n\t\tselect\n\t\t\t*\n\t\tfrom\n\t\t\tlineitem\n\t\twhere\n\t\t\tl_orderkey = o_orderkey\n\t\t\tand l_commitdate < l_receiptdate\n\t)\ngroup by\n\to_orderpriority\norder by\n\to_orderpriority
5.169869857	select\n\to_orderpriority,\n\tcount(*) as order_count\nfrom\n\torders\nwhere\n\to_orderdate >=  '1996-08-01'\n\tand o_orderdate < date_add( '1996-08-01', interval '3' month)\n\tand exists (\n\t\tselect\n\t\t\t*\n\t\tfrom\n\t\t\tlineitem\n\t\twhere\n\t\t\tl_orderkey = o_orderkey\n\t\t\tand l_commitdate < l_receiptdate\n\t)\ngroup by\n\to_orderpriority\norder by\n\to_orderpriority
5.170217156	select\n\to_orderpriority,\n\tcount(*) as order_count\nfrom\n\torders\nwhere\n\to_orderdate >=  '1996-08-01'\n\tand o_orderdate < date_add( '1996-08-01', interval '3' month)\n\tand exists (\n\t\tselect\n\t\t\t*\n\t\tfrom\n\t\t\tlineitem\n\t\twhere\n\t\t\tl_orderkey = o_orderkey\n\t\t\tand l_commitdate < l_receiptdate\n\t)\ngroup by\n\to_orderpriority\norder by\n\to_orderpriority
5.167080205	select\n\to_orderpriority,\n\tcount(*) as order_count\nfrom\n\torders\nwhere\n\to_orderdate >=  '1996-08-01'\n\tand o_orderdate < date_add( '1996-08-01', interval '3' month)\n\tand exists (\n\t\tselect\n\t\t\t*\n\t\tfrom\n\t\t\tlineitem\n\t\twhere\n\t\t\tl_orderkey = o_orderkey\n\t\t\tand l_commitdate < l_receiptdate\n\t)\ngroup by\n\to_orderpriority\norder by\n\to_orderpriority
5.174138755	select\n\to_orderpriority,\n\tcount(*) as order_count\nfrom\n\torders\nwhere\n\to_orderdate >=  '1996-08-01'\n\tand o_orderdate < date_add( '1996-08-01', interval '3' month)\n\tand exists (\n\t\tselect\n\t\t\t*\n\t\tfrom\n\t\t\tlineitem\n\t\twhere\n\t\t\tl_orderkey = o_orderkey\n\t\t\tand l_commitdate < l_receiptdate\n\t)\ngroup by\n\to_orderpriority\norder by\n\to_orderpriority
5.175191861	select\n\to_orderpriority,\n\tcount(*) as order_count\nfrom\n\torders\nwhere\n\to_orderdate >=  '1996-08-01'\n\tand o_orderdate < date_add( '1996-08-01', interval '3' month)\n\tand exists (\n\t\tselect\n\t\t\t*\n\t\tfrom\n\t\t\tlineitem\n\t\twhere\n\t\t\tl_orderkey = o_orderkey\n\t\t\tand l_commitdate < l_receiptdate\n\t)\ngroup by\n\to_orderpriority\norder by\n\to_orderpriority
5.167248726	select\n\to_orderpriority,\n\tcount(*) as order_count\nfrom\n\torders\nwhere\n\to_orderdate >=  '1996-08-01'\n\tand o_orderdate < date_add( '1996-08-01', interval '3' month)\n\tand exists (\n\t\tselect\n\t\t\t*\n\t\tfrom\n\t\t\tlineitem\n\t\twhere\n\t\t\tl_orderkey = o_orderkey\n\t\t\tand l_commitdate < l_receiptdate\n\t)\ngroup by\n\to_orderpriority\norder by\n\to_orderpriority
5.167718855	select\n\to_orderpriority,\n\tcount(*) as order_count\nfrom\n\torders\nwhere\n\to_orderdate >=  '1996-08-01'\n\tand o_orderdate < date_add( '1996-08-01', interval '3' month)\n\tand exists (\n\t\tselect\n\t\t\t*\n\t\tfrom\n\t\t\tlineitem\n\t\twhere\n\t\t\tl_orderkey = o_orderkey\n\t\t\tand l_commitdate < l_receiptdate\n\t)\ngroup by\n\to_orderpriority\norder by\n\to_orderpriority
avg	CoV
5.1698696100000	0.00057868694561892
