revenue
1641525532.8238
revenue
1641525532.8238
revenue
1641525532.8238
revenue
1641525532.8238
revenue
1641525532.8238
revenue
1641525532.8238
revenue
1641525532.8238
revenue
1641525532.8238
revenue
1641525532.8238
revenue
1641525532.8238
id	select_type	table	partitions	type	possible_keys	key	key_len	ref	rows	filtered	Extra
1	SIMPLE	lineitem	NULL	range	i_l_shipdate	i_l_shipdate	4	NULL	17117650	12.51	Using index condition; Using where
Variable_name	Value
Last_query_cost	7704492.285452
t (s)	sql_text
38.429028672	select\n\tsum(l_extendedprice * l_discount) as revenue\nfrom\n\tlineitem\nwhere\n\tl_shipdate >= '1995-01-01'\n\tand l_shipdate < date_add( '1995-01-01' , interval '1' year)\n\tand l_discount between 0.08 - 0.01 and 0.08 + 0.01\n\tand l_quantity < 24
38.536913735	select\n\tsum(l_extendedprice * l_discount) as revenue\nfrom\n\tlineitem\nwhere\n\tl_shipdate >= '1995-01-01'\n\tand l_shipdate < date_add( '1995-01-01' , interval '1' year)\n\tand l_discount between 0.08 - 0.01 and 0.08 + 0.01\n\tand l_quantity < 24
38.465012889	select\n\tsum(l_extendedprice * l_discount) as revenue\nfrom\n\tlineitem\nwhere\n\tl_shipdate >= '1995-01-01'\n\tand l_shipdate < date_add( '1995-01-01' , interval '1' year)\n\tand l_discount between 0.08 - 0.01 and 0.08 + 0.01\n\tand l_quantity < 24
38.488093853	select\n\tsum(l_extendedprice * l_discount) as revenue\nfrom\n\tlineitem\nwhere\n\tl_shipdate >= '1995-01-01'\n\tand l_shipdate < date_add( '1995-01-01' , interval '1' year)\n\tand l_discount between 0.08 - 0.01 and 0.08 + 0.01\n\tand l_quantity < 24
38.467444347	select\n\tsum(l_extendedprice * l_discount) as revenue\nfrom\n\tlineitem\nwhere\n\tl_shipdate >= '1995-01-01'\n\tand l_shipdate < date_add( '1995-01-01' , interval '1' year)\n\tand l_discount between 0.08 - 0.01 and 0.08 + 0.01\n\tand l_quantity < 24
38.525081517	select\n\tsum(l_extendedprice * l_discount) as revenue\nfrom\n\tlineitem\nwhere\n\tl_shipdate >= '1995-01-01'\n\tand l_shipdate < date_add( '1995-01-01' , interval '1' year)\n\tand l_discount between 0.08 - 0.01 and 0.08 + 0.01\n\tand l_quantity < 24
38.491192614	select\n\tsum(l_extendedprice * l_discount) as revenue\nfrom\n\tlineitem\nwhere\n\tl_shipdate >= '1995-01-01'\n\tand l_shipdate < date_add( '1995-01-01' , interval '1' year)\n\tand l_discount between 0.08 - 0.01 and 0.08 + 0.01\n\tand l_quantity < 24
38.506635820	select\n\tsum(l_extendedprice * l_discount) as revenue\nfrom\n\tlineitem\nwhere\n\tl_shipdate >= '1995-01-01'\n\tand l_shipdate < date_add( '1995-01-01' , interval '1' year)\n\tand l_discount between 0.08 - 0.01 and 0.08 + 0.01\n\tand l_quantity < 24
avg	CoV
38.4886754308750	0.0008493858893060589
