Timing is on.
Timing is on.
pg_stat_statements_reset

Time: 0.805 ms
l_returnflag,l_linestatus,sum_qty,sum_base_price,sum_disc_price,sum_charge,avg_qty,avg_price,avg_disc,count_order
A,F,377518399.00,566065727797.25,537759104278.0656,559276670892.116819,25.5009751030070973,38237.151008958546,0.05000657454024320463,14804077
N,F,9851614.00,14767438399.17,14028805792.2114,14590490998.366737,25.5224483028409474,38257.810660081140,0.04997336773765667180,385998
N,O,727730443.00,1091216245667.43,1036650078747.7029,1078128388865.275418,25.4977143238148535,38233.277671927623,0.04999986370487908853,28541007
R,F,377732830.00,566431054976.00,538110922664.7677,559634780885.086257,25.5083847896801383,38251.219273559761,0.04999679231408742045,14808183
Time: 83820.524 ms (01:23.821)
l_returnflag,l_linestatus,sum_qty,sum_base_price,sum_disc_price,sum_charge,avg_qty,avg_price,avg_disc,count_order
A,F,377518399.00,566065727797.25,537759104278.0656,559276670892.116819,25.5009751030070973,38237.151008958546,0.05000657454024320463,14804077
N,F,9851614.00,14767438399.17,14028805792.2114,14590490998.366737,25.5224483028409474,38257.810660081140,0.04997336773765667180,385998
N,O,727730443.00,1091216245667.43,1036650078747.7029,1078128388865.275418,25.4977143238148535,38233.277671927623,0.04999986370487908853,28541007
R,F,377732830.00,566431054976.00,538110922664.7677,559634780885.086257,25.5083847896801383,38251.219273559761,0.04999679231408742045,14808183
Time: 82136.658 ms (01:22.137)
secs,cov
82.97694740150001,0.010134340462430651
Time: 1.010 ms
pg_stat_statements_reset

Time: 0.169 ms
l_returnflag,l_linestatus,sum_qty,sum_base_price,sum_disc_price,sum_charge,avg_qty,avg_price,avg_disc,count_order
A,F,377518399.00,566065727797.25,537759104278.0656,559276670892.116819,25.5009751030070973,38237.151008958546,0.05000657454024320463,14804077
N,F,9851614.00,14767438399.17,14028805792.2114,14590490998.366737,25.5224483028409474,38257.810660081140,0.04997336773765667180,385998
N,O,727730443.00,1091216245667.43,1036650078747.7029,1078128388865.275418,25.4977143238148535,38233.277671927623,0.04999986370487908853,28541007
R,F,377732830.00,566431054976.00,538110922664.7677,559634780885.086257,25.5083847896801383,38251.219273559761,0.04999679231408742045,14808183
Time: 83657.503 ms (01:23.658)
l_returnflag,l_linestatus,sum_qty,sum_base_price,sum_disc_price,sum_charge,avg_qty,avg_price,avg_disc,count_order
A,F,377518399.00,566065727797.25,537759104278.0656,559276670892.116819,25.5009751030070973,38237.151008958546,0.05000657454024320463,14804077
N,F,9851614.00,14767438399.17,14028805792.2114,14590490998.366737,25.5224483028409474,38257.810660081140,0.04997336773765667180,385998
N,O,727730443.00,1091216245667.43,1036650078747.7029,1078128388865.275418,25.4977143238148535,38233.277671927623,0.04999986370487908853,28541007
R,F,377732830.00,566431054976.00,538110922664.7677,559634780885.086257,25.5083847896801383,38251.219273559761,0.04999679231408742045,14808183
Time: 83819.065 ms (01:23.819)
l_returnflag,l_linestatus,sum_qty,sum_base_price,sum_disc_price,sum_charge,avg_qty,avg_price,avg_disc,count_order
A,F,377518399.00,566065727797.25,537759104278.0656,559276670892.116819,25.5009751030070973,38237.151008958546,0.05000657454024320463,14804077
N,F,9851614.00,14767438399.17,14028805792.2114,14590490998.366737,25.5224483028409474,38257.810660081140,0.04997336773765667180,385998
N,O,727730443.00,1091216245667.43,1036650078747.7029,1078128388865.275418,25.4977143238148535,38233.277671927623,0.04999986370487908853,28541007
R,F,377732830.00,566431054976.00,538110922664.7677,559634780885.086257,25.5083847896801383,38251.219273559761,0.04999679231408742045,14808183
Time: 84006.586 ms (01:24.007)
l_returnflag,l_linestatus,sum_qty,sum_base_price,sum_disc_price,sum_charge,avg_qty,avg_price,avg_disc,count_order
A,F,377518399.00,566065727797.25,537759104278.0656,559276670892.116819,25.5009751030070973,38237.151008958546,0.05000657454024320463,14804077
N,F,9851614.00,14767438399.17,14028805792.2114,14590490998.366737,25.5224483028409474,38257.810660081140,0.04997336773765667180,385998
N,O,727730443.00,1091216245667.43,1036650078747.7029,1078128388865.275418,25.4977143238148535,38233.277671927623,0.04999986370487908853,28541007
R,F,377732830.00,566431054976.00,538110922664.7677,559634780885.086257,25.5083847896801383,38251.219273559761,0.04999679231408742045,14808183
Time: 83897.904 ms (01:23.898)
l_returnflag,l_linestatus,sum_qty,sum_base_price,sum_disc_price,sum_charge,avg_qty,avg_price,avg_disc,count_order
A,F,377518399.00,566065727797.25,537759104278.0656,559276670892.116819,25.5009751030070973,38237.151008958546,0.05000657454024320463,14804077
N,F,9851614.00,14767438399.17,14028805792.2114,14590490998.366737,25.5224483028409474,38257.810660081140,0.04997336773765667180,385998
N,O,727730443.00,1091216245667.43,1036650078747.7029,1078128388865.275418,25.4977143238148535,38233.277671927623,0.04999986370487908853,28541007
R,F,377732830.00,566431054976.00,538110922664.7677,559634780885.086257,25.5083847896801383,38251.219273559761,0.04999679231408742045,14808183
Time: 83964.634 ms (01:23.965)
l_returnflag,l_linestatus,sum_qty,sum_base_price,sum_disc_price,sum_charge,avg_qty,avg_price,avg_disc,count_order
A,F,377518399.00,566065727797.25,537759104278.0656,559276670892.116819,25.5009751030070973,38237.151008958546,0.05000657454024320463,14804077
N,F,9851614.00,14767438399.17,14028805792.2114,14590490998.366737,25.5224483028409474,38257.810660081140,0.04997336773765667180,385998
N,O,727730443.00,1091216245667.43,1036650078747.7029,1078128388865.275418,25.4977143238148535,38233.277671927623,0.04999986370487908853,28541007
R,F,377732830.00,566431054976.00,538110922664.7677,559634780885.086257,25.5083847896801383,38251.219273559761,0.04999679231408742045,14808183
Time: 83647.045 ms (01:23.647)
l_returnflag,l_linestatus,sum_qty,sum_base_price,sum_disc_price,sum_charge,avg_qty,avg_price,avg_disc,count_order
A,F,377518399.00,566065727797.25,537759104278.0656,559276670892.116819,25.5009751030070973,38237.151008958546,0.05000657454024320463,14804077
N,F,9851614.00,14767438399.17,14028805792.2114,14590490998.366737,25.5224483028409474,38257.810660081140,0.04997336773765667180,385998
N,O,727730443.00,1091216245667.43,1036650078747.7029,1078128388865.275418,25.4977143238148535,38233.277671927623,0.04999986370487908853,28541007
R,F,377732830.00,566431054976.00,538110922664.7677,559634780885.086257,25.5083847896801383,38251.219273559761,0.04999679231408742045,14808183
Time: 83641.351 ms (01:23.641)
l_returnflag,l_linestatus,sum_qty,sum_base_price,sum_disc_price,sum_charge,avg_qty,avg_price,avg_disc,count_order
A,F,377518399.00,566065727797.25,537759104278.0656,559276670892.116819,25.5009751030070973,38237.151008958546,0.05000657454024320463,14804077
N,F,9851614.00,14767438399.17,14028805792.2114,14590490998.366737,25.5224483028409474,38257.810660081140,0.04997336773765667180,385998
N,O,727730443.00,1091216245667.43,1036650078747.7029,1078128388865.275418,25.4977143238148535,38233.277671927623,0.04999986370487908853,28541007
R,F,377732830.00,566431054976.00,538110922664.7677,559634780885.086257,25.5083847896801383,38251.219273559761,0.04999679231408742045,14808183
Time: 83943.286 ms (01:23.943)
QUERY PLAN
Sort  (cost=4214548.89..4214548.91 rows=6 width=236)
"  Sort Key: l_returnflag, l_linestatus"
  ->  HashAggregate  (cost=4214548.65..4214548.82 rows=6 width=236)
"        Group Key: l_returnflag, l_linestatus"
        ->  Seq Scan on lineitem  (cost=0.00..1874367.65 rows=58504525 width=25)
              Filter: (l_shipdate <= '1998-08-05 00:00:00'::timestamp without time zone)
Time: 0.686 ms
Timing is off.
secs,cov
83.82157702549999,0.001714211726404561
