Timing is on.
Timing is on.
pg_stat_statements_reset

Time: 0.658 ms
s_name,numwait
Supplier#000056097       ,22
Supplier#000075327       ,22
Supplier#000025189       ,21
Supplier#000049437       ,21
Supplier#000053452       ,21
Supplier#000058413       ,21
Supplier#000001598       ,20
Supplier#000028558       ,20
Supplier#000034882       ,20
Supplier#000039849       ,20
Supplier#000044599       ,20
Supplier#000098375       ,20
Supplier#000016634       ,19
Supplier#000017725       ,19
Supplier#000026129       ,19
Supplier#000031924       ,19
Supplier#000035402       ,19
Supplier#000041477       ,19
Supplier#000043439       ,19
Supplier#000043549       ,19
Supplier#000043679       ,19
Supplier#000045425       ,19
Supplier#000053903       ,19
Supplier#000061525       ,19
Supplier#000078090       ,19
Supplier#000081140       ,19
Supplier#000088734       ,19
Supplier#000089715       ,19
Supplier#000000241       ,18
Supplier#000002210       ,18
Supplier#000004877       ,18
Supplier#000006178       ,18
Supplier#000008489       ,18
Supplier#000009849       ,18
Supplier#000017702       ,18
Supplier#000018800       ,18
Supplier#000020497       ,18
Supplier#000022667       ,18
Supplier#000023947       ,18
Supplier#000025128       ,18
Supplier#000028858       ,18
Supplier#000037072       ,18
Supplier#000043119       ,18
Supplier#000043653       ,18
Supplier#000043690       ,18
Supplier#000046397       ,18
Supplier#000048104       ,18
Supplier#000057048       ,18
Supplier#000058571       ,18
Supplier#000060932       ,18
Supplier#000061643       ,18
Supplier#000063400       ,18
Supplier#000063690       ,18
Supplier#000065350       ,18
Supplier#000069546       ,18
Supplier#000072594       ,18
Supplier#000072632       ,18
Supplier#000073331       ,18
Supplier#000079859       ,18
Supplier#000080866       ,18
Supplier#000080983       ,18
Supplier#000088391       ,18
Supplier#000094258       ,18
Supplier#000094263       ,18
Supplier#000000245       ,17
Supplier#000000303       ,17
Supplier#000002246       ,17
Supplier#000002790       ,17
Supplier#000005079       ,17
Supplier#000013502       ,17
Supplier#000013887       ,17
Supplier#000015575       ,17
Supplier#000019023       ,17
Supplier#000019954       ,17
Supplier#000027607       ,17
Supplier#000027908       ,17
Supplier#000028116       ,17
Supplier#000031050       ,17
Supplier#000036965       ,17
Supplier#000046169       ,17
Supplier#000047446       ,17
Supplier#000048673       ,17
Supplier#000051939       ,17
Supplier#000051963       ,17
Supplier#000052852       ,17
Supplier#000053981       ,17
Supplier#000059092       ,17
Supplier#000060905       ,17
Supplier#000061658       ,17
Supplier#000062135       ,17
Supplier#000062338       ,17
Supplier#000064566       ,17
Supplier#000066046       ,17
Supplier#000068128       ,17
Supplier#000071897       ,17
Supplier#000083452       ,17
Supplier#000083582       ,17
Supplier#000085055       ,17
Supplier#000086295       ,17
Supplier#000086488       ,17
Time: 13643.861 ms (00:13.644)
s_name,numwait
Supplier#000056097       ,22
Supplier#000075327       ,22
Supplier#000025189       ,21
Supplier#000049437       ,21
Supplier#000053452       ,21
Supplier#000058413       ,21
Supplier#000001598       ,20
Supplier#000028558       ,20
Supplier#000034882       ,20
Supplier#000039849       ,20
Supplier#000044599       ,20
Supplier#000098375       ,20
Supplier#000016634       ,19
Supplier#000017725       ,19
Supplier#000026129       ,19
Supplier#000031924       ,19
Supplier#000035402       ,19
Supplier#000041477       ,19
Supplier#000043439       ,19
Supplier#000043549       ,19
Supplier#000043679       ,19
Supplier#000045425       ,19
Supplier#000053903       ,19
Supplier#000061525       ,19
Supplier#000078090       ,19
Supplier#000081140       ,19
Supplier#000088734       ,19
Supplier#000089715       ,19
Supplier#000000241       ,18
Supplier#000002210       ,18
Supplier#000004877       ,18
Supplier#000006178       ,18
Supplier#000008489       ,18
Supplier#000009849       ,18
Supplier#000017702       ,18
Supplier#000018800       ,18
Supplier#000020497       ,18
Supplier#000022667       ,18
Supplier#000023947       ,18
Supplier#000025128       ,18
Supplier#000028858       ,18
Supplier#000037072       ,18
Supplier#000043119       ,18
Supplier#000043653       ,18
Supplier#000043690       ,18
Supplier#000046397       ,18
Supplier#000048104       ,18
Supplier#000057048       ,18
Supplier#000058571       ,18
Supplier#000060932       ,18
Supplier#000061643       ,18
Supplier#000063400       ,18
Supplier#000063690       ,18
Supplier#000065350       ,18
Supplier#000069546       ,18
Supplier#000072594       ,18
Supplier#000072632       ,18
Supplier#000073331       ,18
Supplier#000079859       ,18
Supplier#000080866       ,18
Supplier#000080983       ,18
Supplier#000088391       ,18
Supplier#000094258       ,18
Supplier#000094263       ,18
Supplier#000000245       ,17
Supplier#000000303       ,17
Supplier#000002246       ,17
Supplier#000002790       ,17
Supplier#000005079       ,17
Supplier#000013502       ,17
Supplier#000013887       ,17
Supplier#000015575       ,17
Supplier#000019023       ,17
Supplier#000019954       ,17
Supplier#000027607       ,17
Supplier#000027908       ,17
Supplier#000028116       ,17
Supplier#000031050       ,17
Supplier#000036965       ,17
Supplier#000046169       ,17
Supplier#000047446       ,17
Supplier#000048673       ,17
Supplier#000051939       ,17
Supplier#000051963       ,17
Supplier#000052852       ,17
Supplier#000053981       ,17
Supplier#000059092       ,17
Supplier#000060905       ,17
Supplier#000061658       ,17
Supplier#000062135       ,17
Supplier#000062338       ,17
Supplier#000064566       ,17
Supplier#000066046       ,17
Supplier#000068128       ,17
Supplier#000071897       ,17
Supplier#000083452       ,17
Supplier#000083582       ,17
Supplier#000085055       ,17
Supplier#000086295       ,17
Supplier#000086488       ,17
Time: 10844.021 ms (00:10.844)
secs,cov
12.239753425000002,0.11427522446188496
Time: 1.006 ms
pg_stat_statements_reset

Time: 0.156 ms
s_name,numwait
Supplier#000056097       ,22
Supplier#000075327       ,22
Supplier#000025189       ,21
Supplier#000049437       ,21
Supplier#000053452       ,21
Supplier#000058413       ,21
Supplier#000001598       ,20
Supplier#000028558       ,20
Supplier#000034882       ,20
Supplier#000039849       ,20
Supplier#000044599       ,20
Supplier#000098375       ,20
Supplier#000016634       ,19
Supplier#000017725       ,19
Supplier#000026129       ,19
Supplier#000031924       ,19
Supplier#000035402       ,19
Supplier#000041477       ,19
Supplier#000043439       ,19
Supplier#000043549       ,19
Supplier#000043679       ,19
Supplier#000045425       ,19
Supplier#000053903       ,19
Supplier#000061525       ,19
Supplier#000078090       ,19
Supplier#000081140       ,19
Supplier#000088734       ,19
Supplier#000089715       ,19
Supplier#000000241       ,18
Supplier#000002210       ,18
Supplier#000004877       ,18
Supplier#000006178       ,18
Supplier#000008489       ,18
Supplier#000009849       ,18
Supplier#000017702       ,18
Supplier#000018800       ,18
Supplier#000020497       ,18
Supplier#000022667       ,18
Supplier#000023947       ,18
Supplier#000025128       ,18
Supplier#000028858       ,18
Supplier#000037072       ,18
Supplier#000043119       ,18
Supplier#000043653       ,18
Supplier#000043690       ,18
Supplier#000046397       ,18
Supplier#000048104       ,18
Supplier#000057048       ,18
Supplier#000058571       ,18
Supplier#000060932       ,18
Supplier#000061643       ,18
Supplier#000063400       ,18
Supplier#000063690       ,18
Supplier#000065350       ,18
Supplier#000069546       ,18
Supplier#000072594       ,18
Supplier#000072632       ,18
Supplier#000073331       ,18
Supplier#000079859       ,18
Supplier#000080866       ,18
Supplier#000080983       ,18
Supplier#000088391       ,18
Supplier#000094258       ,18
Supplier#000094263       ,18
Supplier#000000245       ,17
Supplier#000000303       ,17
Supplier#000002246       ,17
Supplier#000002790       ,17
Supplier#000005079       ,17
Supplier#000013502       ,17
Supplier#000013887       ,17
Supplier#000015575       ,17
Supplier#000019023       ,17
Supplier#000019954       ,17
Supplier#000027607       ,17
Supplier#000027908       ,17
Supplier#000028116       ,17
Supplier#000031050       ,17
Supplier#000036965       ,17
Supplier#000046169       ,17
Supplier#000047446       ,17
Supplier#000048673       ,17
Supplier#000051939       ,17
Supplier#000051963       ,17
Supplier#000052852       ,17
Supplier#000053981       ,17
Supplier#000059092       ,17
Supplier#000060905       ,17
Supplier#000061658       ,17
Supplier#000062135       ,17
Supplier#000062338       ,17
Supplier#000064566       ,17
Supplier#000066046       ,17
Supplier#000068128       ,17
Supplier#000071897       ,17
Supplier#000083452       ,17
Supplier#000083582       ,17
Supplier#000085055       ,17
Supplier#000086295       ,17
Supplier#000086488       ,17
Time: 10710.198 ms (00:10.710)
s_name,numwait
Supplier#000056097       ,22
Supplier#000075327       ,22
Supplier#000025189       ,21
Supplier#000049437       ,21
Supplier#000053452       ,21
Supplier#000058413       ,21
Supplier#000001598       ,20
Supplier#000028558       ,20
Supplier#000034882       ,20
Supplier#000039849       ,20
Supplier#000044599       ,20
Supplier#000098375       ,20
Supplier#000016634       ,19
Supplier#000017725       ,19
Supplier#000026129       ,19
Supplier#000031924       ,19
Supplier#000035402       ,19
Supplier#000041477       ,19
Supplier#000043439       ,19
Supplier#000043549       ,19
Supplier#000043679       ,19
Supplier#000045425       ,19
Supplier#000053903       ,19
Supplier#000061525       ,19
Supplier#000078090       ,19
Supplier#000081140       ,19
Supplier#000088734       ,19
Supplier#000089715       ,19
Supplier#000000241       ,18
Supplier#000002210       ,18
Supplier#000004877       ,18
Supplier#000006178       ,18
Supplier#000008489       ,18
Supplier#000009849       ,18
Supplier#000017702       ,18
Supplier#000018800       ,18
Supplier#000020497       ,18
Supplier#000022667       ,18
Supplier#000023947       ,18
Supplier#000025128       ,18
Supplier#000028858       ,18
Supplier#000037072       ,18
Supplier#000043119       ,18
Supplier#000043653       ,18
Supplier#000043690       ,18
Supplier#000046397       ,18
Supplier#000048104       ,18
Supplier#000057048       ,18
Supplier#000058571       ,18
Supplier#000060932       ,18
Supplier#000061643       ,18
Supplier#000063400       ,18
Supplier#000063690       ,18
Supplier#000065350       ,18
Supplier#000069546       ,18
Supplier#000072594       ,18
Supplier#000072632       ,18
Supplier#000073331       ,18
Supplier#000079859       ,18
Supplier#000080866       ,18
Supplier#000080983       ,18
Supplier#000088391       ,18
Supplier#000094258       ,18
Supplier#000094263       ,18
Supplier#000000245       ,17
Supplier#000000303       ,17
Supplier#000002246       ,17
Supplier#000002790       ,17
Supplier#000005079       ,17
Supplier#000013502       ,17
Supplier#000013887       ,17
Supplier#000015575       ,17
Supplier#000019023       ,17
Supplier#000019954       ,17
Supplier#000027607       ,17
Supplier#000027908       ,17
Supplier#000028116       ,17
Supplier#000031050       ,17
Supplier#000036965       ,17
Supplier#000046169       ,17
Supplier#000047446       ,17
Supplier#000048673       ,17
Supplier#000051939       ,17
Supplier#000051963       ,17
Supplier#000052852       ,17
Supplier#000053981       ,17
Supplier#000059092       ,17
Supplier#000060905       ,17
Supplier#000061658       ,17
Supplier#000062135       ,17
Supplier#000062338       ,17
Supplier#000064566       ,17
Supplier#000066046       ,17
Supplier#000068128       ,17
Supplier#000071897       ,17
Supplier#000083452       ,17
Supplier#000083582       ,17
Supplier#000085055       ,17
Supplier#000086295       ,17
Supplier#000086488       ,17
Time: 10696.795 ms (00:10.697)
s_name,numwait
Supplier#000056097       ,22
Supplier#000075327       ,22
Supplier#000025189       ,21
Supplier#000049437       ,21
Supplier#000053452       ,21
Supplier#000058413       ,21
Supplier#000001598       ,20
Supplier#000028558       ,20
Supplier#000034882       ,20
Supplier#000039849       ,20
Supplier#000044599       ,20
Supplier#000098375       ,20
Supplier#000016634       ,19
Supplier#000017725       ,19
Supplier#000026129       ,19
Supplier#000031924       ,19
Supplier#000035402       ,19
Supplier#000041477       ,19
Supplier#000043439       ,19
Supplier#000043549       ,19
Supplier#000043679       ,19
Supplier#000045425       ,19
Supplier#000053903       ,19
Supplier#000061525       ,19
Supplier#000078090       ,19
Supplier#000081140       ,19
Supplier#000088734       ,19
Supplier#000089715       ,19
Supplier#000000241       ,18
Supplier#000002210       ,18
Supplier#000004877       ,18
Supplier#000006178       ,18
Supplier#000008489       ,18
Supplier#000009849       ,18
Supplier#000017702       ,18
Supplier#000018800       ,18
Supplier#000020497       ,18
Supplier#000022667       ,18
Supplier#000023947       ,18
Supplier#000025128       ,18
Supplier#000028858       ,18
Supplier#000037072       ,18
Supplier#000043119       ,18
Supplier#000043653       ,18
Supplier#000043690       ,18
Supplier#000046397       ,18
Supplier#000048104       ,18
Supplier#000057048       ,18
Supplier#000058571       ,18
Supplier#000060932       ,18
Supplier#000061643       ,18
Supplier#000063400       ,18
Supplier#000063690       ,18
Supplier#000065350       ,18
Supplier#000069546       ,18
Supplier#000072594       ,18
Supplier#000072632       ,18
Supplier#000073331       ,18
Supplier#000079859       ,18
Supplier#000080866       ,18
Supplier#000080983       ,18
Supplier#000088391       ,18
Supplier#000094258       ,18
Supplier#000094263       ,18
Supplier#000000245       ,17
Supplier#000000303       ,17
Supplier#000002246       ,17
Supplier#000002790       ,17
Supplier#000005079       ,17
Supplier#000013502       ,17
Supplier#000013887       ,17
Supplier#000015575       ,17
Supplier#000019023       ,17
Supplier#000019954       ,17
Supplier#000027607       ,17
Supplier#000027908       ,17
Supplier#000028116       ,17
Supplier#000031050       ,17
Supplier#000036965       ,17
Supplier#000046169       ,17
Supplier#000047446       ,17
Supplier#000048673       ,17
Supplier#000051939       ,17
Supplier#000051963       ,17
Supplier#000052852       ,17
Supplier#000053981       ,17
Supplier#000059092       ,17
Supplier#000060905       ,17
Supplier#000061658       ,17
Supplier#000062135       ,17
Supplier#000062338       ,17
Supplier#000064566       ,17
Supplier#000066046       ,17
Supplier#000068128       ,17
Supplier#000071897       ,17
Supplier#000083452       ,17
Supplier#000083582       ,17
Supplier#000085055       ,17
Supplier#000086295       ,17
Supplier#000086488       ,17
Time: 10615.098 ms (00:10.615)
s_name,numwait
Supplier#000056097       ,22
Supplier#000075327       ,22
Supplier#000025189       ,21
Supplier#000049437       ,21
Supplier#000053452       ,21
Supplier#000058413       ,21
Supplier#000001598       ,20
Supplier#000028558       ,20
Supplier#000034882       ,20
Supplier#000039849       ,20
Supplier#000044599       ,20
Supplier#000098375       ,20
Supplier#000016634       ,19
Supplier#000017725       ,19
Supplier#000026129       ,19
Supplier#000031924       ,19
Supplier#000035402       ,19
Supplier#000041477       ,19
Supplier#000043439       ,19
Supplier#000043549       ,19
Supplier#000043679       ,19
Supplier#000045425       ,19
Supplier#000053903       ,19
Supplier#000061525       ,19
Supplier#000078090       ,19
Supplier#000081140       ,19
Supplier#000088734       ,19
Supplier#000089715       ,19
Supplier#000000241       ,18
Supplier#000002210       ,18
Supplier#000004877       ,18
Supplier#000006178       ,18
Supplier#000008489       ,18
Supplier#000009849       ,18
Supplier#000017702       ,18
Supplier#000018800       ,18
Supplier#000020497       ,18
Supplier#000022667       ,18
Supplier#000023947       ,18
Supplier#000025128       ,18
Supplier#000028858       ,18
Supplier#000037072       ,18
Supplier#000043119       ,18
Supplier#000043653       ,18
Supplier#000043690       ,18
Supplier#000046397       ,18
Supplier#000048104       ,18
Supplier#000057048       ,18
Supplier#000058571       ,18
Supplier#000060932       ,18
Supplier#000061643       ,18
Supplier#000063400       ,18
Supplier#000063690       ,18
Supplier#000065350       ,18
Supplier#000069546       ,18
Supplier#000072594       ,18
Supplier#000072632       ,18
Supplier#000073331       ,18
Supplier#000079859       ,18
Supplier#000080866       ,18
Supplier#000080983       ,18
Supplier#000088391       ,18
Supplier#000094258       ,18
Supplier#000094263       ,18
Supplier#000000245       ,17
Supplier#000000303       ,17
Supplier#000002246       ,17
Supplier#000002790       ,17
Supplier#000005079       ,17
Supplier#000013502       ,17
Supplier#000013887       ,17
Supplier#000015575       ,17
Supplier#000019023       ,17
Supplier#000019954       ,17
Supplier#000027607       ,17
Supplier#000027908       ,17
Supplier#000028116       ,17
Supplier#000031050       ,17
Supplier#000036965       ,17
Supplier#000046169       ,17
Supplier#000047446       ,17
Supplier#000048673       ,17
Supplier#000051939       ,17
Supplier#000051963       ,17
Supplier#000052852       ,17
Supplier#000053981       ,17
Supplier#000059092       ,17
Supplier#000060905       ,17
Supplier#000061658       ,17
Supplier#000062135       ,17
Supplier#000062338       ,17
Supplier#000064566       ,17
Supplier#000066046       ,17
Supplier#000068128       ,17
Supplier#000071897       ,17
Supplier#000083452       ,17
Supplier#000083582       ,17
Supplier#000085055       ,17
Supplier#000086295       ,17
Supplier#000086488       ,17
Time: 10778.471 ms (00:10.778)
s_name,numwait
Supplier#000056097       ,22
Supplier#000075327       ,22
Supplier#000025189       ,21
Supplier#000049437       ,21
Supplier#000053452       ,21
Supplier#000058413       ,21
Supplier#000001598       ,20
Supplier#000028558       ,20
Supplier#000034882       ,20
Supplier#000039849       ,20
Supplier#000044599       ,20
Supplier#000098375       ,20
Supplier#000016634       ,19
Supplier#000017725       ,19
Supplier#000026129       ,19
Supplier#000031924       ,19
Supplier#000035402       ,19
Supplier#000041477       ,19
Supplier#000043439       ,19
Supplier#000043549       ,19
Supplier#000043679       ,19
Supplier#000045425       ,19
Supplier#000053903       ,19
Supplier#000061525       ,19
Supplier#000078090       ,19
Supplier#000081140       ,19
Supplier#000088734       ,19
Supplier#000089715       ,19
Supplier#000000241       ,18
Supplier#000002210       ,18
Supplier#000004877       ,18
Supplier#000006178       ,18
Supplier#000008489       ,18
Supplier#000009849       ,18
Supplier#000017702       ,18
Supplier#000018800       ,18
Supplier#000020497       ,18
Supplier#000022667       ,18
Supplier#000023947       ,18
Supplier#000025128       ,18
Supplier#000028858       ,18
Supplier#000037072       ,18
Supplier#000043119       ,18
Supplier#000043653       ,18
Supplier#000043690       ,18
Supplier#000046397       ,18
Supplier#000048104       ,18
Supplier#000057048       ,18
Supplier#000058571       ,18
Supplier#000060932       ,18
Supplier#000061643       ,18
Supplier#000063400       ,18
Supplier#000063690       ,18
Supplier#000065350       ,18
Supplier#000069546       ,18
Supplier#000072594       ,18
Supplier#000072632       ,18
Supplier#000073331       ,18
Supplier#000079859       ,18
Supplier#000080866       ,18
Supplier#000080983       ,18
Supplier#000088391       ,18
Supplier#000094258       ,18
Supplier#000094263       ,18
Supplier#000000245       ,17
Supplier#000000303       ,17
Supplier#000002246       ,17
Supplier#000002790       ,17
Supplier#000005079       ,17
Supplier#000013502       ,17
Supplier#000013887       ,17
Supplier#000015575       ,17
Supplier#000019023       ,17
Supplier#000019954       ,17
Supplier#000027607       ,17
Supplier#000027908       ,17
Supplier#000028116       ,17
Supplier#000031050       ,17
Supplier#000036965       ,17
Supplier#000046169       ,17
Supplier#000047446       ,17
Supplier#000048673       ,17
Supplier#000051939       ,17
Supplier#000051963       ,17
Supplier#000052852       ,17
Supplier#000053981       ,17
Supplier#000059092       ,17
Supplier#000060905       ,17
Supplier#000061658       ,17
Supplier#000062135       ,17
Supplier#000062338       ,17
Supplier#000064566       ,17
Supplier#000066046       ,17
Supplier#000068128       ,17
Supplier#000071897       ,17
Supplier#000083452       ,17
Supplier#000083582       ,17
Supplier#000085055       ,17
Supplier#000086295       ,17
Supplier#000086488       ,17
Time: 10794.191 ms (00:10.794)
s_name,numwait
Supplier#000056097       ,22
Supplier#000075327       ,22
Supplier#000025189       ,21
Supplier#000049437       ,21
Supplier#000053452       ,21
Supplier#000058413       ,21
Supplier#000001598       ,20
Supplier#000028558       ,20
Supplier#000034882       ,20
Supplier#000039849       ,20
Supplier#000044599       ,20
Supplier#000098375       ,20
Supplier#000016634       ,19
Supplier#000017725       ,19
Supplier#000026129       ,19
Supplier#000031924       ,19
Supplier#000035402       ,19
Supplier#000041477       ,19
Supplier#000043439       ,19
Supplier#000043549       ,19
Supplier#000043679       ,19
Supplier#000045425       ,19
Supplier#000053903       ,19
Supplier#000061525       ,19
Supplier#000078090       ,19
Supplier#000081140       ,19
Supplier#000088734       ,19
Supplier#000089715       ,19
Supplier#000000241       ,18
Supplier#000002210       ,18
Supplier#000004877       ,18
Supplier#000006178       ,18
Supplier#000008489       ,18
Supplier#000009849       ,18
Supplier#000017702       ,18
Supplier#000018800       ,18
Supplier#000020497       ,18
Supplier#000022667       ,18
Supplier#000023947       ,18
Supplier#000025128       ,18
Supplier#000028858       ,18
Supplier#000037072       ,18
Supplier#000043119       ,18
Supplier#000043653       ,18
Supplier#000043690       ,18
Supplier#000046397       ,18
Supplier#000048104       ,18
Supplier#000057048       ,18
Supplier#000058571       ,18
Supplier#000060932       ,18
Supplier#000061643       ,18
Supplier#000063400       ,18
Supplier#000063690       ,18
Supplier#000065350       ,18
Supplier#000069546       ,18
Supplier#000072594       ,18
Supplier#000072632       ,18
Supplier#000073331       ,18
Supplier#000079859       ,18
Supplier#000080866       ,18
Supplier#000080983       ,18
Supplier#000088391       ,18
Supplier#000094258       ,18
Supplier#000094263       ,18
Supplier#000000245       ,17
Supplier#000000303       ,17
Supplier#000002246       ,17
Supplier#000002790       ,17
Supplier#000005079       ,17
Supplier#000013502       ,17
Supplier#000013887       ,17
Supplier#000015575       ,17
Supplier#000019023       ,17
Supplier#000019954       ,17
Supplier#000027607       ,17
Supplier#000027908       ,17
Supplier#000028116       ,17
Supplier#000031050       ,17
Supplier#000036965       ,17
Supplier#000046169       ,17
Supplier#000047446       ,17
Supplier#000048673       ,17
Supplier#000051939       ,17
Supplier#000051963       ,17
Supplier#000052852       ,17
Supplier#000053981       ,17
Supplier#000059092       ,17
Supplier#000060905       ,17
Supplier#000061658       ,17
Supplier#000062135       ,17
Supplier#000062338       ,17
Supplier#000064566       ,17
Supplier#000066046       ,17
Supplier#000068128       ,17
Supplier#000071897       ,17
Supplier#000083452       ,17
Supplier#000083582       ,17
Supplier#000085055       ,17
Supplier#000086295       ,17
Supplier#000086488       ,17
Time: 10705.130 ms (00:10.705)
s_name,numwait
Supplier#000056097       ,22
Supplier#000075327       ,22
Supplier#000025189       ,21
Supplier#000049437       ,21
Supplier#000053452       ,21
Supplier#000058413       ,21
Supplier#000001598       ,20
Supplier#000028558       ,20
Supplier#000034882       ,20
Supplier#000039849       ,20
Supplier#000044599       ,20
Supplier#000098375       ,20
Supplier#000016634       ,19
Supplier#000017725       ,19
Supplier#000026129       ,19
Supplier#000031924       ,19
Supplier#000035402       ,19
Supplier#000041477       ,19
Supplier#000043439       ,19
Supplier#000043549       ,19
Supplier#000043679       ,19
Supplier#000045425       ,19
Supplier#000053903       ,19
Supplier#000061525       ,19
Supplier#000078090       ,19
Supplier#000081140       ,19
Supplier#000088734       ,19
Supplier#000089715       ,19
Supplier#000000241       ,18
Supplier#000002210       ,18
Supplier#000004877       ,18
Supplier#000006178       ,18
Supplier#000008489       ,18
Supplier#000009849       ,18
Supplier#000017702       ,18
Supplier#000018800       ,18
Supplier#000020497       ,18
Supplier#000022667       ,18
Supplier#000023947       ,18
Supplier#000025128       ,18
Supplier#000028858       ,18
Supplier#000037072       ,18
Supplier#000043119       ,18
Supplier#000043653       ,18
Supplier#000043690       ,18
Supplier#000046397       ,18
Supplier#000048104       ,18
Supplier#000057048       ,18
Supplier#000058571       ,18
Supplier#000060932       ,18
Supplier#000061643       ,18
Supplier#000063400       ,18
Supplier#000063690       ,18
Supplier#000065350       ,18
Supplier#000069546       ,18
Supplier#000072594       ,18
Supplier#000072632       ,18
Supplier#000073331       ,18
Supplier#000079859       ,18
Supplier#000080866       ,18
Supplier#000080983       ,18
Supplier#000088391       ,18
Supplier#000094258       ,18
Supplier#000094263       ,18
Supplier#000000245       ,17
Supplier#000000303       ,17
Supplier#000002246       ,17
Supplier#000002790       ,17
Supplier#000005079       ,17
Supplier#000013502       ,17
Supplier#000013887       ,17
Supplier#000015575       ,17
Supplier#000019023       ,17
Supplier#000019954       ,17
Supplier#000027607       ,17
Supplier#000027908       ,17
Supplier#000028116       ,17
Supplier#000031050       ,17
Supplier#000036965       ,17
Supplier#000046169       ,17
Supplier#000047446       ,17
Supplier#000048673       ,17
Supplier#000051939       ,17
Supplier#000051963       ,17
Supplier#000052852       ,17
Supplier#000053981       ,17
Supplier#000059092       ,17
Supplier#000060905       ,17
Supplier#000061658       ,17
Supplier#000062135       ,17
Supplier#000062338       ,17
Supplier#000064566       ,17
Supplier#000066046       ,17
Supplier#000068128       ,17
Supplier#000071897       ,17
Supplier#000083452       ,17
Supplier#000083582       ,17
Supplier#000085055       ,17
Supplier#000086295       ,17
Supplier#000086488       ,17
Time: 10660.979 ms (00:10.661)
s_name,numwait
Supplier#000056097       ,22
Supplier#000075327       ,22
Supplier#000025189       ,21
Supplier#000049437       ,21
Supplier#000053452       ,21
Supplier#000058413       ,21
Supplier#000001598       ,20
Supplier#000028558       ,20
Supplier#000034882       ,20
Supplier#000039849       ,20
Supplier#000044599       ,20
Supplier#000098375       ,20
Supplier#000016634       ,19
Supplier#000017725       ,19
Supplier#000026129       ,19
Supplier#000031924       ,19
Supplier#000035402       ,19
Supplier#000041477       ,19
Supplier#000043439       ,19
Supplier#000043549       ,19
Supplier#000043679       ,19
Supplier#000045425       ,19
Supplier#000053903       ,19
Supplier#000061525       ,19
Supplier#000078090       ,19
Supplier#000081140       ,19
Supplier#000088734       ,19
Supplier#000089715       ,19
Supplier#000000241       ,18
Supplier#000002210       ,18
Supplier#000004877       ,18
Supplier#000006178       ,18
Supplier#000008489       ,18
Supplier#000009849       ,18
Supplier#000017702       ,18
Supplier#000018800       ,18
Supplier#000020497       ,18
Supplier#000022667       ,18
Supplier#000023947       ,18
Supplier#000025128       ,18
Supplier#000028858       ,18
Supplier#000037072       ,18
Supplier#000043119       ,18
Supplier#000043653       ,18
Supplier#000043690       ,18
Supplier#000046397       ,18
Supplier#000048104       ,18
Supplier#000057048       ,18
Supplier#000058571       ,18
Supplier#000060932       ,18
Supplier#000061643       ,18
Supplier#000063400       ,18
Supplier#000063690       ,18
Supplier#000065350       ,18
Supplier#000069546       ,18
Supplier#000072594       ,18
Supplier#000072632       ,18
Supplier#000073331       ,18
Supplier#000079859       ,18
Supplier#000080866       ,18
Supplier#000080983       ,18
Supplier#000088391       ,18
Supplier#000094258       ,18
Supplier#000094263       ,18
Supplier#000000245       ,17
Supplier#000000303       ,17
Supplier#000002246       ,17
Supplier#000002790       ,17
Supplier#000005079       ,17
Supplier#000013502       ,17
Supplier#000013887       ,17
Supplier#000015575       ,17
Supplier#000019023       ,17
Supplier#000019954       ,17
Supplier#000027607       ,17
Supplier#000027908       ,17
Supplier#000028116       ,17
Supplier#000031050       ,17
Supplier#000036965       ,17
Supplier#000046169       ,17
Supplier#000047446       ,17
Supplier#000048673       ,17
Supplier#000051939       ,17
Supplier#000051963       ,17
Supplier#000052852       ,17
Supplier#000053981       ,17
Supplier#000059092       ,17
Supplier#000060905       ,17
Supplier#000061658       ,17
Supplier#000062135       ,17
Supplier#000062338       ,17
Supplier#000064566       ,17
Supplier#000066046       ,17
Supplier#000068128       ,17
Supplier#000071897       ,17
Supplier#000083452       ,17
Supplier#000083582       ,17
Supplier#000085055       ,17
Supplier#000086295       ,17
Supplier#000086488       ,17
Time: 10503.220 ms (00:10.503)
QUERY PLAN
Limit  (cost=821779.98..821779.98 rows=1 width=34)
  ->  Sort  (cost=821779.98..821779.98 rows=1 width=34)
"        Sort Key: (count(*)) DESC, supplier.s_name"
        ->  GroupAggregate  (cost=821779.95..821779.97 rows=1 width=34)
              Group Key: supplier.s_name
              ->  Sort  (cost=821779.95..821779.95 rows=1 width=26)
                    Sort Key: supplier.s_name
                    ->  Nested Loop  (cost=2.13..821779.94 rows=1 width=26)
                          ->  Nested Loop Semi Join  (cost=1.69..821779.42 rows=1 width=34)
                                ->  Nested Loop Anti Join  (cost=1.13..821775.69 rows=1 width=34)
                                      ->  Nested Loop  (cost=0.56..249891.18 rows=787226 width=34)
                                            ->  Nested Loop  (cost=0.00..4467.31 rows=4000 width=30)
                                                  Join Filter: (supplier.s_nationkey = nation.n_nationkey)
                                                  ->  Seq Scan on nation  (cost=0.00..1.31 rows=1 width=4)
                                                        Filter: (n_name = 'INDIA'::bpchar)
                                                  ->  Seq Scan on supplier  (cost=0.00..3216.00 rows=100000 width=34)
                                            ->  Index Scan using lineitem_l_suppkey_idx on lineitem l1  (cost=0.56..59.39 rows=197 width=8)
                                                  Index Cond: (l_suppkey = supplier.s_suppkey)
                                                  Filter: (l_receiptdate > l_commitdate)
                                      ->  Index Scan using lineitem_l_orderkey_idx on lineitem l3  (cost=0.56..4.07 rows=48 width=8)
                                            Index Cond: (l_orderkey = l1.l_orderkey)
                                            Filter: ((l_receiptdate > l_commitdate) AND (l_suppkey <> l1.l_suppkey))
                                ->  Index Scan using lineitem_l_orderkey_idx on lineitem l2  (cost=0.56..3.71 rows=145 width=8)
                                      Index Cond: (l_orderkey = l1.l_orderkey)
                                      Filter: (l_suppkey <> l1.l_suppkey)
                          ->  Index Scan using pk_orders on orders  (cost=0.43..0.52 rows=1 width=4)
                                Index Cond: (o_orderkey = l1.l_orderkey)
                                Filter: (o_orderstatus = 'F'::bpchar)
Time: 2.508 ms
Timing is off.
secs,cov
10.6800453665,0.008130518906337378
