s_name	numwait
Supplier#000056097	22
Supplier#000075327	22
Supplier#000025189	21
Supplier#000049437	21
Supplier#000053452	21
Supplier#000058413	21
Supplier#000001598	20
Supplier#000028558	20
Supplier#000034882	20
Supplier#000039849	20
Supplier#000044599	20
Supplier#000098375	20
Supplier#000016634	19
Supplier#000017725	19
Supplier#000026129	19
Supplier#000031924	19
Supplier#000035402	19
Supplier#000041477	19
Supplier#000043439	19
Supplier#000043549	19
Supplier#000043679	19
Supplier#000045425	19
Supplier#000053903	19
Supplier#000061525	19
Supplier#000078090	19
Supplier#000081140	19
Supplier#000088734	19
Supplier#000089715	19
Supplier#000000241	18
Supplier#000002210	18
Supplier#000004877	18
Supplier#000006178	18
Supplier#000008489	18
Supplier#000009849	18
Supplier#000017702	18
Supplier#000018800	18
Supplier#000020497	18
Supplier#000022667	18
Supplier#000023947	18
Supplier#000025128	18
Supplier#000028858	18
Supplier#000037072	18
Supplier#000043119	18
Supplier#000043653	18
Supplier#000043690	18
Supplier#000046397	18
Supplier#000048104	18
Supplier#000057048	18
Supplier#000058571	18
Supplier#000060932	18
Supplier#000061643	18
Supplier#000063400	18
Supplier#000063690	18
Supplier#000065350	18
Supplier#000069546	18
Supplier#000072594	18
Supplier#000072632	18
Supplier#000073331	18
Supplier#000079859	18
Supplier#000080866	18
Supplier#000080983	18
Supplier#000088391	18
Supplier#000094258	18
Supplier#000094263	18
Supplier#000000245	17
Supplier#000000303	17
Supplier#000002246	17
Supplier#000002790	17
Supplier#000005079	17
Supplier#000013502	17
Supplier#000013887	17
Supplier#000015575	17
Supplier#000019023	17
Supplier#000019954	17
Supplier#000027607	17
Supplier#000027908	17
Supplier#000028116	17
Supplier#000031050	17
Supplier#000036965	17
Supplier#000046169	17
Supplier#000047446	17
Supplier#000048673	17
Supplier#000051939	17
Supplier#000051963	17
Supplier#000052852	17
Supplier#000053981	17
Supplier#000059092	17
Supplier#000060905	17
Supplier#000061658	17
Supplier#000062135	17
Supplier#000062338	17
Supplier#000064566	17
Supplier#000066046	17
Supplier#000068128	17
Supplier#000071897	17
Supplier#000083452	17
Supplier#000083582	17
Supplier#000085055	17
Supplier#000086295	17
Supplier#000086488	17
s_name	numwait
Supplier#000056097	22
Supplier#000075327	22
Supplier#000025189	21
Supplier#000049437	21
Supplier#000053452	21
Supplier#000058413	21
Supplier#000001598	20
Supplier#000028558	20
Supplier#000034882	20
Supplier#000039849	20
Supplier#000044599	20
Supplier#000098375	20
Supplier#000016634	19
Supplier#000017725	19
Supplier#000026129	19
Supplier#000031924	19
Supplier#000035402	19
Supplier#000041477	19
Supplier#000043439	19
Supplier#000043549	19
Supplier#000043679	19
Supplier#000045425	19
Supplier#000053903	19
Supplier#000061525	19
Supplier#000078090	19
Supplier#000081140	19
Supplier#000088734	19
Supplier#000089715	19
Supplier#000000241	18
Supplier#000002210	18
Supplier#000004877	18
Supplier#000006178	18
Supplier#000008489	18
Supplier#000009849	18
Supplier#000017702	18
Supplier#000018800	18
Supplier#000020497	18
Supplier#000022667	18
Supplier#000023947	18
Supplier#000025128	18
Supplier#000028858	18
Supplier#000037072	18
Supplier#000043119	18
Supplier#000043653	18
Supplier#000043690	18
Supplier#000046397	18
Supplier#000048104	18
Supplier#000057048	18
Supplier#000058571	18
Supplier#000060932	18
Supplier#000061643	18
Supplier#000063400	18
Supplier#000063690	18
Supplier#000065350	18
Supplier#000069546	18
Supplier#000072594	18
Supplier#000072632	18
Supplier#000073331	18
Supplier#000079859	18
Supplier#000080866	18
Supplier#000080983	18
Supplier#000088391	18
Supplier#000094258	18
Supplier#000094263	18
Supplier#000000245	17
Supplier#000000303	17
Supplier#000002246	17
Supplier#000002790	17
Supplier#000005079	17
Supplier#000013502	17
Supplier#000013887	17
Supplier#000015575	17
Supplier#000019023	17
Supplier#000019954	17
Supplier#000027607	17
Supplier#000027908	17
Supplier#000028116	17
Supplier#000031050	17
Supplier#000036965	17
Supplier#000046169	17
Supplier#000047446	17
Supplier#000048673	17
Supplier#000051939	17
Supplier#000051963	17
Supplier#000052852	17
Supplier#000053981	17
Supplier#000059092	17
Supplier#000060905	17
Supplier#000061658	17
Supplier#000062135	17
Supplier#000062338	17
Supplier#000064566	17
Supplier#000066046	17
Supplier#000068128	17
Supplier#000071897	17
Supplier#000083452	17
Supplier#000083582	17
Supplier#000085055	17
Supplier#000086295	17
Supplier#000086488	17
s_name	numwait
Supplier#000056097	22
Supplier#000075327	22
Supplier#000025189	21
Supplier#000049437	21
Supplier#000053452	21
Supplier#000058413	21
Supplier#000001598	20
Supplier#000028558	20
Supplier#000034882	20
Supplier#000039849	20
Supplier#000044599	20
Supplier#000098375	20
Supplier#000016634	19
Supplier#000017725	19
Supplier#000026129	19
Supplier#000031924	19
Supplier#000035402	19
Supplier#000041477	19
Supplier#000043439	19
Supplier#000043549	19
Supplier#000043679	19
Supplier#000045425	19
Supplier#000053903	19
Supplier#000061525	19
Supplier#000078090	19
Supplier#000081140	19
Supplier#000088734	19
Supplier#000089715	19
Supplier#000000241	18
Supplier#000002210	18
Supplier#000004877	18
Supplier#000006178	18
Supplier#000008489	18
Supplier#000009849	18
Supplier#000017702	18
Supplier#000018800	18
Supplier#000020497	18
Supplier#000022667	18
Supplier#000023947	18
Supplier#000025128	18
Supplier#000028858	18
Supplier#000037072	18
Supplier#000043119	18
Supplier#000043653	18
Supplier#000043690	18
Supplier#000046397	18
Supplier#000048104	18
Supplier#000057048	18
Supplier#000058571	18
Supplier#000060932	18
Supplier#000061643	18
Supplier#000063400	18
Supplier#000063690	18
Supplier#000065350	18
Supplier#000069546	18
Supplier#000072594	18
Supplier#000072632	18
Supplier#000073331	18
Supplier#000079859	18
Supplier#000080866	18
Supplier#000080983	18
Supplier#000088391	18
Supplier#000094258	18
Supplier#000094263	18
Supplier#000000245	17
Supplier#000000303	17
Supplier#000002246	17
Supplier#000002790	17
Supplier#000005079	17
Supplier#000013502	17
Supplier#000013887	17
Supplier#000015575	17
Supplier#000019023	17
Supplier#000019954	17
Supplier#000027607	17
Supplier#000027908	17
Supplier#000028116	17
Supplier#000031050	17
Supplier#000036965	17
Supplier#000046169	17
Supplier#000047446	17
Supplier#000048673	17
Supplier#000051939	17
Supplier#000051963	17
Supplier#000052852	17
Supplier#000053981	17
Supplier#000059092	17
Supplier#000060905	17
Supplier#000061658	17
Supplier#000062135	17
Supplier#000062338	17
Supplier#000064566	17
Supplier#000066046	17
Supplier#000068128	17
Supplier#000071897	17
Supplier#000083452	17
Supplier#000083582	17
Supplier#000085055	17
Supplier#000086295	17
Supplier#000086488	17
s_name	numwait
Supplier#000056097	22
Supplier#000075327	22
Supplier#000025189	21
Supplier#000049437	21
Supplier#000053452	21
Supplier#000058413	21
Supplier#000001598	20
Supplier#000028558	20
Supplier#000034882	20
Supplier#000039849	20
Supplier#000044599	20
Supplier#000098375	20
Supplier#000016634	19
Supplier#000017725	19
Supplier#000026129	19
Supplier#000031924	19
Supplier#000035402	19
Supplier#000041477	19
Supplier#000043439	19
Supplier#000043549	19
Supplier#000043679	19
Supplier#000045425	19
Supplier#000053903	19
Supplier#000061525	19
Supplier#000078090	19
Supplier#000081140	19
Supplier#000088734	19
Supplier#000089715	19
Supplier#000000241	18
Supplier#000002210	18
Supplier#000004877	18
Supplier#000006178	18
Supplier#000008489	18
Supplier#000009849	18
Supplier#000017702	18
Supplier#000018800	18
Supplier#000020497	18
Supplier#000022667	18
Supplier#000023947	18
Supplier#000025128	18
Supplier#000028858	18
Supplier#000037072	18
Supplier#000043119	18
Supplier#000043653	18
Supplier#000043690	18
Supplier#000046397	18
Supplier#000048104	18
Supplier#000057048	18
Supplier#000058571	18
Supplier#000060932	18
Supplier#000061643	18
Supplier#000063400	18
Supplier#000063690	18
Supplier#000065350	18
Supplier#000069546	18
Supplier#000072594	18
Supplier#000072632	18
Supplier#000073331	18
Supplier#000079859	18
Supplier#000080866	18
Supplier#000080983	18
Supplier#000088391	18
Supplier#000094258	18
Supplier#000094263	18
Supplier#000000245	17
Supplier#000000303	17
Supplier#000002246	17
Supplier#000002790	17
Supplier#000005079	17
Supplier#000013502	17
Supplier#000013887	17
Supplier#000015575	17
Supplier#000019023	17
Supplier#000019954	17
Supplier#000027607	17
Supplier#000027908	17
Supplier#000028116	17
Supplier#000031050	17
Supplier#000036965	17
Supplier#000046169	17
Supplier#000047446	17
Supplier#000048673	17
Supplier#000051939	17
Supplier#000051963	17
Supplier#000052852	17
Supplier#000053981	17
Supplier#000059092	17
Supplier#000060905	17
Supplier#000061658	17
Supplier#000062135	17
Supplier#000062338	17
Supplier#000064566	17
Supplier#000066046	17
Supplier#000068128	17
Supplier#000071897	17
Supplier#000083452	17
Supplier#000083582	17
Supplier#000085055	17
Supplier#000086295	17
Supplier#000086488	17
s_name	numwait
Supplier#000056097	22
Supplier#000075327	22
Supplier#000025189	21
Supplier#000049437	21
Supplier#000053452	21
Supplier#000058413	21
Supplier#000001598	20
Supplier#000028558	20
Supplier#000034882	20
Supplier#000039849	20
Supplier#000044599	20
Supplier#000098375	20
Supplier#000016634	19
Supplier#000017725	19
Supplier#000026129	19
Supplier#000031924	19
Supplier#000035402	19
Supplier#000041477	19
Supplier#000043439	19
Supplier#000043549	19
Supplier#000043679	19
Supplier#000045425	19
Supplier#000053903	19
Supplier#000061525	19
Supplier#000078090	19
Supplier#000081140	19
Supplier#000088734	19
Supplier#000089715	19
Supplier#000000241	18
Supplier#000002210	18
Supplier#000004877	18
Supplier#000006178	18
Supplier#000008489	18
Supplier#000009849	18
Supplier#000017702	18
Supplier#000018800	18
Supplier#000020497	18
Supplier#000022667	18
Supplier#000023947	18
Supplier#000025128	18
Supplier#000028858	18
Supplier#000037072	18
Supplier#000043119	18
Supplier#000043653	18
Supplier#000043690	18
Supplier#000046397	18
Supplier#000048104	18
Supplier#000057048	18
Supplier#000058571	18
Supplier#000060932	18
Supplier#000061643	18
Supplier#000063400	18
Supplier#000063690	18
Supplier#000065350	18
Supplier#000069546	18
Supplier#000072594	18
Supplier#000072632	18
Supplier#000073331	18
Supplier#000079859	18
Supplier#000080866	18
Supplier#000080983	18
Supplier#000088391	18
Supplier#000094258	18
Supplier#000094263	18
Supplier#000000245	17
Supplier#000000303	17
Supplier#000002246	17
Supplier#000002790	17
Supplier#000005079	17
Supplier#000013502	17
Supplier#000013887	17
Supplier#000015575	17
Supplier#000019023	17
Supplier#000019954	17
Supplier#000027607	17
Supplier#000027908	17
Supplier#000028116	17
Supplier#000031050	17
Supplier#000036965	17
Supplier#000046169	17
Supplier#000047446	17
Supplier#000048673	17
Supplier#000051939	17
Supplier#000051963	17
Supplier#000052852	17
Supplier#000053981	17
Supplier#000059092	17
Supplier#000060905	17
Supplier#000061658	17
Supplier#000062135	17
Supplier#000062338	17
Supplier#000064566	17
Supplier#000066046	17
Supplier#000068128	17
Supplier#000071897	17
Supplier#000083452	17
Supplier#000083582	17
Supplier#000085055	17
Supplier#000086295	17
Supplier#000086488	17
s_name	numwait
Supplier#000056097	22
Supplier#000075327	22
Supplier#000025189	21
Supplier#000049437	21
Supplier#000053452	21
Supplier#000058413	21
Supplier#000001598	20
Supplier#000028558	20
Supplier#000034882	20
Supplier#000039849	20
Supplier#000044599	20
Supplier#000098375	20
Supplier#000016634	19
Supplier#000017725	19
Supplier#000026129	19
Supplier#000031924	19
Supplier#000035402	19
Supplier#000041477	19
Supplier#000043439	19
Supplier#000043549	19
Supplier#000043679	19
Supplier#000045425	19
Supplier#000053903	19
Supplier#000061525	19
Supplier#000078090	19
Supplier#000081140	19
Supplier#000088734	19
Supplier#000089715	19
Supplier#000000241	18
Supplier#000002210	18
Supplier#000004877	18
Supplier#000006178	18
Supplier#000008489	18
Supplier#000009849	18
Supplier#000017702	18
Supplier#000018800	18
Supplier#000020497	18
Supplier#000022667	18
Supplier#000023947	18
Supplier#000025128	18
Supplier#000028858	18
Supplier#000037072	18
Supplier#000043119	18
Supplier#000043653	18
Supplier#000043690	18
Supplier#000046397	18
Supplier#000048104	18
Supplier#000057048	18
Supplier#000058571	18
Supplier#000060932	18
Supplier#000061643	18
Supplier#000063400	18
Supplier#000063690	18
Supplier#000065350	18
Supplier#000069546	18
Supplier#000072594	18
Supplier#000072632	18
Supplier#000073331	18
Supplier#000079859	18
Supplier#000080866	18
Supplier#000080983	18
Supplier#000088391	18
Supplier#000094258	18
Supplier#000094263	18
Supplier#000000245	17
Supplier#000000303	17
Supplier#000002246	17
Supplier#000002790	17
Supplier#000005079	17
Supplier#000013502	17
Supplier#000013887	17
Supplier#000015575	17
Supplier#000019023	17
Supplier#000019954	17
Supplier#000027607	17
Supplier#000027908	17
Supplier#000028116	17
Supplier#000031050	17
Supplier#000036965	17
Supplier#000046169	17
Supplier#000047446	17
Supplier#000048673	17
Supplier#000051939	17
Supplier#000051963	17
Supplier#000052852	17
Supplier#000053981	17
Supplier#000059092	17
Supplier#000060905	17
Supplier#000061658	17
Supplier#000062135	17
Supplier#000062338	17
Supplier#000064566	17
Supplier#000066046	17
Supplier#000068128	17
Supplier#000071897	17
Supplier#000083452	17
Supplier#000083582	17
Supplier#000085055	17
Supplier#000086295	17
Supplier#000086488	17
s_name	numwait
Supplier#000056097	22
Supplier#000075327	22
Supplier#000025189	21
Supplier#000049437	21
Supplier#000053452	21
Supplier#000058413	21
Supplier#000001598	20
Supplier#000028558	20
Supplier#000034882	20
Supplier#000039849	20
Supplier#000044599	20
Supplier#000098375	20
Supplier#000016634	19
Supplier#000017725	19
Supplier#000026129	19
Supplier#000031924	19
Supplier#000035402	19
Supplier#000041477	19
Supplier#000043439	19
Supplier#000043549	19
Supplier#000043679	19
Supplier#000045425	19
Supplier#000053903	19
Supplier#000061525	19
Supplier#000078090	19
Supplier#000081140	19
Supplier#000088734	19
Supplier#000089715	19
Supplier#000000241	18
Supplier#000002210	18
Supplier#000004877	18
Supplier#000006178	18
Supplier#000008489	18
Supplier#000009849	18
Supplier#000017702	18
Supplier#000018800	18
Supplier#000020497	18
Supplier#000022667	18
Supplier#000023947	18
Supplier#000025128	18
Supplier#000028858	18
Supplier#000037072	18
Supplier#000043119	18
Supplier#000043653	18
Supplier#000043690	18
Supplier#000046397	18
Supplier#000048104	18
Supplier#000057048	18
Supplier#000058571	18
Supplier#000060932	18
Supplier#000061643	18
Supplier#000063400	18
Supplier#000063690	18
Supplier#000065350	18
Supplier#000069546	18
Supplier#000072594	18
Supplier#000072632	18
Supplier#000073331	18
Supplier#000079859	18
Supplier#000080866	18
Supplier#000080983	18
Supplier#000088391	18
Supplier#000094258	18
Supplier#000094263	18
Supplier#000000245	17
Supplier#000000303	17
Supplier#000002246	17
Supplier#000002790	17
Supplier#000005079	17
Supplier#000013502	17
Supplier#000013887	17
Supplier#000015575	17
Supplier#000019023	17
Supplier#000019954	17
Supplier#000027607	17
Supplier#000027908	17
Supplier#000028116	17
Supplier#000031050	17
Supplier#000036965	17
Supplier#000046169	17
Supplier#000047446	17
Supplier#000048673	17
Supplier#000051939	17
Supplier#000051963	17
Supplier#000052852	17
Supplier#000053981	17
Supplier#000059092	17
Supplier#000060905	17
Supplier#000061658	17
Supplier#000062135	17
Supplier#000062338	17
Supplier#000064566	17
Supplier#000066046	17
Supplier#000068128	17
Supplier#000071897	17
Supplier#000083452	17
Supplier#000083582	17
Supplier#000085055	17
Supplier#000086295	17
Supplier#000086488	17
s_name	numwait
Supplier#000056097	22
Supplier#000075327	22
Supplier#000025189	21
Supplier#000049437	21
Supplier#000053452	21
Supplier#000058413	21
Supplier#000001598	20
Supplier#000028558	20
Supplier#000034882	20
Supplier#000039849	20
Supplier#000044599	20
Supplier#000098375	20
Supplier#000016634	19
Supplier#000017725	19
Supplier#000026129	19
Supplier#000031924	19
Supplier#000035402	19
Supplier#000041477	19
Supplier#000043439	19
Supplier#000043549	19
Supplier#000043679	19
Supplier#000045425	19
Supplier#000053903	19
Supplier#000061525	19
Supplier#000078090	19
Supplier#000081140	19
Supplier#000088734	19
Supplier#000089715	19
Supplier#000000241	18
Supplier#000002210	18
Supplier#000004877	18
Supplier#000006178	18
Supplier#000008489	18
Supplier#000009849	18
Supplier#000017702	18
Supplier#000018800	18
Supplier#000020497	18
Supplier#000022667	18
Supplier#000023947	18
Supplier#000025128	18
Supplier#000028858	18
Supplier#000037072	18
Supplier#000043119	18
Supplier#000043653	18
Supplier#000043690	18
Supplier#000046397	18
Supplier#000048104	18
Supplier#000057048	18
Supplier#000058571	18
Supplier#000060932	18
Supplier#000061643	18
Supplier#000063400	18
Supplier#000063690	18
Supplier#000065350	18
Supplier#000069546	18
Supplier#000072594	18
Supplier#000072632	18
Supplier#000073331	18
Supplier#000079859	18
Supplier#000080866	18
Supplier#000080983	18
Supplier#000088391	18
Supplier#000094258	18
Supplier#000094263	18
Supplier#000000245	17
Supplier#000000303	17
Supplier#000002246	17
Supplier#000002790	17
Supplier#000005079	17
Supplier#000013502	17
Supplier#000013887	17
Supplier#000015575	17
Supplier#000019023	17
Supplier#000019954	17
Supplier#000027607	17
Supplier#000027908	17
Supplier#000028116	17
Supplier#000031050	17
Supplier#000036965	17
Supplier#000046169	17
Supplier#000047446	17
Supplier#000048673	17
Supplier#000051939	17
Supplier#000051963	17
Supplier#000052852	17
Supplier#000053981	17
Supplier#000059092	17
Supplier#000060905	17
Supplier#000061658	17
Supplier#000062135	17
Supplier#000062338	17
Supplier#000064566	17
Supplier#000066046	17
Supplier#000068128	17
Supplier#000071897	17
Supplier#000083452	17
Supplier#000083582	17
Supplier#000085055	17
Supplier#000086295	17
Supplier#000086488	17
s_name	numwait
Supplier#000056097	22
Supplier#000075327	22
Supplier#000025189	21
Supplier#000049437	21
Supplier#000053452	21
Supplier#000058413	21
Supplier#000001598	20
Supplier#000028558	20
Supplier#000034882	20
Supplier#000039849	20
Supplier#000044599	20
Supplier#000098375	20
Supplier#000016634	19
Supplier#000017725	19
Supplier#000026129	19
Supplier#000031924	19
Supplier#000035402	19
Supplier#000041477	19
Supplier#000043439	19
Supplier#000043549	19
Supplier#000043679	19
Supplier#000045425	19
Supplier#000053903	19
Supplier#000061525	19
Supplier#000078090	19
Supplier#000081140	19
Supplier#000088734	19
Supplier#000089715	19
Supplier#000000241	18
Supplier#000002210	18
Supplier#000004877	18
Supplier#000006178	18
Supplier#000008489	18
Supplier#000009849	18
Supplier#000017702	18
Supplier#000018800	18
Supplier#000020497	18
Supplier#000022667	18
Supplier#000023947	18
Supplier#000025128	18
Supplier#000028858	18
Supplier#000037072	18
Supplier#000043119	18
Supplier#000043653	18
Supplier#000043690	18
Supplier#000046397	18
Supplier#000048104	18
Supplier#000057048	18
Supplier#000058571	18
Supplier#000060932	18
Supplier#000061643	18
Supplier#000063400	18
Supplier#000063690	18
Supplier#000065350	18
Supplier#000069546	18
Supplier#000072594	18
Supplier#000072632	18
Supplier#000073331	18
Supplier#000079859	18
Supplier#000080866	18
Supplier#000080983	18
Supplier#000088391	18
Supplier#000094258	18
Supplier#000094263	18
Supplier#000000245	17
Supplier#000000303	17
Supplier#000002246	17
Supplier#000002790	17
Supplier#000005079	17
Supplier#000013502	17
Supplier#000013887	17
Supplier#000015575	17
Supplier#000019023	17
Supplier#000019954	17
Supplier#000027607	17
Supplier#000027908	17
Supplier#000028116	17
Supplier#000031050	17
Supplier#000036965	17
Supplier#000046169	17
Supplier#000047446	17
Supplier#000048673	17
Supplier#000051939	17
Supplier#000051963	17
Supplier#000052852	17
Supplier#000053981	17
Supplier#000059092	17
Supplier#000060905	17
Supplier#000061658	17
Supplier#000062135	17
Supplier#000062338	17
Supplier#000064566	17
Supplier#000066046	17
Supplier#000068128	17
Supplier#000071897	17
Supplier#000083452	17
Supplier#000083582	17
Supplier#000085055	17
Supplier#000086295	17
Supplier#000086488	17
s_name	numwait
Supplier#000056097	22
Supplier#000075327	22
Supplier#000025189	21
Supplier#000049437	21
Supplier#000053452	21
Supplier#000058413	21
Supplier#000001598	20
Supplier#000028558	20
Supplier#000034882	20
Supplier#000039849	20
Supplier#000044599	20
Supplier#000098375	20
Supplier#000016634	19
Supplier#000017725	19
Supplier#000026129	19
Supplier#000031924	19
Supplier#000035402	19
Supplier#000041477	19
Supplier#000043439	19
Supplier#000043549	19
Supplier#000043679	19
Supplier#000045425	19
Supplier#000053903	19
Supplier#000061525	19
Supplier#000078090	19
Supplier#000081140	19
Supplier#000088734	19
Supplier#000089715	19
Supplier#000000241	18
Supplier#000002210	18
Supplier#000004877	18
Supplier#000006178	18
Supplier#000008489	18
Supplier#000009849	18
Supplier#000017702	18
Supplier#000018800	18
Supplier#000020497	18
Supplier#000022667	18
Supplier#000023947	18
Supplier#000025128	18
Supplier#000028858	18
Supplier#000037072	18
Supplier#000043119	18
Supplier#000043653	18
Supplier#000043690	18
Supplier#000046397	18
Supplier#000048104	18
Supplier#000057048	18
Supplier#000058571	18
Supplier#000060932	18
Supplier#000061643	18
Supplier#000063400	18
Supplier#000063690	18
Supplier#000065350	18
Supplier#000069546	18
Supplier#000072594	18
Supplier#000072632	18
Supplier#000073331	18
Supplier#000079859	18
Supplier#000080866	18
Supplier#000080983	18
Supplier#000088391	18
Supplier#000094258	18
Supplier#000094263	18
Supplier#000000245	17
Supplier#000000303	17
Supplier#000002246	17
Supplier#000002790	17
Supplier#000005079	17
Supplier#000013502	17
Supplier#000013887	17
Supplier#000015575	17
Supplier#000019023	17
Supplier#000019954	17
Supplier#000027607	17
Supplier#000027908	17
Supplier#000028116	17
Supplier#000031050	17
Supplier#000036965	17
Supplier#000046169	17
Supplier#000047446	17
Supplier#000048673	17
Supplier#000051939	17
Supplier#000051963	17
Supplier#000052852	17
Supplier#000053981	17
Supplier#000059092	17
Supplier#000060905	17
Supplier#000061658	17
Supplier#000062135	17
Supplier#000062338	17
Supplier#000064566	17
Supplier#000066046	17
Supplier#000068128	17
Supplier#000071897	17
Supplier#000083452	17
Supplier#000083582	17
Supplier#000085055	17
Supplier#000086295	17
Supplier#000086488	17
id	select_type	table	type	possible_keys	key	key_len	ref	rows	Extra
1	PRIMARY	nation	ALL	PRIMARY	NULL	NULL	NULL	25	Using where; Using temporary; Using filesort
1	PRIMARY	supplier	ref	PRIMARY,i_s_nationkey	i_s_nationkey	5	dbt3_sf10.nation.n_nationkey	2000	
1	PRIMARY	l1	ref	PRIMARY,i_l_orderkey,i_l_suppkey	i_l_suppkey	5	dbt3_sf10.supplier.s_suppkey	299	Using where
1	PRIMARY	orders	eq_ref	PRIMARY	PRIMARY	4	dbt3_sf10.l1.l_orderkey	1	Using where
1	PRIMARY	l2	ref	PRIMARY,i_l_orderkey	PRIMARY	4	dbt3_sf10.l1.l_orderkey	1	Using where; FirstMatch(orders)
3	DEPENDENT SUBQUERY	l3	ref	PRIMARY,i_l_orderkey	PRIMARY	4	dbt3_sf10.l1.l_orderkey	1	Using where
Variable_name	Value
Last_query_cost	0.000000
t (s)	sql_text
18.805350417	select\n\ts_name,\n\tcount(*) as numwait\nfrom\n\tsupplier,\n\tlineitem l1,\n\torders,\n\tnation\nwhere\n\ts_suppkey = l1.l_suppkey\n\tand o_orderkey = l1.l_orderkey\n\tand o_orderstatus = 'F'\n\tand l1.l_receiptdate > l1.l_commitdate\n\tand exists (\n\t\tselect\n\t\t\t*\n\t\tfrom\n\t\t\tlineitem l2\n\t\twhere\n\t\t\tl2.l_orderkey = l1.l_orderkey\n\t\t\tand l2.l_suppkey <> l1.l_suppkey\n\t)\n\tand not exists (\n\t\tselect\n\t\t\t*\n\t\tfrom\n\t\t\tlineitem l3\n\t\twhere\n\t\t\tl3.l_orderkey = l1.l_orderkey\n\t\t\tand l3.l_suppkey <> l1.l_suppkey\n\t\t\tand l3.l_receiptdate > l3.l_commitdate\n\t)\n\tand s_nationkey = n_nationkey\n\tand n_name = 'INDIA'\ngroup by\n\ts_name\norder by\n\tnumwait desc,\n\ts_name\nLIMIT 100
18.848272532	select\n\ts_name,\n\tcount(*) as numwait\nfrom\n\tsupplier,\n\tlineitem l1,\n\torders,\n\tnation\nwhere\n\ts_suppkey = l1.l_suppkey\n\tand o_orderkey = l1.l_orderkey\n\tand o_orderstatus = 'F'\n\tand l1.l_receiptdate > l1.l_commitdate\n\tand exists (\n\t\tselect\n\t\t\t*\n\t\tfrom\n\t\t\tlineitem l2\n\t\twhere\n\t\t\tl2.l_orderkey = l1.l_orderkey\n\t\t\tand l2.l_suppkey <> l1.l_suppkey\n\t)\n\tand not exists (\n\t\tselect\n\t\t\t*\n\t\tfrom\n\t\t\tlineitem l3\n\t\twhere\n\t\t\tl3.l_orderkey = l1.l_orderkey\n\t\t\tand l3.l_suppkey <> l1.l_suppkey\n\t\t\tand l3.l_receiptdate > l3.l_commitdate\n\t)\n\tand s_nationkey = n_nationkey\n\tand n_name = 'INDIA'\ngroup by\n\ts_name\norder by\n\tnumwait desc,\n\ts_name\nLIMIT 100
18.820237029	select\n\ts_name,\n\tcount(*) as numwait\nfrom\n\tsupplier,\n\tlineitem l1,\n\torders,\n\tnation\nwhere\n\ts_suppkey = l1.l_suppkey\n\tand o_orderkey = l1.l_orderkey\n\tand o_orderstatus = 'F'\n\tand l1.l_receiptdate > l1.l_commitdate\n\tand exists (\n\t\tselect\n\t\t\t*\n\t\tfrom\n\t\t\tlineitem l2\n\t\twhere\n\t\t\tl2.l_orderkey = l1.l_orderkey\n\t\t\tand l2.l_suppkey <> l1.l_suppkey\n\t)\n\tand not exists (\n\t\tselect\n\t\t\t*\n\t\tfrom\n\t\t\tlineitem l3\n\t\twhere\n\t\t\tl3.l_orderkey = l1.l_orderkey\n\t\t\tand l3.l_suppkey <> l1.l_suppkey\n\t\t\tand l3.l_receiptdate > l3.l_commitdate\n\t)\n\tand s_nationkey = n_nationkey\n\tand n_name = 'INDIA'\ngroup by\n\ts_name\norder by\n\tnumwait desc,\n\ts_name\nLIMIT 100
18.781936547	select\n\ts_name,\n\tcount(*) as numwait\nfrom\n\tsupplier,\n\tlineitem l1,\n\torders,\n\tnation\nwhere\n\ts_suppkey = l1.l_suppkey\n\tand o_orderkey = l1.l_orderkey\n\tand o_orderstatus = 'F'\n\tand l1.l_receiptdate > l1.l_commitdate\n\tand exists (\n\t\tselect\n\t\t\t*\n\t\tfrom\n\t\t\tlineitem l2\n\t\twhere\n\t\t\tl2.l_orderkey = l1.l_orderkey\n\t\t\tand l2.l_suppkey <> l1.l_suppkey\n\t)\n\tand not exists (\n\t\tselect\n\t\t\t*\n\t\tfrom\n\t\t\tlineitem l3\n\t\twhere\n\t\t\tl3.l_orderkey = l1.l_orderkey\n\t\t\tand l3.l_suppkey <> l1.l_suppkey\n\t\t\tand l3.l_receiptdate > l3.l_commitdate\n\t)\n\tand s_nationkey = n_nationkey\n\tand n_name = 'INDIA'\ngroup by\n\ts_name\norder by\n\tnumwait desc,\n\ts_name\nLIMIT 100
18.851657609	select\n\ts_name,\n\tcount(*) as numwait\nfrom\n\tsupplier,\n\tlineitem l1,\n\torders,\n\tnation\nwhere\n\ts_suppkey = l1.l_suppkey\n\tand o_orderkey = l1.l_orderkey\n\tand o_orderstatus = 'F'\n\tand l1.l_receiptdate > l1.l_commitdate\n\tand exists (\n\t\tselect\n\t\t\t*\n\t\tfrom\n\t\t\tlineitem l2\n\t\twhere\n\t\t\tl2.l_orderkey = l1.l_orderkey\n\t\t\tand l2.l_suppkey <> l1.l_suppkey\n\t)\n\tand not exists (\n\t\tselect\n\t\t\t*\n\t\tfrom\n\t\t\tlineitem l3\n\t\twhere\n\t\t\tl3.l_orderkey = l1.l_orderkey\n\t\t\tand l3.l_suppkey <> l1.l_suppkey\n\t\t\tand l3.l_receiptdate > l3.l_commitdate\n\t)\n\tand s_nationkey = n_nationkey\n\tand n_name = 'INDIA'\ngroup by\n\ts_name\norder by\n\tnumwait desc,\n\ts_name\nLIMIT 100
18.827441919	select\n\ts_name,\n\tcount(*) as numwait\nfrom\n\tsupplier,\n\tlineitem l1,\n\torders,\n\tnation\nwhere\n\ts_suppkey = l1.l_suppkey\n\tand o_orderkey = l1.l_orderkey\n\tand o_orderstatus = 'F'\n\tand l1.l_receiptdate > l1.l_commitdate\n\tand exists (\n\t\tselect\n\t\t\t*\n\t\tfrom\n\t\t\tlineitem l2\n\t\twhere\n\t\t\tl2.l_orderkey = l1.l_orderkey\n\t\t\tand l2.l_suppkey <> l1.l_suppkey\n\t)\n\tand not exists (\n\t\tselect\n\t\t\t*\n\t\tfrom\n\t\t\tlineitem l3\n\t\twhere\n\t\t\tl3.l_orderkey = l1.l_orderkey\n\t\t\tand l3.l_suppkey <> l1.l_suppkey\n\t\t\tand l3.l_receiptdate > l3.l_commitdate\n\t)\n\tand s_nationkey = n_nationkey\n\tand n_name = 'INDIA'\ngroup by\n\ts_name\norder by\n\tnumwait desc,\n\ts_name\nLIMIT 100
18.841235041	select\n\ts_name,\n\tcount(*) as numwait\nfrom\n\tsupplier,\n\tlineitem l1,\n\torders,\n\tnation\nwhere\n\ts_suppkey = l1.l_suppkey\n\tand o_orderkey = l1.l_orderkey\n\tand o_orderstatus = 'F'\n\tand l1.l_receiptdate > l1.l_commitdate\n\tand exists (\n\t\tselect\n\t\t\t*\n\t\tfrom\n\t\t\tlineitem l2\n\t\twhere\n\t\t\tl2.l_orderkey = l1.l_orderkey\n\t\t\tand l2.l_suppkey <> l1.l_suppkey\n\t)\n\tand not exists (\n\t\tselect\n\t\t\t*\n\t\tfrom\n\t\t\tlineitem l3\n\t\twhere\n\t\t\tl3.l_orderkey = l1.l_orderkey\n\t\t\tand l3.l_suppkey <> l1.l_suppkey\n\t\t\tand l3.l_receiptdate > l3.l_commitdate\n\t)\n\tand s_nationkey = n_nationkey\n\tand n_name = 'INDIA'\ngroup by\n\ts_name\norder by\n\tnumwait desc,\n\ts_name\nLIMIT 100
18.847726404	select\n\ts_name,\n\tcount(*) as numwait\nfrom\n\tsupplier,\n\tlineitem l1,\n\torders,\n\tnation\nwhere\n\ts_suppkey = l1.l_suppkey\n\tand o_orderkey = l1.l_orderkey\n\tand o_orderstatus = 'F'\n\tand l1.l_receiptdate > l1.l_commitdate\n\tand exists (\n\t\tselect\n\t\t\t*\n\t\tfrom\n\t\t\tlineitem l2\n\t\twhere\n\t\t\tl2.l_orderkey = l1.l_orderkey\n\t\t\tand l2.l_suppkey <> l1.l_suppkey\n\t)\n\tand not exists (\n\t\tselect\n\t\t\t*\n\t\tfrom\n\t\t\tlineitem l3\n\t\twhere\n\t\t\tl3.l_orderkey = l1.l_orderkey\n\t\t\tand l3.l_suppkey <> l1.l_suppkey\n\t\t\tand l3.l_receiptdate > l3.l_commitdate\n\t)\n\tand s_nationkey = n_nationkey\n\tand n_name = 'INDIA'\ngroup by\n\ts_name\norder by\n\tnumwait desc,\n\ts_name\nLIMIT 100
avg	CoV
18.8279821872500	0.00122135122805136
