o_orderpriority	order_count
1-URGENT	105186
2-HIGH	104943
3-MEDIUM	105315
4-NOT SPECIFIED	105540
5-LOW	105091
o_orderpriority	order_count
1-URGENT	105186
2-HIGH	104943
3-MEDIUM	105315
4-NOT SPECIFIED	105540
5-LOW	105091
o_orderpriority	order_count
1-URGENT	105186
2-HIGH	104943
3-MEDIUM	105315
4-NOT SPECIFIED	105540
5-LOW	105091
o_orderpriority	order_count
1-URGENT	105186
2-HIGH	104943
3-MEDIUM	105315
4-NOT SPECIFIED	105540
5-LOW	105091
o_orderpriority	order_count
1-URGENT	105186
2-HIGH	104943
3-MEDIUM	105315
4-NOT SPECIFIED	105540
5-LOW	105091
o_orderpriority	order_count
1-URGENT	105186
2-HIGH	104943
3-MEDIUM	105315
4-NOT SPECIFIED	105540
5-LOW	105091
o_orderpriority	order_count
1-URGENT	105186
2-HIGH	104943
3-MEDIUM	105315
4-NOT SPECIFIED	105540
5-LOW	105091
o_orderpriority	order_count
1-URGENT	105186
2-HIGH	104943
3-MEDIUM	105315
4-NOT SPECIFIED	105540
5-LOW	105091
o_orderpriority	order_count
1-URGENT	105186
2-HIGH	104943
3-MEDIUM	105315
4-NOT SPECIFIED	105540
5-LOW	105091
o_orderpriority	order_count
1-URGENT	105186
2-HIGH	104943
3-MEDIUM	105315
4-NOT SPECIFIED	105540
5-LOW	105091
id	select_type	table	type	possible_keys	key	key_len	ref	rows	Extra
1	PRIMARY	orders	range	PRIMARY,i_o_orderdate	i_o_orderdate	4	NULL	1217234	Using index condition; Using temporary; Using filesort
1	PRIMARY	lineitem	ref	PRIMARY,i_l_orderkey	PRIMARY	4	dbt3_sf10.orders.o_orderkey	1	Using where; FirstMatch(orders)
Variable_name	Value
Last_query_cost	4386782.826369
t (s)	sql_text
4.918322928	select\n\to_orderpriority,\n\tcount(*) as order_count\nfrom\n\torders\nwhere\n\to_orderdate >=  '1996-08-01'\n\tand o_orderdate < date_add( '1996-08-01', interval '3' month)\n\tand exists (\n\t\tselect\n\t\t\t*\n\t\tfrom\n\t\t\tlineitem\n\t\twhere\n\t\t\tl_orderkey = o_orderkey\n\t\t\tand l_commitdate < l_receiptdate\n\t)\ngroup by\n\to_orderpriority\norder by\n\to_orderpriority
4.928811860	select\n\to_orderpriority,\n\tcount(*) as order_count\nfrom\n\torders\nwhere\n\to_orderdate >=  '1996-08-01'\n\tand o_orderdate < date_add( '1996-08-01', interval '3' month)\n\tand exists (\n\t\tselect\n\t\t\t*\n\t\tfrom\n\t\t\tlineitem\n\t\twhere\n\t\t\tl_orderkey = o_orderkey\n\t\t\tand l_commitdate < l_receiptdate\n\t)\ngroup by\n\to_orderpriority\norder by\n\to_orderpriority
4.922888003	select\n\to_orderpriority,\n\tcount(*) as order_count\nfrom\n\torders\nwhere\n\to_orderdate >=  '1996-08-01'\n\tand o_orderdate < date_add( '1996-08-01', interval '3' month)\n\tand exists (\n\t\tselect\n\t\t\t*\n\t\tfrom\n\t\t\tlineitem\n\t\twhere\n\t\t\tl_orderkey = o_orderkey\n\t\t\tand l_commitdate < l_receiptdate\n\t)\ngroup by\n\to_orderpriority\norder by\n\to_orderpriority
4.920279485	select\n\to_orderpriority,\n\tcount(*) as order_count\nfrom\n\torders\nwhere\n\to_orderdate >=  '1996-08-01'\n\tand o_orderdate < date_add( '1996-08-01', interval '3' month)\n\tand exists (\n\t\tselect\n\t\t\t*\n\t\tfrom\n\t\t\tlineitem\n\t\twhere\n\t\t\tl_orderkey = o_orderkey\n\t\t\tand l_commitdate < l_receiptdate\n\t)\ngroup by\n\to_orderpriority\norder by\n\to_orderpriority
4.917403442	select\n\to_orderpriority,\n\tcount(*) as order_count\nfrom\n\torders\nwhere\n\to_orderdate >=  '1996-08-01'\n\tand o_orderdate < date_add( '1996-08-01', interval '3' month)\n\tand exists (\n\t\tselect\n\t\t\t*\n\t\tfrom\n\t\t\tlineitem\n\t\twhere\n\t\t\tl_orderkey = o_orderkey\n\t\t\tand l_commitdate < l_receiptdate\n\t)\ngroup by\n\to_orderpriority\norder by\n\to_orderpriority
4.917844416	select\n\to_orderpriority,\n\tcount(*) as order_count\nfrom\n\torders\nwhere\n\to_orderdate >=  '1996-08-01'\n\tand o_orderdate < date_add( '1996-08-01', interval '3' month)\n\tand exists (\n\t\tselect\n\t\t\t*\n\t\tfrom\n\t\t\tlineitem\n\t\twhere\n\t\t\tl_orderkey = o_orderkey\n\t\t\tand l_commitdate < l_receiptdate\n\t)\ngroup by\n\to_orderpriority\norder by\n\to_orderpriority
4.916589690	select\n\to_orderpriority,\n\tcount(*) as order_count\nfrom\n\torders\nwhere\n\to_orderdate >=  '1996-08-01'\n\tand o_orderdate < date_add( '1996-08-01', interval '3' month)\n\tand exists (\n\t\tselect\n\t\t\t*\n\t\tfrom\n\t\t\tlineitem\n\t\twhere\n\t\t\tl_orderkey = o_orderkey\n\t\t\tand l_commitdate < l_receiptdate\n\t)\ngroup by\n\to_orderpriority\norder by\n\to_orderpriority
4.922846454	select\n\to_orderpriority,\n\tcount(*) as order_count\nfrom\n\torders\nwhere\n\to_orderdate >=  '1996-08-01'\n\tand o_orderdate < date_add( '1996-08-01', interval '3' month)\n\tand exists (\n\t\tselect\n\t\t\t*\n\t\tfrom\n\t\t\tlineitem\n\t\twhere\n\t\t\tl_orderkey = o_orderkey\n\t\t\tand l_commitdate < l_receiptdate\n\t)\ngroup by\n\to_orderpriority\norder by\n\to_orderpriority
avg	CoV
4.9206232847500	0.00077683703381705
