c_custkey	c_name	revenue	c_acctbal	n_name	c_address	c_phone	c_comment
361891	Customer#000361891	859221.0378	3273.34	SAUDI ARABIA	wKPyClaA8FXzVmOE7OH68Cn ujxyP	30-105-377-1699	y unusual foxes against the deposits affix slyl
927328	Customer#000927328	788417.4868	9945.26	JAPAN	30q6Amp,lQg	22-271-703-3829	sly final instructions are. slyly pending deposits haggle slyly. final dolphins since the ide
156019	Customer#000156019	784377.8833	7762.50	KENYA	7L26WVLAXK7GbxgSp 0VWF0oGE17	24-935-589-6925	 special pinto beans nag. dolp
1367704	Customer#001367704	782901.1809	4843.02	GERMANY	pzMZxFX37HvdGtN8HxZek4916XA7PlJlTQEi	17-358-626-1768	. blithely final somas nag qui
1116802	Customer#001116802	772560.7705	772.17	JORDAN	JpGQT3IHoogqB3ZMrSrzhBrVFObr	23-199-655-3770	ests. quickly ironic deposits along the special requests a
705604	Customer#000705604	771091.3207	2551.13	ARGENTINA	FmxH89Z2Gz4L9pY6AHfo7U,3	11-760-333-8978	l ideas affix about the slyly final accounts. ideas haggle fur
909427	Customer#000909427	755162.5835	8837.74	IRAN	oJXjfKXPK,8qUUDwWViXC5tMcooD	20-484-919-7055	ilent, regular requests wake slyly regular pinto beans. slyly unusual reque
751294	Customer#000751294	749723.0605	9740.35	UNITED STATES	5F2ineLPS2QGuZh	34-217-742-7285	elets across the sly, special braids ha
871684	Customer#000871684	734706.0411	753.52	VIETNAM	4rySemfILqIalTHd8IZ	31-454-346-5315	es dazzle slyly around the furiously final packages. blithely express deposits sleep 
365548	Customer#000365548	731459.5844	7653.46	KENYA	DoUESYrKsrcAkIoIxLSAQVxDl5qsz6dx2U5qy	24-489-592-4454	sts affix across the blithely regular somas. final, ironic theodolites wake. slyly f
429244	Customer#000429244	719534.0320	1148.09	MOZAMBIQUE	9TNNcsqOeKn9xvoZ	26-611-684-7938	structions along the carefully even packages haggle blithely ironic, final foxes. fluffily final re
982835	Customer#000982835	719438.1757	4991.79	CANADA	InB1m0hn3Z1jMiAxMQf botNW5DR00uNi9w	13-794-134-1531	 slyly at the permanent packages. furiously regular frays use quickly above the bli
102358	Customer#000102358	714638.9729	3564.90	BRAZIL	YpDpv0sP14F5xMUQbkDV,XGcMJypFV6jH	12-941-212-8350	y slyly regular multipliers. furiously regular deposits nag final excuses. slyly special accounts haggle re
900979	Customer#000900979	697926.2232	4520.26	VIETNAM	VY gJFyVr334vFnNps3m70OnyvMwinoLxs	31-252-103-7074	 blithely ironic packages along the quick
561997	Customer#000561997	694195.8878	1490.31	BRAZIL	076tCmrlK96,YzIyn1G0Ov8Pxaclz1,	12-380-327-9302	e fluffily regular accounts. fu
822841	Customer#000822841	693587.8384	9826.34	KENYA	YegKDa24ghUHejhD9GUgL6GNpToTlaKD8bTBZ	24-127-277-1726	 the regular, ironic packages. silent Tiresias wake along the f
561175	Customer#000561175	690760.5344	9044.96	IRAQ	uDGGd4SefaR9q7BwbcAzd6vxWsOj	21-936-920-1049	lly ironic theodolites. furiously final requests wake blithel
424573	Customer#000424573	690444.6800	9065.78	SAUDI ARABIA	ICakyyt,Ltc2xEHkN2yawPD9NOvLZ0	30-117-611-3828	press instructions detect ironic packages. slyly express pinto
1041028	Customer#001041028	689993.1859	2301.61	PERU	NWOaDijlcKcRSIfhBQ n8 gSaS3YuQYa0Qj	27-808-597-3931	ar deposits sleep furiously quickly pending frets. final foxes boost blithely slyly regular requests. bl
444169	Customer#000444169	689830.7828	7157.81	JAPAN	OTQoWkckKTj9IvhbYy8tb	22-237-351-9637	 special instructions are. carefully regula
c_custkey	c_name	revenue	c_acctbal	n_name	c_address	c_phone	c_comment
361891	Customer#000361891	859221.0378	3273.34	SAUDI ARABIA	wKPyClaA8FXzVmOE7OH68Cn ujxyP	30-105-377-1699	y unusual foxes against the deposits affix slyl
927328	Customer#000927328	788417.4868	9945.26	JAPAN	30q6Amp,lQg	22-271-703-3829	sly final instructions are. slyly pending deposits haggle slyly. final dolphins since the ide
156019	Customer#000156019	784377.8833	7762.50	KENYA	7L26WVLAXK7GbxgSp 0VWF0oGE17	24-935-589-6925	 special pinto beans nag. dolp
1367704	Customer#001367704	782901.1809	4843.02	GERMANY	pzMZxFX37HvdGtN8HxZek4916XA7PlJlTQEi	17-358-626-1768	. blithely final somas nag qui
1116802	Customer#001116802	772560.7705	772.17	JORDAN	JpGQT3IHoogqB3ZMrSrzhBrVFObr	23-199-655-3770	ests. quickly ironic deposits along the special requests a
705604	Customer#000705604	771091.3207	2551.13	ARGENTINA	FmxH89Z2Gz4L9pY6AHfo7U,3	11-760-333-8978	l ideas affix about the slyly final accounts. ideas haggle fur
909427	Customer#000909427	755162.5835	8837.74	IRAN	oJXjfKXPK,8qUUDwWViXC5tMcooD	20-484-919-7055	ilent, regular requests wake slyly regular pinto beans. slyly unusual reque
751294	Customer#000751294	749723.0605	9740.35	UNITED STATES	5F2ineLPS2QGuZh	34-217-742-7285	elets across the sly, special braids ha
871684	Customer#000871684	734706.0411	753.52	VIETNAM	4rySemfILqIalTHd8IZ	31-454-346-5315	es dazzle slyly around the furiously final packages. blithely express deposits sleep 
365548	Customer#000365548	731459.5844	7653.46	KENYA	DoUESYrKsrcAkIoIxLSAQVxDl5qsz6dx2U5qy	24-489-592-4454	sts affix across the blithely regular somas. final, ironic theodolites wake. slyly f
429244	Customer#000429244	719534.0320	1148.09	MOZAMBIQUE	9TNNcsqOeKn9xvoZ	26-611-684-7938	structions along the carefully even packages haggle blithely ironic, final foxes. fluffily final re
982835	Customer#000982835	719438.1757	4991.79	CANADA	InB1m0hn3Z1jMiAxMQf botNW5DR00uNi9w	13-794-134-1531	 slyly at the permanent packages. furiously regular frays use quickly above the bli
102358	Customer#000102358	714638.9729	3564.90	BRAZIL	YpDpv0sP14F5xMUQbkDV,XGcMJypFV6jH	12-941-212-8350	y slyly regular multipliers. furiously regular deposits nag final excuses. slyly special accounts haggle re
900979	Customer#000900979	697926.2232	4520.26	VIETNAM	VY gJFyVr334vFnNps3m70OnyvMwinoLxs	31-252-103-7074	 blithely ironic packages along the quick
561997	Customer#000561997	694195.8878	1490.31	BRAZIL	076tCmrlK96,YzIyn1G0Ov8Pxaclz1,	12-380-327-9302	e fluffily regular accounts. fu
822841	Customer#000822841	693587.8384	9826.34	KENYA	YegKDa24ghUHejhD9GUgL6GNpToTlaKD8bTBZ	24-127-277-1726	 the regular, ironic packages. silent Tiresias wake along the f
561175	Customer#000561175	690760.5344	9044.96	IRAQ	uDGGd4SefaR9q7BwbcAzd6vxWsOj	21-936-920-1049	lly ironic theodolites. furiously final requests wake blithel
424573	Customer#000424573	690444.6800	9065.78	SAUDI ARABIA	ICakyyt,Ltc2xEHkN2yawPD9NOvLZ0	30-117-611-3828	press instructions detect ironic packages. slyly express pinto
1041028	Customer#001041028	689993.1859	2301.61	PERU	NWOaDijlcKcRSIfhBQ n8 gSaS3YuQYa0Qj	27-808-597-3931	ar deposits sleep furiously quickly pending frets. final foxes boost blithely slyly regular requests. bl
444169	Customer#000444169	689830.7828	7157.81	JAPAN	OTQoWkckKTj9IvhbYy8tb	22-237-351-9637	 special instructions are. carefully regula
c_custkey	c_name	revenue	c_acctbal	n_name	c_address	c_phone	c_comment
361891	Customer#000361891	859221.0378	3273.34	SAUDI ARABIA	wKPyClaA8FXzVmOE7OH68Cn ujxyP	30-105-377-1699	y unusual foxes against the deposits affix slyl
927328	Customer#000927328	788417.4868	9945.26	JAPAN	30q6Amp,lQg	22-271-703-3829	sly final instructions are. slyly pending deposits haggle slyly. final dolphins since the ide
156019	Customer#000156019	784377.8833	7762.50	KENYA	7L26WVLAXK7GbxgSp 0VWF0oGE17	24-935-589-6925	 special pinto beans nag. dolp
1367704	Customer#001367704	782901.1809	4843.02	GERMANY	pzMZxFX37HvdGtN8HxZek4916XA7PlJlTQEi	17-358-626-1768	. blithely final somas nag qui
1116802	Customer#001116802	772560.7705	772.17	JORDAN	JpGQT3IHoogqB3ZMrSrzhBrVFObr	23-199-655-3770	ests. quickly ironic deposits along the special requests a
705604	Customer#000705604	771091.3207	2551.13	ARGENTINA	FmxH89Z2Gz4L9pY6AHfo7U,3	11-760-333-8978	l ideas affix about the slyly final accounts. ideas haggle fur
909427	Customer#000909427	755162.5835	8837.74	IRAN	oJXjfKXPK,8qUUDwWViXC5tMcooD	20-484-919-7055	ilent, regular requests wake slyly regular pinto beans. slyly unusual reque
751294	Customer#000751294	749723.0605	9740.35	UNITED STATES	5F2ineLPS2QGuZh	34-217-742-7285	elets across the sly, special braids ha
871684	Customer#000871684	734706.0411	753.52	VIETNAM	4rySemfILqIalTHd8IZ	31-454-346-5315	es dazzle slyly around the furiously final packages. blithely express deposits sleep 
365548	Customer#000365548	731459.5844	7653.46	KENYA	DoUESYrKsrcAkIoIxLSAQVxDl5qsz6dx2U5qy	24-489-592-4454	sts affix across the blithely regular somas. final, ironic theodolites wake. slyly f
429244	Customer#000429244	719534.0320	1148.09	MOZAMBIQUE	9TNNcsqOeKn9xvoZ	26-611-684-7938	structions along the carefully even packages haggle blithely ironic, final foxes. fluffily final re
982835	Customer#000982835	719438.1757	4991.79	CANADA	InB1m0hn3Z1jMiAxMQf botNW5DR00uNi9w	13-794-134-1531	 slyly at the permanent packages. furiously regular frays use quickly above the bli
102358	Customer#000102358	714638.9729	3564.90	BRAZIL	YpDpv0sP14F5xMUQbkDV,XGcMJypFV6jH	12-941-212-8350	y slyly regular multipliers. furiously regular deposits nag final excuses. slyly special accounts haggle re
900979	Customer#000900979	697926.2232	4520.26	VIETNAM	VY gJFyVr334vFnNps3m70OnyvMwinoLxs	31-252-103-7074	 blithely ironic packages along the quick
561997	Customer#000561997	694195.8878	1490.31	BRAZIL	076tCmrlK96,YzIyn1G0Ov8Pxaclz1,	12-380-327-9302	e fluffily regular accounts. fu
822841	Customer#000822841	693587.8384	9826.34	KENYA	YegKDa24ghUHejhD9GUgL6GNpToTlaKD8bTBZ	24-127-277-1726	 the regular, ironic packages. silent Tiresias wake along the f
561175	Customer#000561175	690760.5344	9044.96	IRAQ	uDGGd4SefaR9q7BwbcAzd6vxWsOj	21-936-920-1049	lly ironic theodolites. furiously final requests wake blithel
424573	Customer#000424573	690444.6800	9065.78	SAUDI ARABIA	ICakyyt,Ltc2xEHkN2yawPD9NOvLZ0	30-117-611-3828	press instructions detect ironic packages. slyly express pinto
1041028	Customer#001041028	689993.1859	2301.61	PERU	NWOaDijlcKcRSIfhBQ n8 gSaS3YuQYa0Qj	27-808-597-3931	ar deposits sleep furiously quickly pending frets. final foxes boost blithely slyly regular requests. bl
444169	Customer#000444169	689830.7828	7157.81	JAPAN	OTQoWkckKTj9IvhbYy8tb	22-237-351-9637	 special instructions are. carefully regula
c_custkey	c_name	revenue	c_acctbal	n_name	c_address	c_phone	c_comment
361891	Customer#000361891	859221.0378	3273.34	SAUDI ARABIA	wKPyClaA8FXzVmOE7OH68Cn ujxyP	30-105-377-1699	y unusual foxes against the deposits affix slyl
927328	Customer#000927328	788417.4868	9945.26	JAPAN	30q6Amp,lQg	22-271-703-3829	sly final instructions are. slyly pending deposits haggle slyly. final dolphins since the ide
156019	Customer#000156019	784377.8833	7762.50	KENYA	7L26WVLAXK7GbxgSp 0VWF0oGE17	24-935-589-6925	 special pinto beans nag. dolp
1367704	Customer#001367704	782901.1809	4843.02	GERMANY	pzMZxFX37HvdGtN8HxZek4916XA7PlJlTQEi	17-358-626-1768	. blithely final somas nag qui
1116802	Customer#001116802	772560.7705	772.17	JORDAN	JpGQT3IHoogqB3ZMrSrzhBrVFObr	23-199-655-3770	ests. quickly ironic deposits along the special requests a
705604	Customer#000705604	771091.3207	2551.13	ARGENTINA	FmxH89Z2Gz4L9pY6AHfo7U,3	11-760-333-8978	l ideas affix about the slyly final accounts. ideas haggle fur
909427	Customer#000909427	755162.5835	8837.74	IRAN	oJXjfKXPK,8qUUDwWViXC5tMcooD	20-484-919-7055	ilent, regular requests wake slyly regular pinto beans. slyly unusual reque
751294	Customer#000751294	749723.0605	9740.35	UNITED STATES	5F2ineLPS2QGuZh	34-217-742-7285	elets across the sly, special braids ha
871684	Customer#000871684	734706.0411	753.52	VIETNAM	4rySemfILqIalTHd8IZ	31-454-346-5315	es dazzle slyly around the furiously final packages. blithely express deposits sleep 
365548	Customer#000365548	731459.5844	7653.46	KENYA	DoUESYrKsrcAkIoIxLSAQVxDl5qsz6dx2U5qy	24-489-592-4454	sts affix across the blithely regular somas. final, ironic theodolites wake. slyly f
429244	Customer#000429244	719534.0320	1148.09	MOZAMBIQUE	9TNNcsqOeKn9xvoZ	26-611-684-7938	structions along the carefully even packages haggle blithely ironic, final foxes. fluffily final re
982835	Customer#000982835	719438.1757	4991.79	CANADA	InB1m0hn3Z1jMiAxMQf botNW5DR00uNi9w	13-794-134-1531	 slyly at the permanent packages. furiously regular frays use quickly above the bli
102358	Customer#000102358	714638.9729	3564.90	BRAZIL	YpDpv0sP14F5xMUQbkDV,XGcMJypFV6jH	12-941-212-8350	y slyly regular multipliers. furiously regular deposits nag final excuses. slyly special accounts haggle re
900979	Customer#000900979	697926.2232	4520.26	VIETNAM	VY gJFyVr334vFnNps3m70OnyvMwinoLxs	31-252-103-7074	 blithely ironic packages along the quick
561997	Customer#000561997	694195.8878	1490.31	BRAZIL	076tCmrlK96,YzIyn1G0Ov8Pxaclz1,	12-380-327-9302	e fluffily regular accounts. fu
822841	Customer#000822841	693587.8384	9826.34	KENYA	YegKDa24ghUHejhD9GUgL6GNpToTlaKD8bTBZ	24-127-277-1726	 the regular, ironic packages. silent Tiresias wake along the f
561175	Customer#000561175	690760.5344	9044.96	IRAQ	uDGGd4SefaR9q7BwbcAzd6vxWsOj	21-936-920-1049	lly ironic theodolites. furiously final requests wake blithel
424573	Customer#000424573	690444.6800	9065.78	SAUDI ARABIA	ICakyyt,Ltc2xEHkN2yawPD9NOvLZ0	30-117-611-3828	press instructions detect ironic packages. slyly express pinto
1041028	Customer#001041028	689993.1859	2301.61	PERU	NWOaDijlcKcRSIfhBQ n8 gSaS3YuQYa0Qj	27-808-597-3931	ar deposits sleep furiously quickly pending frets. final foxes boost blithely slyly regular requests. bl
444169	Customer#000444169	689830.7828	7157.81	JAPAN	OTQoWkckKTj9IvhbYy8tb	22-237-351-9637	 special instructions are. carefully regula
c_custkey	c_name	revenue	c_acctbal	n_name	c_address	c_phone	c_comment
361891	Customer#000361891	859221.0378	3273.34	SAUDI ARABIA	wKPyClaA8FXzVmOE7OH68Cn ujxyP	30-105-377-1699	y unusual foxes against the deposits affix slyl
927328	Customer#000927328	788417.4868	9945.26	JAPAN	30q6Amp,lQg	22-271-703-3829	sly final instructions are. slyly pending deposits haggle slyly. final dolphins since the ide
156019	Customer#000156019	784377.8833	7762.50	KENYA	7L26WVLAXK7GbxgSp 0VWF0oGE17	24-935-589-6925	 special pinto beans nag. dolp
1367704	Customer#001367704	782901.1809	4843.02	GERMANY	pzMZxFX37HvdGtN8HxZek4916XA7PlJlTQEi	17-358-626-1768	. blithely final somas nag qui
1116802	Customer#001116802	772560.7705	772.17	JORDAN	JpGQT3IHoogqB3ZMrSrzhBrVFObr	23-199-655-3770	ests. quickly ironic deposits along the special requests a
705604	Customer#000705604	771091.3207	2551.13	ARGENTINA	FmxH89Z2Gz4L9pY6AHfo7U,3	11-760-333-8978	l ideas affix about the slyly final accounts. ideas haggle fur
909427	Customer#000909427	755162.5835	8837.74	IRAN	oJXjfKXPK,8qUUDwWViXC5tMcooD	20-484-919-7055	ilent, regular requests wake slyly regular pinto beans. slyly unusual reque
751294	Customer#000751294	749723.0605	9740.35	UNITED STATES	5F2ineLPS2QGuZh	34-217-742-7285	elets across the sly, special braids ha
871684	Customer#000871684	734706.0411	753.52	VIETNAM	4rySemfILqIalTHd8IZ	31-454-346-5315	es dazzle slyly around the furiously final packages. blithely express deposits sleep 
365548	Customer#000365548	731459.5844	7653.46	KENYA	DoUESYrKsrcAkIoIxLSAQVxDl5qsz6dx2U5qy	24-489-592-4454	sts affix across the blithely regular somas. final, ironic theodolites wake. slyly f
429244	Customer#000429244	719534.0320	1148.09	MOZAMBIQUE	9TNNcsqOeKn9xvoZ	26-611-684-7938	structions along the carefully even packages haggle blithely ironic, final foxes. fluffily final re
982835	Customer#000982835	719438.1757	4991.79	CANADA	InB1m0hn3Z1jMiAxMQf botNW5DR00uNi9w	13-794-134-1531	 slyly at the permanent packages. furiously regular frays use quickly above the bli
102358	Customer#000102358	714638.9729	3564.90	BRAZIL	YpDpv0sP14F5xMUQbkDV,XGcMJypFV6jH	12-941-212-8350	y slyly regular multipliers. furiously regular deposits nag final excuses. slyly special accounts haggle re
900979	Customer#000900979	697926.2232	4520.26	VIETNAM	VY gJFyVr334vFnNps3m70OnyvMwinoLxs	31-252-103-7074	 blithely ironic packages along the quick
561997	Customer#000561997	694195.8878	1490.31	BRAZIL	076tCmrlK96,YzIyn1G0Ov8Pxaclz1,	12-380-327-9302	e fluffily regular accounts. fu
822841	Customer#000822841	693587.8384	9826.34	KENYA	YegKDa24ghUHejhD9GUgL6GNpToTlaKD8bTBZ	24-127-277-1726	 the regular, ironic packages. silent Tiresias wake along the f
561175	Customer#000561175	690760.5344	9044.96	IRAQ	uDGGd4SefaR9q7BwbcAzd6vxWsOj	21-936-920-1049	lly ironic theodolites. furiously final requests wake blithel
424573	Customer#000424573	690444.6800	9065.78	SAUDI ARABIA	ICakyyt,Ltc2xEHkN2yawPD9NOvLZ0	30-117-611-3828	press instructions detect ironic packages. slyly express pinto
1041028	Customer#001041028	689993.1859	2301.61	PERU	NWOaDijlcKcRSIfhBQ n8 gSaS3YuQYa0Qj	27-808-597-3931	ar deposits sleep furiously quickly pending frets. final foxes boost blithely slyly regular requests. bl
444169	Customer#000444169	689830.7828	7157.81	JAPAN	OTQoWkckKTj9IvhbYy8tb	22-237-351-9637	 special instructions are. carefully regula
c_custkey	c_name	revenue	c_acctbal	n_name	c_address	c_phone	c_comment
361891	Customer#000361891	859221.0378	3273.34	SAUDI ARABIA	wKPyClaA8FXzVmOE7OH68Cn ujxyP	30-105-377-1699	y unusual foxes against the deposits affix slyl
927328	Customer#000927328	788417.4868	9945.26	JAPAN	30q6Amp,lQg	22-271-703-3829	sly final instructions are. slyly pending deposits haggle slyly. final dolphins since the ide
156019	Customer#000156019	784377.8833	7762.50	KENYA	7L26WVLAXK7GbxgSp 0VWF0oGE17	24-935-589-6925	 special pinto beans nag. dolp
1367704	Customer#001367704	782901.1809	4843.02	GERMANY	pzMZxFX37HvdGtN8HxZek4916XA7PlJlTQEi	17-358-626-1768	. blithely final somas nag qui
1116802	Customer#001116802	772560.7705	772.17	JORDAN	JpGQT3IHoogqB3ZMrSrzhBrVFObr	23-199-655-3770	ests. quickly ironic deposits along the special requests a
705604	Customer#000705604	771091.3207	2551.13	ARGENTINA	FmxH89Z2Gz4L9pY6AHfo7U,3	11-760-333-8978	l ideas affix about the slyly final accounts. ideas haggle fur
909427	Customer#000909427	755162.5835	8837.74	IRAN	oJXjfKXPK,8qUUDwWViXC5tMcooD	20-484-919-7055	ilent, regular requests wake slyly regular pinto beans. slyly unusual reque
751294	Customer#000751294	749723.0605	9740.35	UNITED STATES	5F2ineLPS2QGuZh	34-217-742-7285	elets across the sly, special braids ha
871684	Customer#000871684	734706.0411	753.52	VIETNAM	4rySemfILqIalTHd8IZ	31-454-346-5315	es dazzle slyly around the furiously final packages. blithely express deposits sleep 
365548	Customer#000365548	731459.5844	7653.46	KENYA	DoUESYrKsrcAkIoIxLSAQVxDl5qsz6dx2U5qy	24-489-592-4454	sts affix across the blithely regular somas. final, ironic theodolites wake. slyly f
429244	Customer#000429244	719534.0320	1148.09	MOZAMBIQUE	9TNNcsqOeKn9xvoZ	26-611-684-7938	structions along the carefully even packages haggle blithely ironic, final foxes. fluffily final re
982835	Customer#000982835	719438.1757	4991.79	CANADA	InB1m0hn3Z1jMiAxMQf botNW5DR00uNi9w	13-794-134-1531	 slyly at the permanent packages. furiously regular frays use quickly above the bli
102358	Customer#000102358	714638.9729	3564.90	BRAZIL	YpDpv0sP14F5xMUQbkDV,XGcMJypFV6jH	12-941-212-8350	y slyly regular multipliers. furiously regular deposits nag final excuses. slyly special accounts haggle re
900979	Customer#000900979	697926.2232	4520.26	VIETNAM	VY gJFyVr334vFnNps3m70OnyvMwinoLxs	31-252-103-7074	 blithely ironic packages along the quick
561997	Customer#000561997	694195.8878	1490.31	BRAZIL	076tCmrlK96,YzIyn1G0Ov8Pxaclz1,	12-380-327-9302	e fluffily regular accounts. fu
822841	Customer#000822841	693587.8384	9826.34	KENYA	YegKDa24ghUHejhD9GUgL6GNpToTlaKD8bTBZ	24-127-277-1726	 the regular, ironic packages. silent Tiresias wake along the f
561175	Customer#000561175	690760.5344	9044.96	IRAQ	uDGGd4SefaR9q7BwbcAzd6vxWsOj	21-936-920-1049	lly ironic theodolites. furiously final requests wake blithel
424573	Customer#000424573	690444.6800	9065.78	SAUDI ARABIA	ICakyyt,Ltc2xEHkN2yawPD9NOvLZ0	30-117-611-3828	press instructions detect ironic packages. slyly express pinto
1041028	Customer#001041028	689993.1859	2301.61	PERU	NWOaDijlcKcRSIfhBQ n8 gSaS3YuQYa0Qj	27-808-597-3931	ar deposits sleep furiously quickly pending frets. final foxes boost blithely slyly regular requests. bl
444169	Customer#000444169	689830.7828	7157.81	JAPAN	OTQoWkckKTj9IvhbYy8tb	22-237-351-9637	 special instructions are. carefully regula
c_custkey	c_name	revenue	c_acctbal	n_name	c_address	c_phone	c_comment
361891	Customer#000361891	859221.0378	3273.34	SAUDI ARABIA	wKPyClaA8FXzVmOE7OH68Cn ujxyP	30-105-377-1699	y unusual foxes against the deposits affix slyl
927328	Customer#000927328	788417.4868	9945.26	JAPAN	30q6Amp,lQg	22-271-703-3829	sly final instructions are. slyly pending deposits haggle slyly. final dolphins since the ide
156019	Customer#000156019	784377.8833	7762.50	KENYA	7L26WVLAXK7GbxgSp 0VWF0oGE17	24-935-589-6925	 special pinto beans nag. dolp
1367704	Customer#001367704	782901.1809	4843.02	GERMANY	pzMZxFX37HvdGtN8HxZek4916XA7PlJlTQEi	17-358-626-1768	. blithely final somas nag qui
1116802	Customer#001116802	772560.7705	772.17	JORDAN	JpGQT3IHoogqB3ZMrSrzhBrVFObr	23-199-655-3770	ests. quickly ironic deposits along the special requests a
705604	Customer#000705604	771091.3207	2551.13	ARGENTINA	FmxH89Z2Gz4L9pY6AHfo7U,3	11-760-333-8978	l ideas affix about the slyly final accounts. ideas haggle fur
909427	Customer#000909427	755162.5835	8837.74	IRAN	oJXjfKXPK,8qUUDwWViXC5tMcooD	20-484-919-7055	ilent, regular requests wake slyly regular pinto beans. slyly unusual reque
751294	Customer#000751294	749723.0605	9740.35	UNITED STATES	5F2ineLPS2QGuZh	34-217-742-7285	elets across the sly, special braids ha
871684	Customer#000871684	734706.0411	753.52	VIETNAM	4rySemfILqIalTHd8IZ	31-454-346-5315	es dazzle slyly around the furiously final packages. blithely express deposits sleep 
365548	Customer#000365548	731459.5844	7653.46	KENYA	DoUESYrKsrcAkIoIxLSAQVxDl5qsz6dx2U5qy	24-489-592-4454	sts affix across the blithely regular somas. final, ironic theodolites wake. slyly f
429244	Customer#000429244	719534.0320	1148.09	MOZAMBIQUE	9TNNcsqOeKn9xvoZ	26-611-684-7938	structions along the carefully even packages haggle blithely ironic, final foxes. fluffily final re
982835	Customer#000982835	719438.1757	4991.79	CANADA	InB1m0hn3Z1jMiAxMQf botNW5DR00uNi9w	13-794-134-1531	 slyly at the permanent packages. furiously regular frays use quickly above the bli
102358	Customer#000102358	714638.9729	3564.90	BRAZIL	YpDpv0sP14F5xMUQbkDV,XGcMJypFV6jH	12-941-212-8350	y slyly regular multipliers. furiously regular deposits nag final excuses. slyly special accounts haggle re
900979	Customer#000900979	697926.2232	4520.26	VIETNAM	VY gJFyVr334vFnNps3m70OnyvMwinoLxs	31-252-103-7074	 blithely ironic packages along the quick
561997	Customer#000561997	694195.8878	1490.31	BRAZIL	076tCmrlK96,YzIyn1G0Ov8Pxaclz1,	12-380-327-9302	e fluffily regular accounts. fu
822841	Customer#000822841	693587.8384	9826.34	KENYA	YegKDa24ghUHejhD9GUgL6GNpToTlaKD8bTBZ	24-127-277-1726	 the regular, ironic packages. silent Tiresias wake along the f
561175	Customer#000561175	690760.5344	9044.96	IRAQ	uDGGd4SefaR9q7BwbcAzd6vxWsOj	21-936-920-1049	lly ironic theodolites. furiously final requests wake blithel
424573	Customer#000424573	690444.6800	9065.78	SAUDI ARABIA	ICakyyt,Ltc2xEHkN2yawPD9NOvLZ0	30-117-611-3828	press instructions detect ironic packages. slyly express pinto
1041028	Customer#001041028	689993.1859	2301.61	PERU	NWOaDijlcKcRSIfhBQ n8 gSaS3YuQYa0Qj	27-808-597-3931	ar deposits sleep furiously quickly pending frets. final foxes boost blithely slyly regular requests. bl
444169	Customer#000444169	689830.7828	7157.81	JAPAN	OTQoWkckKTj9IvhbYy8tb	22-237-351-9637	 special instructions are. carefully regula
c_custkey	c_name	revenue	c_acctbal	n_name	c_address	c_phone	c_comment
361891	Customer#000361891	859221.0378	3273.34	SAUDI ARABIA	wKPyClaA8FXzVmOE7OH68Cn ujxyP	30-105-377-1699	y unusual foxes against the deposits affix slyl
927328	Customer#000927328	788417.4868	9945.26	JAPAN	30q6Amp,lQg	22-271-703-3829	sly final instructions are. slyly pending deposits haggle slyly. final dolphins since the ide
156019	Customer#000156019	784377.8833	7762.50	KENYA	7L26WVLAXK7GbxgSp 0VWF0oGE17	24-935-589-6925	 special pinto beans nag. dolp
1367704	Customer#001367704	782901.1809	4843.02	GERMANY	pzMZxFX37HvdGtN8HxZek4916XA7PlJlTQEi	17-358-626-1768	. blithely final somas nag qui
1116802	Customer#001116802	772560.7705	772.17	JORDAN	JpGQT3IHoogqB3ZMrSrzhBrVFObr	23-199-655-3770	ests. quickly ironic deposits along the special requests a
705604	Customer#000705604	771091.3207	2551.13	ARGENTINA	FmxH89Z2Gz4L9pY6AHfo7U,3	11-760-333-8978	l ideas affix about the slyly final accounts. ideas haggle fur
909427	Customer#000909427	755162.5835	8837.74	IRAN	oJXjfKXPK,8qUUDwWViXC5tMcooD	20-484-919-7055	ilent, regular requests wake slyly regular pinto beans. slyly unusual reque
751294	Customer#000751294	749723.0605	9740.35	UNITED STATES	5F2ineLPS2QGuZh	34-217-742-7285	elets across the sly, special braids ha
871684	Customer#000871684	734706.0411	753.52	VIETNAM	4rySemfILqIalTHd8IZ	31-454-346-5315	es dazzle slyly around the furiously final packages. blithely express deposits sleep 
365548	Customer#000365548	731459.5844	7653.46	KENYA	DoUESYrKsrcAkIoIxLSAQVxDl5qsz6dx2U5qy	24-489-592-4454	sts affix across the blithely regular somas. final, ironic theodolites wake. slyly f
429244	Customer#000429244	719534.0320	1148.09	MOZAMBIQUE	9TNNcsqOeKn9xvoZ	26-611-684-7938	structions along the carefully even packages haggle blithely ironic, final foxes. fluffily final re
982835	Customer#000982835	719438.1757	4991.79	CANADA	InB1m0hn3Z1jMiAxMQf botNW5DR00uNi9w	13-794-134-1531	 slyly at the permanent packages. furiously regular frays use quickly above the bli
102358	Customer#000102358	714638.9729	3564.90	BRAZIL	YpDpv0sP14F5xMUQbkDV,XGcMJypFV6jH	12-941-212-8350	y slyly regular multipliers. furiously regular deposits nag final excuses. slyly special accounts haggle re
900979	Customer#000900979	697926.2232	4520.26	VIETNAM	VY gJFyVr334vFnNps3m70OnyvMwinoLxs	31-252-103-7074	 blithely ironic packages along the quick
561997	Customer#000561997	694195.8878	1490.31	BRAZIL	076tCmrlK96,YzIyn1G0Ov8Pxaclz1,	12-380-327-9302	e fluffily regular accounts. fu
822841	Customer#000822841	693587.8384	9826.34	KENYA	YegKDa24ghUHejhD9GUgL6GNpToTlaKD8bTBZ	24-127-277-1726	 the regular, ironic packages. silent Tiresias wake along the f
561175	Customer#000561175	690760.5344	9044.96	IRAQ	uDGGd4SefaR9q7BwbcAzd6vxWsOj	21-936-920-1049	lly ironic theodolites. furiously final requests wake blithel
424573	Customer#000424573	690444.6800	9065.78	SAUDI ARABIA	ICakyyt,Ltc2xEHkN2yawPD9NOvLZ0	30-117-611-3828	press instructions detect ironic packages. slyly express pinto
1041028	Customer#001041028	689993.1859	2301.61	PERU	NWOaDijlcKcRSIfhBQ n8 gSaS3YuQYa0Qj	27-808-597-3931	ar deposits sleep furiously quickly pending frets. final foxes boost blithely slyly regular requests. bl
444169	Customer#000444169	689830.7828	7157.81	JAPAN	OTQoWkckKTj9IvhbYy8tb	22-237-351-9637	 special instructions are. carefully regula
c_custkey	c_name	revenue	c_acctbal	n_name	c_address	c_phone	c_comment
361891	Customer#000361891	859221.0378	3273.34	SAUDI ARABIA	wKPyClaA8FXzVmOE7OH68Cn ujxyP	30-105-377-1699	y unusual foxes against the deposits affix slyl
927328	Customer#000927328	788417.4868	9945.26	JAPAN	30q6Amp,lQg	22-271-703-3829	sly final instructions are. slyly pending deposits haggle slyly. final dolphins since the ide
156019	Customer#000156019	784377.8833	7762.50	KENYA	7L26WVLAXK7GbxgSp 0VWF0oGE17	24-935-589-6925	 special pinto beans nag. dolp
1367704	Customer#001367704	782901.1809	4843.02	GERMANY	pzMZxFX37HvdGtN8HxZek4916XA7PlJlTQEi	17-358-626-1768	. blithely final somas nag qui
1116802	Customer#001116802	772560.7705	772.17	JORDAN	JpGQT3IHoogqB3ZMrSrzhBrVFObr	23-199-655-3770	ests. quickly ironic deposits along the special requests a
705604	Customer#000705604	771091.3207	2551.13	ARGENTINA	FmxH89Z2Gz4L9pY6AHfo7U,3	11-760-333-8978	l ideas affix about the slyly final accounts. ideas haggle fur
909427	Customer#000909427	755162.5835	8837.74	IRAN	oJXjfKXPK,8qUUDwWViXC5tMcooD	20-484-919-7055	ilent, regular requests wake slyly regular pinto beans. slyly unusual reque
751294	Customer#000751294	749723.0605	9740.35	UNITED STATES	5F2ineLPS2QGuZh	34-217-742-7285	elets across the sly, special braids ha
871684	Customer#000871684	734706.0411	753.52	VIETNAM	4rySemfILqIalTHd8IZ	31-454-346-5315	es dazzle slyly around the furiously final packages. blithely express deposits sleep 
365548	Customer#000365548	731459.5844	7653.46	KENYA	DoUESYrKsrcAkIoIxLSAQVxDl5qsz6dx2U5qy	24-489-592-4454	sts affix across the blithely regular somas. final, ironic theodolites wake. slyly f
429244	Customer#000429244	719534.0320	1148.09	MOZAMBIQUE	9TNNcsqOeKn9xvoZ	26-611-684-7938	structions along the carefully even packages haggle blithely ironic, final foxes. fluffily final re
982835	Customer#000982835	719438.1757	4991.79	CANADA	InB1m0hn3Z1jMiAxMQf botNW5DR00uNi9w	13-794-134-1531	 slyly at the permanent packages. furiously regular frays use quickly above the bli
102358	Customer#000102358	714638.9729	3564.90	BRAZIL	YpDpv0sP14F5xMUQbkDV,XGcMJypFV6jH	12-941-212-8350	y slyly regular multipliers. furiously regular deposits nag final excuses. slyly special accounts haggle re
900979	Customer#000900979	697926.2232	4520.26	VIETNAM	VY gJFyVr334vFnNps3m70OnyvMwinoLxs	31-252-103-7074	 blithely ironic packages along the quick
561997	Customer#000561997	694195.8878	1490.31	BRAZIL	076tCmrlK96,YzIyn1G0Ov8Pxaclz1,	12-380-327-9302	e fluffily regular accounts. fu
822841	Customer#000822841	693587.8384	9826.34	KENYA	YegKDa24ghUHejhD9GUgL6GNpToTlaKD8bTBZ	24-127-277-1726	 the regular, ironic packages. silent Tiresias wake along the f
561175	Customer#000561175	690760.5344	9044.96	IRAQ	uDGGd4SefaR9q7BwbcAzd6vxWsOj	21-936-920-1049	lly ironic theodolites. furiously final requests wake blithel
424573	Customer#000424573	690444.6800	9065.78	SAUDI ARABIA	ICakyyt,Ltc2xEHkN2yawPD9NOvLZ0	30-117-611-3828	press instructions detect ironic packages. slyly express pinto
1041028	Customer#001041028	689993.1859	2301.61	PERU	NWOaDijlcKcRSIfhBQ n8 gSaS3YuQYa0Qj	27-808-597-3931	ar deposits sleep furiously quickly pending frets. final foxes boost blithely slyly regular requests. bl
444169	Customer#000444169	689830.7828	7157.81	JAPAN	OTQoWkckKTj9IvhbYy8tb	22-237-351-9637	 special instructions are. carefully regula
c_custkey	c_name	revenue	c_acctbal	n_name	c_address	c_phone	c_comment
361891	Customer#000361891	859221.0378	3273.34	SAUDI ARABIA	wKPyClaA8FXzVmOE7OH68Cn ujxyP	30-105-377-1699	y unusual foxes against the deposits affix slyl
927328	Customer#000927328	788417.4868	9945.26	JAPAN	30q6Amp,lQg	22-271-703-3829	sly final instructions are. slyly pending deposits haggle slyly. final dolphins since the ide
156019	Customer#000156019	784377.8833	7762.50	KENYA	7L26WVLAXK7GbxgSp 0VWF0oGE17	24-935-589-6925	 special pinto beans nag. dolp
1367704	Customer#001367704	782901.1809	4843.02	GERMANY	pzMZxFX37HvdGtN8HxZek4916XA7PlJlTQEi	17-358-626-1768	. blithely final somas nag qui
1116802	Customer#001116802	772560.7705	772.17	JORDAN	JpGQT3IHoogqB3ZMrSrzhBrVFObr	23-199-655-3770	ests. quickly ironic deposits along the special requests a
705604	Customer#000705604	771091.3207	2551.13	ARGENTINA	FmxH89Z2Gz4L9pY6AHfo7U,3	11-760-333-8978	l ideas affix about the slyly final accounts. ideas haggle fur
909427	Customer#000909427	755162.5835	8837.74	IRAN	oJXjfKXPK,8qUUDwWViXC5tMcooD	20-484-919-7055	ilent, regular requests wake slyly regular pinto beans. slyly unusual reque
751294	Customer#000751294	749723.0605	9740.35	UNITED STATES	5F2ineLPS2QGuZh	34-217-742-7285	elets across the sly, special braids ha
871684	Customer#000871684	734706.0411	753.52	VIETNAM	4rySemfILqIalTHd8IZ	31-454-346-5315	es dazzle slyly around the furiously final packages. blithely express deposits sleep 
365548	Customer#000365548	731459.5844	7653.46	KENYA	DoUESYrKsrcAkIoIxLSAQVxDl5qsz6dx2U5qy	24-489-592-4454	sts affix across the blithely regular somas. final, ironic theodolites wake. slyly f
429244	Customer#000429244	719534.0320	1148.09	MOZAMBIQUE	9TNNcsqOeKn9xvoZ	26-611-684-7938	structions along the carefully even packages haggle blithely ironic, final foxes. fluffily final re
982835	Customer#000982835	719438.1757	4991.79	CANADA	InB1m0hn3Z1jMiAxMQf botNW5DR00uNi9w	13-794-134-1531	 slyly at the permanent packages. furiously regular frays use quickly above the bli
102358	Customer#000102358	714638.9729	3564.90	BRAZIL	YpDpv0sP14F5xMUQbkDV,XGcMJypFV6jH	12-941-212-8350	y slyly regular multipliers. furiously regular deposits nag final excuses. slyly special accounts haggle re
900979	Customer#000900979	697926.2232	4520.26	VIETNAM	VY gJFyVr334vFnNps3m70OnyvMwinoLxs	31-252-103-7074	 blithely ironic packages along the quick
561997	Customer#000561997	694195.8878	1490.31	BRAZIL	076tCmrlK96,YzIyn1G0Ov8Pxaclz1,	12-380-327-9302	e fluffily regular accounts. fu
822841	Customer#000822841	693587.8384	9826.34	KENYA	YegKDa24ghUHejhD9GUgL6GNpToTlaKD8bTBZ	24-127-277-1726	 the regular, ironic packages. silent Tiresias wake along the f
561175	Customer#000561175	690760.5344	9044.96	IRAQ	uDGGd4SefaR9q7BwbcAzd6vxWsOj	21-936-920-1049	lly ironic theodolites. furiously final requests wake blithel
424573	Customer#000424573	690444.6800	9065.78	SAUDI ARABIA	ICakyyt,Ltc2xEHkN2yawPD9NOvLZ0	30-117-611-3828	press instructions detect ironic packages. slyly express pinto
1041028	Customer#001041028	689993.1859	2301.61	PERU	NWOaDijlcKcRSIfhBQ n8 gSaS3YuQYa0Qj	27-808-597-3931	ar deposits sleep furiously quickly pending frets. final foxes boost blithely slyly regular requests. bl
444169	Customer#000444169	689830.7828	7157.81	JAPAN	OTQoWkckKTj9IvhbYy8tb	22-237-351-9637	 special instructions are. carefully regula
id	select_type	table	type	possible_keys	key	key_len	ref	rows	Extra
1	SIMPLE	orders	range	PRIMARY,i_o_custkey,i_o_orderdate	i_o_orderdate	4	NULL	1116410	Using index condition; Using where; Using temporary; Using filesort
1	SIMPLE	customer	eq_ref	PRIMARY,i_c_nationkey	PRIMARY	4	dbt3_sf10.orders.o_custkey	1	Using where
1	SIMPLE	nation	eq_ref	PRIMARY	PRIMARY	4	dbt3_sf10.customer.c_nationkey	1	
1	SIMPLE	lineitem	ref	PRIMARY,i_l_orderkey	PRIMARY	4	dbt3_sf10.orders.o_orderkey	1	Using where
Variable_name	Value
Last_query_cost	5586398.222833
t (s)	sql_text
26.197381875	select\n\tc_custkey,\n\tc_name,\n\tsum(l_extendedprice * (1 - l_discount)) as revenue,\n\tc_acctbal,\n\tn_name,\n\tc_address,\n\tc_phone,\n\tc_comment\nfrom\n\tcustomer,\n\torders,\n\tlineitem,\n\tnation\nwhere\n\tc_custkey = o_custkey\n\tand l_orderkey = o_orderkey\n\tand o_orderdate >= '1993-11-01'\n\tand o_orderdate < date_add( '1993-11-01' ,interval '3' month)\n\tand l_returnflag = 'R'\n\tand c_nationkey = n_nationkey\ngroup by\n\tc_custkey,\n\tc_name,\n\tc_acctbal,\n\tc_phone,\n\tn_name,\n\tc_address,\n\tc_comment\norder by\n\trevenue desc\nLIMIT 20
26.191369033	select\n\tc_custkey,\n\tc_name,\n\tsum(l_extendedprice * (1 - l_discount)) as revenue,\n\tc_acctbal,\n\tn_name,\n\tc_address,\n\tc_phone,\n\tc_comment\nfrom\n\tcustomer,\n\torders,\n\tlineitem,\n\tnation\nwhere\n\tc_custkey = o_custkey\n\tand l_orderkey = o_orderkey\n\tand o_orderdate >= '1993-11-01'\n\tand o_orderdate < date_add( '1993-11-01' ,interval '3' month)\n\tand l_returnflag = 'R'\n\tand c_nationkey = n_nationkey\ngroup by\n\tc_custkey,\n\tc_name,\n\tc_acctbal,\n\tc_phone,\n\tn_name,\n\tc_address,\n\tc_comment\norder by\n\trevenue desc\nLIMIT 20
26.254318873	select\n\tc_custkey,\n\tc_name,\n\tsum(l_extendedprice * (1 - l_discount)) as revenue,\n\tc_acctbal,\n\tn_name,\n\tc_address,\n\tc_phone,\n\tc_comment\nfrom\n\tcustomer,\n\torders,\n\tlineitem,\n\tnation\nwhere\n\tc_custkey = o_custkey\n\tand l_orderkey = o_orderkey\n\tand o_orderdate >= '1993-11-01'\n\tand o_orderdate < date_add( '1993-11-01' ,interval '3' month)\n\tand l_returnflag = 'R'\n\tand c_nationkey = n_nationkey\ngroup by\n\tc_custkey,\n\tc_name,\n\tc_acctbal,\n\tc_phone,\n\tn_name,\n\tc_address,\n\tc_comment\norder by\n\trevenue desc\nLIMIT 20
26.192539567	select\n\tc_custkey,\n\tc_name,\n\tsum(l_extendedprice * (1 - l_discount)) as revenue,\n\tc_acctbal,\n\tn_name,\n\tc_address,\n\tc_phone,\n\tc_comment\nfrom\n\tcustomer,\n\torders,\n\tlineitem,\n\tnation\nwhere\n\tc_custkey = o_custkey\n\tand l_orderkey = o_orderkey\n\tand o_orderdate >= '1993-11-01'\n\tand o_orderdate < date_add( '1993-11-01' ,interval '3' month)\n\tand l_returnflag = 'R'\n\tand c_nationkey = n_nationkey\ngroup by\n\tc_custkey,\n\tc_name,\n\tc_acctbal,\n\tc_phone,\n\tn_name,\n\tc_address,\n\tc_comment\norder by\n\trevenue desc\nLIMIT 20
26.226443288	select\n\tc_custkey,\n\tc_name,\n\tsum(l_extendedprice * (1 - l_discount)) as revenue,\n\tc_acctbal,\n\tn_name,\n\tc_address,\n\tc_phone,\n\tc_comment\nfrom\n\tcustomer,\n\torders,\n\tlineitem,\n\tnation\nwhere\n\tc_custkey = o_custkey\n\tand l_orderkey = o_orderkey\n\tand o_orderdate >= '1993-11-01'\n\tand o_orderdate < date_add( '1993-11-01' ,interval '3' month)\n\tand l_returnflag = 'R'\n\tand c_nationkey = n_nationkey\ngroup by\n\tc_custkey,\n\tc_name,\n\tc_acctbal,\n\tc_phone,\n\tn_name,\n\tc_address,\n\tc_comment\norder by\n\trevenue desc\nLIMIT 20
26.216086051	select\n\tc_custkey,\n\tc_name,\n\tsum(l_extendedprice * (1 - l_discount)) as revenue,\n\tc_acctbal,\n\tn_name,\n\tc_address,\n\tc_phone,\n\tc_comment\nfrom\n\tcustomer,\n\torders,\n\tlineitem,\n\tnation\nwhere\n\tc_custkey = o_custkey\n\tand l_orderkey = o_orderkey\n\tand o_orderdate >= '1993-11-01'\n\tand o_orderdate < date_add( '1993-11-01' ,interval '3' month)\n\tand l_returnflag = 'R'\n\tand c_nationkey = n_nationkey\ngroup by\n\tc_custkey,\n\tc_name,\n\tc_acctbal,\n\tc_phone,\n\tn_name,\n\tc_address,\n\tc_comment\norder by\n\trevenue desc\nLIMIT 20
26.155420821	select\n\tc_custkey,\n\tc_name,\n\tsum(l_extendedprice * (1 - l_discount)) as revenue,\n\tc_acctbal,\n\tn_name,\n\tc_address,\n\tc_phone,\n\tc_comment\nfrom\n\tcustomer,\n\torders,\n\tlineitem,\n\tnation\nwhere\n\tc_custkey = o_custkey\n\tand l_orderkey = o_orderkey\n\tand o_orderdate >= '1993-11-01'\n\tand o_orderdate < date_add( '1993-11-01' ,interval '3' month)\n\tand l_returnflag = 'R'\n\tand c_nationkey = n_nationkey\ngroup by\n\tc_custkey,\n\tc_name,\n\tc_acctbal,\n\tc_phone,\n\tn_name,\n\tc_address,\n\tc_comment\norder by\n\trevenue desc\nLIMIT 20
26.208259678	select\n\tc_custkey,\n\tc_name,\n\tsum(l_extendedprice * (1 - l_discount)) as revenue,\n\tc_acctbal,\n\tn_name,\n\tc_address,\n\tc_phone,\n\tc_comment\nfrom\n\tcustomer,\n\torders,\n\tlineitem,\n\tnation\nwhere\n\tc_custkey = o_custkey\n\tand l_orderkey = o_orderkey\n\tand o_orderdate >= '1993-11-01'\n\tand o_orderdate < date_add( '1993-11-01' ,interval '3' month)\n\tand l_returnflag = 'R'\n\tand c_nationkey = n_nationkey\ngroup by\n\tc_custkey,\n\tc_name,\n\tc_acctbal,\n\tc_phone,\n\tn_name,\n\tc_address,\n\tc_comment\norder by\n\trevenue desc\nLIMIT 20
avg	CoV
26.2052273982500	0.00103477780768614
