o_year	mkt_share
1995	0.03990105
1996	0.04005020
o_year	mkt_share
1995	0.03990105
1996	0.04005020
o_year	mkt_share
1995	0.03990105
1996	0.04005020
o_year	mkt_share
1995	0.03990105
1996	0.04005020
o_year	mkt_share
1995	0.03990105
1996	0.04005020
o_year	mkt_share
1995	0.03990105
1996	0.04005020
o_year	mkt_share
1995	0.03990105
1996	0.04005020
o_year	mkt_share
1995	0.03990105
1996	0.04005020
o_year	mkt_share
1995	0.03990105
1996	0.04005020
o_year	mkt_share
1995	0.03990105
1996	0.04005020
id	select_type	table	type	possible_keys	key	key_len	ref	rows	Extra
1	SIMPLE	region	ALL	PRIMARY	NULL	NULL	NULL	5	Using where; Using temporary; Using filesort
1	SIMPLE	n1	ref	PRIMARY,i_n_regionkey	i_n_regionkey	5	dbt3_sf10.region.r_regionkey	2	Using index
1	SIMPLE	customer	ref	PRIMARY,i_c_nationkey	i_c_nationkey	5	dbt3_sf10.n1.n_nationkey	30000	Using index
1	SIMPLE	orders	ref	PRIMARY,i_o_custkey,i_o_orderdate	i_o_custkey	5	dbt3_sf10.customer.c_custkey	7	Using where
1	SIMPLE	lineitem	ref	PRIMARY,i_l_orderkey,i_l_partkey,i_l_suppkey,i_l_partkey_suppkey	PRIMARY	4	dbt3_sf10.orders.o_orderkey	1	Using where
1	SIMPLE	part	eq_ref	PRIMARY	PRIMARY	4	dbt3_sf10.lineitem.l_partkey	1	Using where
1	SIMPLE	supplier	eq_ref	PRIMARY,i_s_nationkey	PRIMARY	4	dbt3_sf10.lineitem.l_suppkey	1	Using where
1	SIMPLE	n2	eq_ref	PRIMARY	PRIMARY	4	dbt3_sf10.supplier.s_nationkey	1	
Variable_name	Value
Last_query_cost	8973797.681925
t (s)	sql_text
30.062841322	select\n\to_year,\n\tsum(case\n\t\twhen nation = 'BRAZIL' then volume\n\t\telse 0\n\tend) / sum(volume) as mkt_share\nfrom\n\t(\n\t\tselect\n\t\t\textract(year from o_orderdate) as o_year,\n\t\t\tl_extendedprice * (1 - l_discount) as volume,\n\t\t\tn2.n_name as nation\n\t\tfrom\n\t\t\tpart,\n\t\t\tsupplier,\n\t\t\tlineitem,\n\t\t\torders,\n\t\t\tcustomer,\n\t\t\tnation n1,\n\t\t\tnation n2,\n\t\t\tregion\n\t\twhere\n\t\t\tp_partkey = l_partkey\n\t\t\tand s_suppkey = l_suppkey\n\t\t\tand l_orderkey = o_orderkey\n\t\t\tand o_custkey = c_custkey\n\t\t\tand c_nationkey = n1.n_nationkey\n\t\t\tand n1.n_regionkey = r_regionkey\n\t\t\tand r_name = 'AMERICA'\n\t\t\tand s_nationkey = n2.n_nationkey\n\t\t\tand o_orderdate between '1995-01-01' and '1996-12-31'\n\t\t\tand p_type = 'LARGE BRUSHED TIN'\n\t) as all_nations\ngroup by\n\to_year\norder by\n\to_year
30.057886440	select\n\to_year,\n\tsum(case\n\t\twhen nation = 'BRAZIL' then volume\n\t\telse 0\n\tend) / sum(volume) as mkt_share\nfrom\n\t(\n\t\tselect\n\t\t\textract(year from o_orderdate) as o_year,\n\t\t\tl_extendedprice * (1 - l_discount) as volume,\n\t\t\tn2.n_name as nation\n\t\tfrom\n\t\t\tpart,\n\t\t\tsupplier,\n\t\t\tlineitem,\n\t\t\torders,\n\t\t\tcustomer,\n\t\t\tnation n1,\n\t\t\tnation n2,\n\t\t\tregion\n\t\twhere\n\t\t\tp_partkey = l_partkey\n\t\t\tand s_suppkey = l_suppkey\n\t\t\tand l_orderkey = o_orderkey\n\t\t\tand o_custkey = c_custkey\n\t\t\tand c_nationkey = n1.n_nationkey\n\t\t\tand n1.n_regionkey = r_regionkey\n\t\t\tand r_name = 'AMERICA'\n\t\t\tand s_nationkey = n2.n_nationkey\n\t\t\tand o_orderdate between '1995-01-01' and '1996-12-31'\n\t\t\tand p_type = 'LARGE BRUSHED TIN'\n\t) as all_nations\ngroup by\n\to_year\norder by\n\to_year
30.084970410	select\n\to_year,\n\tsum(case\n\t\twhen nation = 'BRAZIL' then volume\n\t\telse 0\n\tend) / sum(volume) as mkt_share\nfrom\n\t(\n\t\tselect\n\t\t\textract(year from o_orderdate) as o_year,\n\t\t\tl_extendedprice * (1 - l_discount) as volume,\n\t\t\tn2.n_name as nation\n\t\tfrom\n\t\t\tpart,\n\t\t\tsupplier,\n\t\t\tlineitem,\n\t\t\torders,\n\t\t\tcustomer,\n\t\t\tnation n1,\n\t\t\tnation n2,\n\t\t\tregion\n\t\twhere\n\t\t\tp_partkey = l_partkey\n\t\t\tand s_suppkey = l_suppkey\n\t\t\tand l_orderkey = o_orderkey\n\t\t\tand o_custkey = c_custkey\n\t\t\tand c_nationkey = n1.n_nationkey\n\t\t\tand n1.n_regionkey = r_regionkey\n\t\t\tand r_name = 'AMERICA'\n\t\t\tand s_nationkey = n2.n_nationkey\n\t\t\tand o_orderdate between '1995-01-01' and '1996-12-31'\n\t\t\tand p_type = 'LARGE BRUSHED TIN'\n\t) as all_nations\ngroup by\n\to_year\norder by\n\to_year
30.046672846	select\n\to_year,\n\tsum(case\n\t\twhen nation = 'BRAZIL' then volume\n\t\telse 0\n\tend) / sum(volume) as mkt_share\nfrom\n\t(\n\t\tselect\n\t\t\textract(year from o_orderdate) as o_year,\n\t\t\tl_extendedprice * (1 - l_discount) as volume,\n\t\t\tn2.n_name as nation\n\t\tfrom\n\t\t\tpart,\n\t\t\tsupplier,\n\t\t\tlineitem,\n\t\t\torders,\n\t\t\tcustomer,\n\t\t\tnation n1,\n\t\t\tnation n2,\n\t\t\tregion\n\t\twhere\n\t\t\tp_partkey = l_partkey\n\t\t\tand s_suppkey = l_suppkey\n\t\t\tand l_orderkey = o_orderkey\n\t\t\tand o_custkey = c_custkey\n\t\t\tand c_nationkey = n1.n_nationkey\n\t\t\tand n1.n_regionkey = r_regionkey\n\t\t\tand r_name = 'AMERICA'\n\t\t\tand s_nationkey = n2.n_nationkey\n\t\t\tand o_orderdate between '1995-01-01' and '1996-12-31'\n\t\t\tand p_type = 'LARGE BRUSHED TIN'\n\t) as all_nations\ngroup by\n\to_year\norder by\n\to_year
30.052466931	select\n\to_year,\n\tsum(case\n\t\twhen nation = 'BRAZIL' then volume\n\t\telse 0\n\tend) / sum(volume) as mkt_share\nfrom\n\t(\n\t\tselect\n\t\t\textract(year from o_orderdate) as o_year,\n\t\t\tl_extendedprice * (1 - l_discount) as volume,\n\t\t\tn2.n_name as nation\n\t\tfrom\n\t\t\tpart,\n\t\t\tsupplier,\n\t\t\tlineitem,\n\t\t\torders,\n\t\t\tcustomer,\n\t\t\tnation n1,\n\t\t\tnation n2,\n\t\t\tregion\n\t\twhere\n\t\t\tp_partkey = l_partkey\n\t\t\tand s_suppkey = l_suppkey\n\t\t\tand l_orderkey = o_orderkey\n\t\t\tand o_custkey = c_custkey\n\t\t\tand c_nationkey = n1.n_nationkey\n\t\t\tand n1.n_regionkey = r_regionkey\n\t\t\tand r_name = 'AMERICA'\n\t\t\tand s_nationkey = n2.n_nationkey\n\t\t\tand o_orderdate between '1995-01-01' and '1996-12-31'\n\t\t\tand p_type = 'LARGE BRUSHED TIN'\n\t) as all_nations\ngroup by\n\to_year\norder by\n\to_year
30.067574113	select\n\to_year,\n\tsum(case\n\t\twhen nation = 'BRAZIL' then volume\n\t\telse 0\n\tend) / sum(volume) as mkt_share\nfrom\n\t(\n\t\tselect\n\t\t\textract(year from o_orderdate) as o_year,\n\t\t\tl_extendedprice * (1 - l_discount) as volume,\n\t\t\tn2.n_name as nation\n\t\tfrom\n\t\t\tpart,\n\t\t\tsupplier,\n\t\t\tlineitem,\n\t\t\torders,\n\t\t\tcustomer,\n\t\t\tnation n1,\n\t\t\tnation n2,\n\t\t\tregion\n\t\twhere\n\t\t\tp_partkey = l_partkey\n\t\t\tand s_suppkey = l_suppkey\n\t\t\tand l_orderkey = o_orderkey\n\t\t\tand o_custkey = c_custkey\n\t\t\tand c_nationkey = n1.n_nationkey\n\t\t\tand n1.n_regionkey = r_regionkey\n\t\t\tand r_name = 'AMERICA'\n\t\t\tand s_nationkey = n2.n_nationkey\n\t\t\tand o_orderdate between '1995-01-01' and '1996-12-31'\n\t\t\tand p_type = 'LARGE BRUSHED TIN'\n\t) as all_nations\ngroup by\n\to_year\norder by\n\to_year
30.043370391	select\n\to_year,\n\tsum(case\n\t\twhen nation = 'BRAZIL' then volume\n\t\telse 0\n\tend) / sum(volume) as mkt_share\nfrom\n\t(\n\t\tselect\n\t\t\textract(year from o_orderdate) as o_year,\n\t\t\tl_extendedprice * (1 - l_discount) as volume,\n\t\t\tn2.n_name as nation\n\t\tfrom\n\t\t\tpart,\n\t\t\tsupplier,\n\t\t\tlineitem,\n\t\t\torders,\n\t\t\tcustomer,\n\t\t\tnation n1,\n\t\t\tnation n2,\n\t\t\tregion\n\t\twhere\n\t\t\tp_partkey = l_partkey\n\t\t\tand s_suppkey = l_suppkey\n\t\t\tand l_orderkey = o_orderkey\n\t\t\tand o_custkey = c_custkey\n\t\t\tand c_nationkey = n1.n_nationkey\n\t\t\tand n1.n_regionkey = r_regionkey\n\t\t\tand r_name = 'AMERICA'\n\t\t\tand s_nationkey = n2.n_nationkey\n\t\t\tand o_orderdate between '1995-01-01' and '1996-12-31'\n\t\t\tand p_type = 'LARGE BRUSHED TIN'\n\t) as all_nations\ngroup by\n\to_year\norder by\n\to_year
30.052781143	select\n\to_year,\n\tsum(case\n\t\twhen nation = 'BRAZIL' then volume\n\t\telse 0\n\tend) / sum(volume) as mkt_share\nfrom\n\t(\n\t\tselect\n\t\t\textract(year from o_orderdate) as o_year,\n\t\t\tl_extendedprice * (1 - l_discount) as volume,\n\t\t\tn2.n_name as nation\n\t\tfrom\n\t\t\tpart,\n\t\t\tsupplier,\n\t\t\tlineitem,\n\t\t\torders,\n\t\t\tcustomer,\n\t\t\tnation n1,\n\t\t\tnation n2,\n\t\t\tregion\n\t\twhere\n\t\t\tp_partkey = l_partkey\n\t\t\tand s_suppkey = l_suppkey\n\t\t\tand l_orderkey = o_orderkey\n\t\t\tand o_custkey = c_custkey\n\t\t\tand c_nationkey = n1.n_nationkey\n\t\t\tand n1.n_regionkey = r_regionkey\n\t\t\tand r_name = 'AMERICA'\n\t\t\tand s_nationkey = n2.n_nationkey\n\t\t\tand o_orderdate between '1995-01-01' and '1996-12-31'\n\t\t\tand p_type = 'LARGE BRUSHED TIN'\n\t) as all_nations\ngroup by\n\to_year\norder by\n\to_year
avg	CoV
30.0585704495000	0.00041420402121802
