c_count	custdist
0	500019
10	66077
9	65173
11	62159
8	58483
12	55760
13	49971
7	46627
19	46509
18	46368
14	45253
20	45210
17	45026
15	43874
16	43833
21	42426
22	37983
6	32869
23	32558
24	26729
25	21130
5	19675
26	15934
27	11618
4	10008
28	8170
29	5643
3	3994
30	3727
31	2334
32	1502
2	1215
33	851
34	502
35	254
1	230
36	144
37	81
38	34
39	20
40	15
42	5
41	4
45	1
44	1
43	1
c_count	custdist
0	500019
10	66077
9	65173
11	62159
8	58483
12	55760
13	49971
7	46627
19	46509
18	46368
14	45253
20	45210
17	45026
15	43874
16	43833
21	42426
22	37983
6	32869
23	32558
24	26729
25	21130
5	19675
26	15934
27	11618
4	10008
28	8170
29	5643
3	3994
30	3727
31	2334
32	1502
2	1215
33	851
34	502
35	254
1	230
36	144
37	81
38	34
39	20
40	15
42	5
41	4
45	1
44	1
43	1
c_count	custdist
0	500019
10	66077
9	65173
11	62159
8	58483
12	55760
13	49971
7	46627
19	46509
18	46368
14	45253
20	45210
17	45026
15	43874
16	43833
21	42426
22	37983
6	32869
23	32558
24	26729
25	21130
5	19675
26	15934
27	11618
4	10008
28	8170
29	5643
3	3994
30	3727
31	2334
32	1502
2	1215
33	851
34	502
35	254
1	230
36	144
37	81
38	34
39	20
40	15
42	5
41	4
45	1
44	1
43	1
c_count	custdist
0	500019
10	66077
9	65173
11	62159
8	58483
12	55760
13	49971
7	46627
19	46509
18	46368
14	45253
20	45210
17	45026
15	43874
16	43833
21	42426
22	37983
6	32869
23	32558
24	26729
25	21130
5	19675
26	15934
27	11618
4	10008
28	8170
29	5643
3	3994
30	3727
31	2334
32	1502
2	1215
33	851
34	502
35	254
1	230
36	144
37	81
38	34
39	20
40	15
42	5
41	4
45	1
44	1
43	1
c_count	custdist
0	500019
10	66077
9	65173
11	62159
8	58483
12	55760
13	49971
7	46627
19	46509
18	46368
14	45253
20	45210
17	45026
15	43874
16	43833
21	42426
22	37983
6	32869
23	32558
24	26729
25	21130
5	19675
26	15934
27	11618
4	10008
28	8170
29	5643
3	3994
30	3727
31	2334
32	1502
2	1215
33	851
34	502
35	254
1	230
36	144
37	81
38	34
39	20
40	15
42	5
41	4
45	1
44	1
43	1
c_count	custdist
0	500019
10	66077
9	65173
11	62159
8	58483
12	55760
13	49971
7	46627
19	46509
18	46368
14	45253
20	45210
17	45026
15	43874
16	43833
21	42426
22	37983
6	32869
23	32558
24	26729
25	21130
5	19675
26	15934
27	11618
4	10008
28	8170
29	5643
3	3994
30	3727
31	2334
32	1502
2	1215
33	851
34	502
35	254
1	230
36	144
37	81
38	34
39	20
40	15
42	5
41	4
45	1
44	1
43	1
c_count	custdist
0	500019
10	66077
9	65173
11	62159
8	58483
12	55760
13	49971
7	46627
19	46509
18	46368
14	45253
20	45210
17	45026
15	43874
16	43833
21	42426
22	37983
6	32869
23	32558
24	26729
25	21130
5	19675
26	15934
27	11618
4	10008
28	8170
29	5643
3	3994
30	3727
31	2334
32	1502
2	1215
33	851
34	502
35	254
1	230
36	144
37	81
38	34
39	20
40	15
42	5
41	4
45	1
44	1
43	1
c_count	custdist
0	500019
10	66077
9	65173
11	62159
8	58483
12	55760
13	49971
7	46627
19	46509
18	46368
14	45253
20	45210
17	45026
15	43874
16	43833
21	42426
22	37983
6	32869
23	32558
24	26729
25	21130
5	19675
26	15934
27	11618
4	10008
28	8170
29	5643
3	3994
30	3727
31	2334
32	1502
2	1215
33	851
34	502
35	254
1	230
36	144
37	81
38	34
39	20
40	15
42	5
41	4
45	1
44	1
43	1
c_count	custdist
0	500019
10	66077
9	65173
11	62159
8	58483
12	55760
13	49971
7	46627
19	46509
18	46368
14	45253
20	45210
17	45026
15	43874
16	43833
21	42426
22	37983
6	32869
23	32558
24	26729
25	21130
5	19675
26	15934
27	11618
4	10008
28	8170
29	5643
3	3994
30	3727
31	2334
32	1502
2	1215
33	851
34	502
35	254
1	230
36	144
37	81
38	34
39	20
40	15
42	5
41	4
45	1
44	1
43	1
c_count	custdist
0	500019
10	66077
9	65173
11	62159
8	58483
12	55760
13	49971
7	46627
19	46509
18	46368
14	45253
20	45210
17	45026
15	43874
16	43833
21	42426
22	37983
6	32869
23	32558
24	26729
25	21130
5	19675
26	15934
27	11618
4	10008
28	8170
29	5643
3	3994
30	3727
31	2334
32	1502
2	1215
33	851
34	502
35	254
1	230
36	144
37	81
38	34
39	20
40	15
42	5
41	4
45	1
44	1
43	1
id	select_type	table	type	possible_keys	key	key_len	ref	rows	Extra
1	PRIMARY	<derived2>	ALL	NULL	NULL	NULL	NULL	10500000	Using temporary; Using filesort
2	DERIVED	customer	index	NULL	PRIMARY	4	NULL	1500000	Using index
2	DERIVED	orders	ref	i_o_custkey	i_o_custkey	5	dbt3_sf10.customer.c_custkey	7	Using where
Variable_name	Value
Last_query_cost	0.000000
t (s)	sql_text
61.480564107	select\n\tc_count,\n\tcount(*) as custdist\nfrom\n\t(\n\t\tselect\n\t\t\tc_custkey,\n\t\t\tcount(o_orderkey) as c_count\n\t\tfrom\n\t\t\tcustomer left outer join orders on\n\t\t\t\tc_custkey = o_custkey\n\t\t\t\tand o_comment not like '%special%packages%'\n\t\tgroup by\n\t\t\tc_custkey\n\t) as c_orders \ngroup by\n\tc_count\norder by\n\tcustdist desc,\n\tc_count desc
61.524857558	select\n\tc_count,\n\tcount(*) as custdist\nfrom\n\t(\n\t\tselect\n\t\t\tc_custkey,\n\t\t\tcount(o_orderkey) as c_count\n\t\tfrom\n\t\t\tcustomer left outer join orders on\n\t\t\t\tc_custkey = o_custkey\n\t\t\t\tand o_comment not like '%special%packages%'\n\t\tgroup by\n\t\t\tc_custkey\n\t) as c_orders \ngroup by\n\tc_count\norder by\n\tcustdist desc,\n\tc_count desc
61.565952039	select\n\tc_count,\n\tcount(*) as custdist\nfrom\n\t(\n\t\tselect\n\t\t\tc_custkey,\n\t\t\tcount(o_orderkey) as c_count\n\t\tfrom\n\t\t\tcustomer left outer join orders on\n\t\t\t\tc_custkey = o_custkey\n\t\t\t\tand o_comment not like '%special%packages%'\n\t\tgroup by\n\t\t\tc_custkey\n\t) as c_orders \ngroup by\n\tc_count\norder by\n\tcustdist desc,\n\tc_count desc
61.502512257	select\n\tc_count,\n\tcount(*) as custdist\nfrom\n\t(\n\t\tselect\n\t\t\tc_custkey,\n\t\t\tcount(o_orderkey) as c_count\n\t\tfrom\n\t\t\tcustomer left outer join orders on\n\t\t\t\tc_custkey = o_custkey\n\t\t\t\tand o_comment not like '%special%packages%'\n\t\tgroup by\n\t\t\tc_custkey\n\t) as c_orders \ngroup by\n\tc_count\norder by\n\tcustdist desc,\n\tc_count desc
61.553107113	select\n\tc_count,\n\tcount(*) as custdist\nfrom\n\t(\n\t\tselect\n\t\t\tc_custkey,\n\t\t\tcount(o_orderkey) as c_count\n\t\tfrom\n\t\t\tcustomer left outer join orders on\n\t\t\t\tc_custkey = o_custkey\n\t\t\t\tand o_comment not like '%special%packages%'\n\t\tgroup by\n\t\t\tc_custkey\n\t) as c_orders \ngroup by\n\tc_count\norder by\n\tcustdist desc,\n\tc_count desc
61.525159328	select\n\tc_count,\n\tcount(*) as custdist\nfrom\n\t(\n\t\tselect\n\t\t\tc_custkey,\n\t\t\tcount(o_orderkey) as c_count\n\t\tfrom\n\t\t\tcustomer left outer join orders on\n\t\t\t\tc_custkey = o_custkey\n\t\t\t\tand o_comment not like '%special%packages%'\n\t\tgroup by\n\t\t\tc_custkey\n\t) as c_orders \ngroup by\n\tc_count\norder by\n\tcustdist desc,\n\tc_count desc
61.552165917	select\n\tc_count,\n\tcount(*) as custdist\nfrom\n\t(\n\t\tselect\n\t\t\tc_custkey,\n\t\t\tcount(o_orderkey) as c_count\n\t\tfrom\n\t\t\tcustomer left outer join orders on\n\t\t\t\tc_custkey = o_custkey\n\t\t\t\tand o_comment not like '%special%packages%'\n\t\tgroup by\n\t\t\tc_custkey\n\t) as c_orders \ngroup by\n\tc_count\norder by\n\tcustdist desc,\n\tc_count desc
61.502481627	select\n\tc_count,\n\tcount(*) as custdist\nfrom\n\t(\n\t\tselect\n\t\t\tc_custkey,\n\t\t\tcount(o_orderkey) as c_count\n\t\tfrom\n\t\t\tcustomer left outer join orders on\n\t\t\t\tc_custkey = o_custkey\n\t\t\t\tand o_comment not like '%special%packages%'\n\t\tgroup by\n\t\t\tc_custkey\n\t) as c_orders \ngroup by\n\tc_count\norder by\n\tcustdist desc,\n\tc_count desc
avg	CoV
61.5258499932500	0.00045198641597856
