revenue
1641525532.8238
revenue
1641525532.8238
revenue
1641525532.8238
revenue
1641525532.8238
revenue
1641525532.8238
revenue
1641525532.8238
revenue
1641525532.8238
revenue
1641525532.8238
revenue
1641525532.8238
revenue
1641525532.8238
id	select_type	table	type	possible_keys	key	key_len	ref	rows	Extra
1	SIMPLE	lineitem	ALL	i_l_shipdate	NULL	NULL	NULL	59986052	Using where
Variable_name	Value
Last_query_cost	12512218.399000
t (s)	sql_text
24.011142340	select\n\tsum(l_extendedprice * l_discount) as revenue\nfrom\n\tlineitem\nwhere\n\tl_shipdate >= '1995-01-01'\n\tand l_shipdate < date_add( '1995-01-01' , interval '1' year)\n\tand l_discount between 0.08 - 0.01 and 0.08 + 0.01\n\tand l_quantity < 24
24.007456019	select\n\tsum(l_extendedprice * l_discount) as revenue\nfrom\n\tlineitem\nwhere\n\tl_shipdate >= '1995-01-01'\n\tand l_shipdate < date_add( '1995-01-01' , interval '1' year)\n\tand l_discount between 0.08 - 0.01 and 0.08 + 0.01\n\tand l_quantity < 24
24.029651696	select\n\tsum(l_extendedprice * l_discount) as revenue\nfrom\n\tlineitem\nwhere\n\tl_shipdate >= '1995-01-01'\n\tand l_shipdate < date_add( '1995-01-01' , interval '1' year)\n\tand l_discount between 0.08 - 0.01 and 0.08 + 0.01\n\tand l_quantity < 24
23.999786591	select\n\tsum(l_extendedprice * l_discount) as revenue\nfrom\n\tlineitem\nwhere\n\tl_shipdate >= '1995-01-01'\n\tand l_shipdate < date_add( '1995-01-01' , interval '1' year)\n\tand l_discount between 0.08 - 0.01 and 0.08 + 0.01\n\tand l_quantity < 24
24.009001857	select\n\tsum(l_extendedprice * l_discount) as revenue\nfrom\n\tlineitem\nwhere\n\tl_shipdate >= '1995-01-01'\n\tand l_shipdate < date_add( '1995-01-01' , interval '1' year)\n\tand l_discount between 0.08 - 0.01 and 0.08 + 0.01\n\tand l_quantity < 24
23.997347096	select\n\tsum(l_extendedprice * l_discount) as revenue\nfrom\n\tlineitem\nwhere\n\tl_shipdate >= '1995-01-01'\n\tand l_shipdate < date_add( '1995-01-01' , interval '1' year)\n\tand l_discount between 0.08 - 0.01 and 0.08 + 0.01\n\tand l_quantity < 24
24.008114172	select\n\tsum(l_extendedprice * l_discount) as revenue\nfrom\n\tlineitem\nwhere\n\tl_shipdate >= '1995-01-01'\n\tand l_shipdate < date_add( '1995-01-01' , interval '1' year)\n\tand l_discount between 0.08 - 0.01 and 0.08 + 0.01\n\tand l_quantity < 24
23.999978674	select\n\tsum(l_extendedprice * l_discount) as revenue\nfrom\n\tlineitem\nwhere\n\tl_shipdate >= '1995-01-01'\n\tand l_shipdate < date_add( '1995-01-01' , interval '1' year)\n\tand l_discount between 0.08 - 0.01 and 0.08 + 0.01\n\tand l_quantity < 24
avg	CoV
24.0078098056250	0.00039652024828515
