promo_revenue
16.6925413107
promo_revenue
16.6925413107
promo_revenue
16.6925413107
promo_revenue
16.6925413107
promo_revenue
16.6925413107
promo_revenue
16.6925413107
promo_revenue
16.6925413107
promo_revenue
16.6925413107
promo_revenue
16.6925413107
promo_revenue
16.6925413107
id	select_type	table	type	possible_keys	key	key_len	ref	rows	Extra
1	SIMPLE	lineitem	range	i_l_partkey,i_l_partkey_suppkey,i_l_shipdate	i_l_shipdate	4	NULL	1586198	Using index condition; Using where
1	SIMPLE	part	eq_ref	PRIMARY	PRIMARY	4	dbt3_sf10.lineitem.l_partkey	1	
Variable_name	Value
Last_query_cost	4125893.283042
t (s)	sql_text
6.052767700	select\n\t100.00 * sum(case\n\t\twhen p_type like 'PROMO%'\n\t\t\tthen l_extendedprice * (1 - l_discount)\n\t\telse 0\n\tend) / sum(l_extendedprice * (1 - l_discount)) as promo_revenue\nfrom\n\tlineitem,\n\tpart\nwhere\n\tl_partkey = p_partkey\n\tand l_shipdate >= '1993-03-01'\n\tand l_shipdate < date_add( '1993-03-01', interval '1' month)
6.057246781	select\n\t100.00 * sum(case\n\t\twhen p_type like 'PROMO%'\n\t\t\tthen l_extendedprice * (1 - l_discount)\n\t\telse 0\n\tend) / sum(l_extendedprice * (1 - l_discount)) as promo_revenue\nfrom\n\tlineitem,\n\tpart\nwhere\n\tl_partkey = p_partkey\n\tand l_shipdate >= '1993-03-01'\n\tand l_shipdate < date_add( '1993-03-01', interval '1' month)
6.049947067	select\n\t100.00 * sum(case\n\t\twhen p_type like 'PROMO%'\n\t\t\tthen l_extendedprice * (1 - l_discount)\n\t\telse 0\n\tend) / sum(l_extendedprice * (1 - l_discount)) as promo_revenue\nfrom\n\tlineitem,\n\tpart\nwhere\n\tl_partkey = p_partkey\n\tand l_shipdate >= '1993-03-01'\n\tand l_shipdate < date_add( '1993-03-01', interval '1' month)
6.052854462	select\n\t100.00 * sum(case\n\t\twhen p_type like 'PROMO%'\n\t\t\tthen l_extendedprice * (1 - l_discount)\n\t\telse 0\n\tend) / sum(l_extendedprice * (1 - l_discount)) as promo_revenue\nfrom\n\tlineitem,\n\tpart\nwhere\n\tl_partkey = p_partkey\n\tand l_shipdate >= '1993-03-01'\n\tand l_shipdate < date_add( '1993-03-01', interval '1' month)
6.065337159	select\n\t100.00 * sum(case\n\t\twhen p_type like 'PROMO%'\n\t\t\tthen l_extendedprice * (1 - l_discount)\n\t\telse 0\n\tend) / sum(l_extendedprice * (1 - l_discount)) as promo_revenue\nfrom\n\tlineitem,\n\tpart\nwhere\n\tl_partkey = p_partkey\n\tand l_shipdate >= '1993-03-01'\n\tand l_shipdate < date_add( '1993-03-01', interval '1' month)
6.055833214	select\n\t100.00 * sum(case\n\t\twhen p_type like 'PROMO%'\n\t\t\tthen l_extendedprice * (1 - l_discount)\n\t\telse 0\n\tend) / sum(l_extendedprice * (1 - l_discount)) as promo_revenue\nfrom\n\tlineitem,\n\tpart\nwhere\n\tl_partkey = p_partkey\n\tand l_shipdate >= '1993-03-01'\n\tand l_shipdate < date_add( '1993-03-01', interval '1' month)
6.071996891	select\n\t100.00 * sum(case\n\t\twhen p_type like 'PROMO%'\n\t\t\tthen l_extendedprice * (1 - l_discount)\n\t\telse 0\n\tend) / sum(l_extendedprice * (1 - l_discount)) as promo_revenue\nfrom\n\tlineitem,\n\tpart\nwhere\n\tl_partkey = p_partkey\n\tand l_shipdate >= '1993-03-01'\n\tand l_shipdate < date_add( '1993-03-01', interval '1' month)
6.051094070	select\n\t100.00 * sum(case\n\t\twhen p_type like 'PROMO%'\n\t\t\tthen l_extendedprice * (1 - l_discount)\n\t\telse 0\n\tend) / sum(l_extendedprice * (1 - l_discount)) as promo_revenue\nfrom\n\tlineitem,\n\tpart\nwhere\n\tl_partkey = p_partkey\n\tand l_shipdate >= '1993-03-01'\n\tand l_shipdate < date_add( '1993-03-01', interval '1' month)
avg	CoV
6.0571346680000	0.00118967485661308
