revenue
37019578.3816
revenue
37019578.3816
revenue
37019578.3816
revenue
37019578.3816
revenue
37019578.3816
revenue
37019578.3816
revenue
37019578.3816
revenue
37019578.3816
revenue
37019578.3816
revenue
37019578.3816
id	select_type	table	type	possible_keys	key	key_len	ref	rows	Extra
1	SIMPLE	part	ALL	PRIMARY	NULL	NULL	NULL	2000000	Using where
1	SIMPLE	lineitem	ref	i_l_partkey,i_l_partkey_suppkey	i_l_partkey	5	dbt3_sf10.part.p_partkey	14	Using index condition; Using where
Variable_name	Value
Last_query_cost	36023950.087190
t (s)	sql_text
1.630234986	select\n\tsum(l_extendedprice* (1 - l_discount)) as revenue\nfrom\n\tlineitem,\n\tpart\nwhere\n\t(\n\t\tp_partkey = l_partkey\n\t\tand p_brand = 'Brand#12'\n\t\tand p_container in ('SM CASE', 'SM BOX', 'SM PACK', 'SM PKG')\n\t\tand l_quantity >= 1 and l_quantity <= 1+10\n\t\tand p_size between 1 and 5\n\t\tand l_shipmode in ('AIR', 'AIR REG')\n\t\tand l_shipinstruct = 'DELIVER IN PERSON'\n\t)\n\tor\n\t(\n\t\tp_partkey = l_partkey\n\t\tand p_brand = 'Brand#22'\n\t\tand p_container in ('MED BAG', 'MED BOX', 'MED PKG', 'MED PACK')\n\t\tand l_quantity >= 11 and l_quantity <= 11+10\n\t\tand p_size between 1 and 10\n\t\tand l_shipmode in ('AIR', 'AIR REG')\n\t\tand l_shipinstruct = 'DELIVER IN PERSON'\n\t)\n\tor\n\t(\n\t\tp_partkey = l_partkey\n\t\tand p_brand = 'Brand#35'\n\t\tand p_container in ('LG CASE', 'LG BOX', 'LG PACK', 'LG PKG')\n\t\tand l_quantity >= 27 and l_quantity <= 27+10\n\t\tand p_size between 1 and 15\n\t\tand l_shipmode in ('AIR', 'AIR REG')\n\t\tand l_shipinstruct = 'DELIVER IN PERSON'\n\t)
1.630381851	select\n\tsum(l_extendedprice* (1 - l_discount)) as revenue\nfrom\n\tlineitem,\n\tpart\nwhere\n\t(\n\t\tp_partkey = l_partkey\n\t\tand p_brand = 'Brand#12'\n\t\tand p_container in ('SM CASE', 'SM BOX', 'SM PACK', 'SM PKG')\n\t\tand l_quantity >= 1 and l_quantity <= 1+10\n\t\tand p_size between 1 and 5\n\t\tand l_shipmode in ('AIR', 'AIR REG')\n\t\tand l_shipinstruct = 'DELIVER IN PERSON'\n\t)\n\tor\n\t(\n\t\tp_partkey = l_partkey\n\t\tand p_brand = 'Brand#22'\n\t\tand p_container in ('MED BAG', 'MED BOX', 'MED PKG', 'MED PACK')\n\t\tand l_quantity >= 11 and l_quantity <= 11+10\n\t\tand p_size between 1 and 10\n\t\tand l_shipmode in ('AIR', 'AIR REG')\n\t\tand l_shipinstruct = 'DELIVER IN PERSON'\n\t)\n\tor\n\t(\n\t\tp_partkey = l_partkey\n\t\tand p_brand = 'Brand#35'\n\t\tand p_container in ('LG CASE', 'LG BOX', 'LG PACK', 'LG PKG')\n\t\tand l_quantity >= 27 and l_quantity <= 27+10\n\t\tand p_size between 1 and 15\n\t\tand l_shipmode in ('AIR', 'AIR REG')\n\t\tand l_shipinstruct = 'DELIVER IN PERSON'\n\t)
1.630352664	select\n\tsum(l_extendedprice* (1 - l_discount)) as revenue\nfrom\n\tlineitem,\n\tpart\nwhere\n\t(\n\t\tp_partkey = l_partkey\n\t\tand p_brand = 'Brand#12'\n\t\tand p_container in ('SM CASE', 'SM BOX', 'SM PACK', 'SM PKG')\n\t\tand l_quantity >= 1 and l_quantity <= 1+10\n\t\tand p_size between 1 and 5\n\t\tand l_shipmode in ('AIR', 'AIR REG')\n\t\tand l_shipinstruct = 'DELIVER IN PERSON'\n\t)\n\tor\n\t(\n\t\tp_partkey = l_partkey\n\t\tand p_brand = 'Brand#22'\n\t\tand p_container in ('MED BAG', 'MED BOX', 'MED PKG', 'MED PACK')\n\t\tand l_quantity >= 11 and l_quantity <= 11+10\n\t\tand p_size between 1 and 10\n\t\tand l_shipmode in ('AIR', 'AIR REG')\n\t\tand l_shipinstruct = 'DELIVER IN PERSON'\n\t)\n\tor\n\t(\n\t\tp_partkey = l_partkey\n\t\tand p_brand = 'Brand#35'\n\t\tand p_container in ('LG CASE', 'LG BOX', 'LG PACK', 'LG PKG')\n\t\tand l_quantity >= 27 and l_quantity <= 27+10\n\t\tand p_size between 1 and 15\n\t\tand l_shipmode in ('AIR', 'AIR REG')\n\t\tand l_shipinstruct = 'DELIVER IN PERSON'\n\t)
1.631160154	select\n\tsum(l_extendedprice* (1 - l_discount)) as revenue\nfrom\n\tlineitem,\n\tpart\nwhere\n\t(\n\t\tp_partkey = l_partkey\n\t\tand p_brand = 'Brand#12'\n\t\tand p_container in ('SM CASE', 'SM BOX', 'SM PACK', 'SM PKG')\n\t\tand l_quantity >= 1 and l_quantity <= 1+10\n\t\tand p_size between 1 and 5\n\t\tand l_shipmode in ('AIR', 'AIR REG')\n\t\tand l_shipinstruct = 'DELIVER IN PERSON'\n\t)\n\tor\n\t(\n\t\tp_partkey = l_partkey\n\t\tand p_brand = 'Brand#22'\n\t\tand p_container in ('MED BAG', 'MED BOX', 'MED PKG', 'MED PACK')\n\t\tand l_quantity >= 11 and l_quantity <= 11+10\n\t\tand p_size between 1 and 10\n\t\tand l_shipmode in ('AIR', 'AIR REG')\n\t\tand l_shipinstruct = 'DELIVER IN PERSON'\n\t)\n\tor\n\t(\n\t\tp_partkey = l_partkey\n\t\tand p_brand = 'Brand#35'\n\t\tand p_container in ('LG CASE', 'LG BOX', 'LG PACK', 'LG PKG')\n\t\tand l_quantity >= 27 and l_quantity <= 27+10\n\t\tand p_size between 1 and 15\n\t\tand l_shipmode in ('AIR', 'AIR REG')\n\t\tand l_shipinstruct = 'DELIVER IN PERSON'\n\t)
1.630162988	select\n\tsum(l_extendedprice* (1 - l_discount)) as revenue\nfrom\n\tlineitem,\n\tpart\nwhere\n\t(\n\t\tp_partkey = l_partkey\n\t\tand p_brand = 'Brand#12'\n\t\tand p_container in ('SM CASE', 'SM BOX', 'SM PACK', 'SM PKG')\n\t\tand l_quantity >= 1 and l_quantity <= 1+10\n\t\tand p_size between 1 and 5\n\t\tand l_shipmode in ('AIR', 'AIR REG')\n\t\tand l_shipinstruct = 'DELIVER IN PERSON'\n\t)\n\tor\n\t(\n\t\tp_partkey = l_partkey\n\t\tand p_brand = 'Brand#22'\n\t\tand p_container in ('MED BAG', 'MED BOX', 'MED PKG', 'MED PACK')\n\t\tand l_quantity >= 11 and l_quantity <= 11+10\n\t\tand p_size between 1 and 10\n\t\tand l_shipmode in ('AIR', 'AIR REG')\n\t\tand l_shipinstruct = 'DELIVER IN PERSON'\n\t)\n\tor\n\t(\n\t\tp_partkey = l_partkey\n\t\tand p_brand = 'Brand#35'\n\t\tand p_container in ('LG CASE', 'LG BOX', 'LG PACK', 'LG PKG')\n\t\tand l_quantity >= 27 and l_quantity <= 27+10\n\t\tand p_size between 1 and 15\n\t\tand l_shipmode in ('AIR', 'AIR REG')\n\t\tand l_shipinstruct = 'DELIVER IN PERSON'\n\t)
1.630932091	select\n\tsum(l_extendedprice* (1 - l_discount)) as revenue\nfrom\n\tlineitem,\n\tpart\nwhere\n\t(\n\t\tp_partkey = l_partkey\n\t\tand p_brand = 'Brand#12'\n\t\tand p_container in ('SM CASE', 'SM BOX', 'SM PACK', 'SM PKG')\n\t\tand l_quantity >= 1 and l_quantity <= 1+10\n\t\tand p_size between 1 and 5\n\t\tand l_shipmode in ('AIR', 'AIR REG')\n\t\tand l_shipinstruct = 'DELIVER IN PERSON'\n\t)\n\tor\n\t(\n\t\tp_partkey = l_partkey\n\t\tand p_brand = 'Brand#22'\n\t\tand p_container in ('MED BAG', 'MED BOX', 'MED PKG', 'MED PACK')\n\t\tand l_quantity >= 11 and l_quantity <= 11+10\n\t\tand p_size between 1 and 10\n\t\tand l_shipmode in ('AIR', 'AIR REG')\n\t\tand l_shipinstruct = 'DELIVER IN PERSON'\n\t)\n\tor\n\t(\n\t\tp_partkey = l_partkey\n\t\tand p_brand = 'Brand#35'\n\t\tand p_container in ('LG CASE', 'LG BOX', 'LG PACK', 'LG PKG')\n\t\tand l_quantity >= 27 and l_quantity <= 27+10\n\t\tand p_size between 1 and 15\n\t\tand l_shipmode in ('AIR', 'AIR REG')\n\t\tand l_shipinstruct = 'DELIVER IN PERSON'\n\t)
1.630508081	select\n\tsum(l_extendedprice* (1 - l_discount)) as revenue\nfrom\n\tlineitem,\n\tpart\nwhere\n\t(\n\t\tp_partkey = l_partkey\n\t\tand p_brand = 'Brand#12'\n\t\tand p_container in ('SM CASE', 'SM BOX', 'SM PACK', 'SM PKG')\n\t\tand l_quantity >= 1 and l_quantity <= 1+10\n\t\tand p_size between 1 and 5\n\t\tand l_shipmode in ('AIR', 'AIR REG')\n\t\tand l_shipinstruct = 'DELIVER IN PERSON'\n\t)\n\tor\n\t(\n\t\tp_partkey = l_partkey\n\t\tand p_brand = 'Brand#22'\n\t\tand p_container in ('MED BAG', 'MED BOX', 'MED PKG', 'MED PACK')\n\t\tand l_quantity >= 11 and l_quantity <= 11+10\n\t\tand p_size between 1 and 10\n\t\tand l_shipmode in ('AIR', 'AIR REG')\n\t\tand l_shipinstruct = 'DELIVER IN PERSON'\n\t)\n\tor\n\t(\n\t\tp_partkey = l_partkey\n\t\tand p_brand = 'Brand#35'\n\t\tand p_container in ('LG CASE', 'LG BOX', 'LG PACK', 'LG PKG')\n\t\tand l_quantity >= 27 and l_quantity <= 27+10\n\t\tand p_size between 1 and 15\n\t\tand l_shipmode in ('AIR', 'AIR REG')\n\t\tand l_shipinstruct = 'DELIVER IN PERSON'\n\t)
1.630107925	select\n\tsum(l_extendedprice* (1 - l_discount)) as revenue\nfrom\n\tlineitem,\n\tpart\nwhere\n\t(\n\t\tp_partkey = l_partkey\n\t\tand p_brand = 'Brand#12'\n\t\tand p_container in ('SM CASE', 'SM BOX', 'SM PACK', 'SM PKG')\n\t\tand l_quantity >= 1 and l_quantity <= 1+10\n\t\tand p_size between 1 and 5\n\t\tand l_shipmode in ('AIR', 'AIR REG')\n\t\tand l_shipinstruct = 'DELIVER IN PERSON'\n\t)\n\tor\n\t(\n\t\tp_partkey = l_partkey\n\t\tand p_brand = 'Brand#22'\n\t\tand p_container in ('MED BAG', 'MED BOX', 'MED PKG', 'MED PACK')\n\t\tand l_quantity >= 11 and l_quantity <= 11+10\n\t\tand p_size between 1 and 10\n\t\tand l_shipmode in ('AIR', 'AIR REG')\n\t\tand l_shipinstruct = 'DELIVER IN PERSON'\n\t)\n\tor\n\t(\n\t\tp_partkey = l_partkey\n\t\tand p_brand = 'Brand#35'\n\t\tand p_container in ('LG CASE', 'LG BOX', 'LG PACK', 'LG PKG')\n\t\tand l_quantity >= 27 and l_quantity <= 27+10\n\t\tand p_size between 1 and 15\n\t\tand l_shipmode in ('AIR', 'AIR REG')\n\t\tand l_shipinstruct = 'DELIVER IN PERSON'\n\t)
avg	CoV
1.6304800925000	0.00021603627377067
