supp_nation	cust_nation	l_year	revenue
BRAZIL	SAUDI ARABIA	1995	528329929.1434
BRAZIL	SAUDI ARABIA	1996	522530417.4399
SAUDI ARABIA	BRAZIL	1995	525615441.1778
SAUDI ARABIA	BRAZIL	1996	536117471.2490
supp_nation	cust_nation	l_year	revenue
BRAZIL	SAUDI ARABIA	1995	528329929.1434
BRAZIL	SAUDI ARABIA	1996	522530417.4399
SAUDI ARABIA	BRAZIL	1995	525615441.1778
SAUDI ARABIA	BRAZIL	1996	536117471.2490
supp_nation	cust_nation	l_year	revenue
BRAZIL	SAUDI ARABIA	1995	528329929.1434
BRAZIL	SAUDI ARABIA	1996	522530417.4399
SAUDI ARABIA	BRAZIL	1995	525615441.1778
SAUDI ARABIA	BRAZIL	1996	536117471.2490
supp_nation	cust_nation	l_year	revenue
BRAZIL	SAUDI ARABIA	1995	528329929.1434
BRAZIL	SAUDI ARABIA	1996	522530417.4399
SAUDI ARABIA	BRAZIL	1995	525615441.1778
SAUDI ARABIA	BRAZIL	1996	536117471.2490
supp_nation	cust_nation	l_year	revenue
BRAZIL	SAUDI ARABIA	1995	528329929.1434
BRAZIL	SAUDI ARABIA	1996	522530417.4399
SAUDI ARABIA	BRAZIL	1995	525615441.1778
SAUDI ARABIA	BRAZIL	1996	536117471.2490
supp_nation	cust_nation	l_year	revenue
BRAZIL	SAUDI ARABIA	1995	528329929.1434
BRAZIL	SAUDI ARABIA	1996	522530417.4399
SAUDI ARABIA	BRAZIL	1995	525615441.1778
SAUDI ARABIA	BRAZIL	1996	536117471.2490
supp_nation	cust_nation	l_year	revenue
BRAZIL	SAUDI ARABIA	1995	528329929.1434
BRAZIL	SAUDI ARABIA	1996	522530417.4399
SAUDI ARABIA	BRAZIL	1995	525615441.1778
SAUDI ARABIA	BRAZIL	1996	536117471.2490
supp_nation	cust_nation	l_year	revenue
BRAZIL	SAUDI ARABIA	1995	528329929.1434
BRAZIL	SAUDI ARABIA	1996	522530417.4399
SAUDI ARABIA	BRAZIL	1995	525615441.1778
SAUDI ARABIA	BRAZIL	1996	536117471.2490
supp_nation	cust_nation	l_year	revenue
BRAZIL	SAUDI ARABIA	1995	528329929.1434
BRAZIL	SAUDI ARABIA	1996	522530417.4399
SAUDI ARABIA	BRAZIL	1995	525615441.1778
SAUDI ARABIA	BRAZIL	1996	536117471.2490
supp_nation	cust_nation	l_year	revenue
BRAZIL	SAUDI ARABIA	1995	528329929.1434
BRAZIL	SAUDI ARABIA	1996	522530417.4399
SAUDI ARABIA	BRAZIL	1995	525615441.1778
SAUDI ARABIA	BRAZIL	1996	536117471.2490
id	select_type	table	type	possible_keys	key	key_len	ref	rows	Extra
1	SIMPLE	n2	ALL	PRIMARY	NULL	NULL	NULL	25	Using where; Using temporary; Using filesort
1	SIMPLE	customer	ref	PRIMARY,i_c_nationkey	i_c_nationkey	5	dbt3_sf10.n2.n_nationkey	30000	Using index
1	SIMPLE	orders	ref	PRIMARY,i_o_custkey	i_o_custkey	5	dbt3_sf10.customer.c_custkey	7	Using index
1	SIMPLE	lineitem	ref	PRIMARY,i_l_orderkey,i_l_suppkey,i_l_shipdate	PRIMARY	4	dbt3_sf10.orders.o_orderkey	1	Using where
1	SIMPLE	supplier	eq_ref	PRIMARY,i_s_nationkey	PRIMARY	4	dbt3_sf10.lineitem.l_suppkey	1	Using where
1	SIMPLE	n1	eq_ref	PRIMARY	PRIMARY	4	dbt3_sf10.supplier.s_nationkey	1	Using where
Variable_name	Value
Last_query_cost	14567740.268678
t (s)	sql_text
12.994292538	select\n\tsupp_nation,\n\tcust_nation,\n\tl_year,\n\tsum(volume) as revenue\nfrom\n\t(\n\t\tselect\n\t\t\tn1.n_name as supp_nation,\n\t\t\tn2.n_name as cust_nation,\n\t\t\textract(year from l_shipdate) as l_year,\n\t\t\tl_extendedprice * (1 - l_discount) as volume\n\t\tfrom\n\t\t\tsupplier,\n\t\t\tlineitem,\n\t\t\torders,\n\t\t\tcustomer,\n\t\t\tnation n1,\n\t\t\tnation n2\n\t\twhere\n\t\t\ts_suppkey = l_suppkey\n\t\t\tand o_orderkey = l_orderkey\n\t\t\tand c_custkey = o_custkey\n\t\t\tand s_nationkey = n1.n_nationkey\n\t\t\tand c_nationkey = n2.n_nationkey\n\t\t\tand (\n\t\t\t\t(n1.n_name = 'SAUDI ARABIA' and n2.n_name = 'BRAZIL')\n\t\t\t\tor (n1.n_name = 'BRAZIL' and n2.n_name = 'SAUDI ARABIA')\n\t\t\t)\n\t\t\tand l_shipdate between '1995-01-01' and '1996-12-31'\n\t) as shipping\ngroup by\n\tsupp_nation,\n\tcust_nation,\n\tl_year\norder by\n\tsupp_nation,\n\tcust_nation,\n\tl_year
13.001291972	select\n\tsupp_nation,\n\tcust_nation,\n\tl_year,\n\tsum(volume) as revenue\nfrom\n\t(\n\t\tselect\n\t\t\tn1.n_name as supp_nation,\n\t\t\tn2.n_name as cust_nation,\n\t\t\textract(year from l_shipdate) as l_year,\n\t\t\tl_extendedprice * (1 - l_discount) as volume\n\t\tfrom\n\t\t\tsupplier,\n\t\t\tlineitem,\n\t\t\torders,\n\t\t\tcustomer,\n\t\t\tnation n1,\n\t\t\tnation n2\n\t\twhere\n\t\t\ts_suppkey = l_suppkey\n\t\t\tand o_orderkey = l_orderkey\n\t\t\tand c_custkey = o_custkey\n\t\t\tand s_nationkey = n1.n_nationkey\n\t\t\tand c_nationkey = n2.n_nationkey\n\t\t\tand (\n\t\t\t\t(n1.n_name = 'SAUDI ARABIA' and n2.n_name = 'BRAZIL')\n\t\t\t\tor (n1.n_name = 'BRAZIL' and n2.n_name = 'SAUDI ARABIA')\n\t\t\t)\n\t\t\tand l_shipdate between '1995-01-01' and '1996-12-31'\n\t) as shipping\ngroup by\n\tsupp_nation,\n\tcust_nation,\n\tl_year\norder by\n\tsupp_nation,\n\tcust_nation,\n\tl_year
12.992562061	select\n\tsupp_nation,\n\tcust_nation,\n\tl_year,\n\tsum(volume) as revenue\nfrom\n\t(\n\t\tselect\n\t\t\tn1.n_name as supp_nation,\n\t\t\tn2.n_name as cust_nation,\n\t\t\textract(year from l_shipdate) as l_year,\n\t\t\tl_extendedprice * (1 - l_discount) as volume\n\t\tfrom\n\t\t\tsupplier,\n\t\t\tlineitem,\n\t\t\torders,\n\t\t\tcustomer,\n\t\t\tnation n1,\n\t\t\tnation n2\n\t\twhere\n\t\t\ts_suppkey = l_suppkey\n\t\t\tand o_orderkey = l_orderkey\n\t\t\tand c_custkey = o_custkey\n\t\t\tand s_nationkey = n1.n_nationkey\n\t\t\tand c_nationkey = n2.n_nationkey\n\t\t\tand (\n\t\t\t\t(n1.n_name = 'SAUDI ARABIA' and n2.n_name = 'BRAZIL')\n\t\t\t\tor (n1.n_name = 'BRAZIL' and n2.n_name = 'SAUDI ARABIA')\n\t\t\t)\n\t\t\tand l_shipdate between '1995-01-01' and '1996-12-31'\n\t) as shipping\ngroup by\n\tsupp_nation,\n\tcust_nation,\n\tl_year\norder by\n\tsupp_nation,\n\tcust_nation,\n\tl_year
13.001044994	select\n\tsupp_nation,\n\tcust_nation,\n\tl_year,\n\tsum(volume) as revenue\nfrom\n\t(\n\t\tselect\n\t\t\tn1.n_name as supp_nation,\n\t\t\tn2.n_name as cust_nation,\n\t\t\textract(year from l_shipdate) as l_year,\n\t\t\tl_extendedprice * (1 - l_discount) as volume\n\t\tfrom\n\t\t\tsupplier,\n\t\t\tlineitem,\n\t\t\torders,\n\t\t\tcustomer,\n\t\t\tnation n1,\n\t\t\tnation n2\n\t\twhere\n\t\t\ts_suppkey = l_suppkey\n\t\t\tand o_orderkey = l_orderkey\n\t\t\tand c_custkey = o_custkey\n\t\t\tand s_nationkey = n1.n_nationkey\n\t\t\tand c_nationkey = n2.n_nationkey\n\t\t\tand (\n\t\t\t\t(n1.n_name = 'SAUDI ARABIA' and n2.n_name = 'BRAZIL')\n\t\t\t\tor (n1.n_name = 'BRAZIL' and n2.n_name = 'SAUDI ARABIA')\n\t\t\t)\n\t\t\tand l_shipdate between '1995-01-01' and '1996-12-31'\n\t) as shipping\ngroup by\n\tsupp_nation,\n\tcust_nation,\n\tl_year\norder by\n\tsupp_nation,\n\tcust_nation,\n\tl_year
12.998957806	select\n\tsupp_nation,\n\tcust_nation,\n\tl_year,\n\tsum(volume) as revenue\nfrom\n\t(\n\t\tselect\n\t\t\tn1.n_name as supp_nation,\n\t\t\tn2.n_name as cust_nation,\n\t\t\textract(year from l_shipdate) as l_year,\n\t\t\tl_extendedprice * (1 - l_discount) as volume\n\t\tfrom\n\t\t\tsupplier,\n\t\t\tlineitem,\n\t\t\torders,\n\t\t\tcustomer,\n\t\t\tnation n1,\n\t\t\tnation n2\n\t\twhere\n\t\t\ts_suppkey = l_suppkey\n\t\t\tand o_orderkey = l_orderkey\n\t\t\tand c_custkey = o_custkey\n\t\t\tand s_nationkey = n1.n_nationkey\n\t\t\tand c_nationkey = n2.n_nationkey\n\t\t\tand (\n\t\t\t\t(n1.n_name = 'SAUDI ARABIA' and n2.n_name = 'BRAZIL')\n\t\t\t\tor (n1.n_name = 'BRAZIL' and n2.n_name = 'SAUDI ARABIA')\n\t\t\t)\n\t\t\tand l_shipdate between '1995-01-01' and '1996-12-31'\n\t) as shipping\ngroup by\n\tsupp_nation,\n\tcust_nation,\n\tl_year\norder by\n\tsupp_nation,\n\tcust_nation,\n\tl_year
12.996886233	select\n\tsupp_nation,\n\tcust_nation,\n\tl_year,\n\tsum(volume) as revenue\nfrom\n\t(\n\t\tselect\n\t\t\tn1.n_name as supp_nation,\n\t\t\tn2.n_name as cust_nation,\n\t\t\textract(year from l_shipdate) as l_year,\n\t\t\tl_extendedprice * (1 - l_discount) as volume\n\t\tfrom\n\t\t\tsupplier,\n\t\t\tlineitem,\n\t\t\torders,\n\t\t\tcustomer,\n\t\t\tnation n1,\n\t\t\tnation n2\n\t\twhere\n\t\t\ts_suppkey = l_suppkey\n\t\t\tand o_orderkey = l_orderkey\n\t\t\tand c_custkey = o_custkey\n\t\t\tand s_nationkey = n1.n_nationkey\n\t\t\tand c_nationkey = n2.n_nationkey\n\t\t\tand (\n\t\t\t\t(n1.n_name = 'SAUDI ARABIA' and n2.n_name = 'BRAZIL')\n\t\t\t\tor (n1.n_name = 'BRAZIL' and n2.n_name = 'SAUDI ARABIA')\n\t\t\t)\n\t\t\tand l_shipdate between '1995-01-01' and '1996-12-31'\n\t) as shipping\ngroup by\n\tsupp_nation,\n\tcust_nation,\n\tl_year\norder by\n\tsupp_nation,\n\tcust_nation,\n\tl_year
13.011655847	select\n\tsupp_nation,\n\tcust_nation,\n\tl_year,\n\tsum(volume) as revenue\nfrom\n\t(\n\t\tselect\n\t\t\tn1.n_name as supp_nation,\n\t\t\tn2.n_name as cust_nation,\n\t\t\textract(year from l_shipdate) as l_year,\n\t\t\tl_extendedprice * (1 - l_discount) as volume\n\t\tfrom\n\t\t\tsupplier,\n\t\t\tlineitem,\n\t\t\torders,\n\t\t\tcustomer,\n\t\t\tnation n1,\n\t\t\tnation n2\n\t\twhere\n\t\t\ts_suppkey = l_suppkey\n\t\t\tand o_orderkey = l_orderkey\n\t\t\tand c_custkey = o_custkey\n\t\t\tand s_nationkey = n1.n_nationkey\n\t\t\tand c_nationkey = n2.n_nationkey\n\t\t\tand (\n\t\t\t\t(n1.n_name = 'SAUDI ARABIA' and n2.n_name = 'BRAZIL')\n\t\t\t\tor (n1.n_name = 'BRAZIL' and n2.n_name = 'SAUDI ARABIA')\n\t\t\t)\n\t\t\tand l_shipdate between '1995-01-01' and '1996-12-31'\n\t) as shipping\ngroup by\n\tsupp_nation,\n\tcust_nation,\n\tl_year\norder by\n\tsupp_nation,\n\tcust_nation,\n\tl_year
13.001516855	select\n\tsupp_nation,\n\tcust_nation,\n\tl_year,\n\tsum(volume) as revenue\nfrom\n\t(\n\t\tselect\n\t\t\tn1.n_name as supp_nation,\n\t\t\tn2.n_name as cust_nation,\n\t\t\textract(year from l_shipdate) as l_year,\n\t\t\tl_extendedprice * (1 - l_discount) as volume\n\t\tfrom\n\t\t\tsupplier,\n\t\t\tlineitem,\n\t\t\torders,\n\t\t\tcustomer,\n\t\t\tnation n1,\n\t\t\tnation n2\n\t\twhere\n\t\t\ts_suppkey = l_suppkey\n\t\t\tand o_orderkey = l_orderkey\n\t\t\tand c_custkey = o_custkey\n\t\t\tand s_nationkey = n1.n_nationkey\n\t\t\tand c_nationkey = n2.n_nationkey\n\t\t\tand (\n\t\t\t\t(n1.n_name = 'SAUDI ARABIA' and n2.n_name = 'BRAZIL')\n\t\t\t\tor (n1.n_name = 'BRAZIL' and n2.n_name = 'SAUDI ARABIA')\n\t\t\t)\n\t\t\tand l_shipdate between '1995-01-01' and '1996-12-31'\n\t) as shipping\ngroup by\n\tsupp_nation,\n\tcust_nation,\n\tl_year\norder by\n\tsupp_nation,\n\tcust_nation,\n\tl_year
avg	CoV
12.9997760382500	0.00042062890173222
