Timing is on.
Timing is on.
pg_stat_statements_reset

Time: 0.609 ms
l_returnflag,l_linestatus,sum_qty,sum_base_price,sum_disc_price,sum_charge,avg_qty,avg_price,avg_disc,count_order
A,F,377518399.00,566065727797.25,537759104278.0656,559276670892.116819,25.5009751030070973,38237.151008958546,0.05000657454024320463,14804077
N,F,9851614.00,14767438399.17,14028805792.2114,14590490998.366737,25.5224483028409474,38257.810660081140,0.04997336773765667180,385998
N,O,727730443.00,1091216245667.43,1036650078747.7029,1078128388865.275418,25.4977143238148535,38233.277671927623,0.04999986370487908853,28541007
R,F,377732830.00,566431054976.00,538110922664.7677,559634780885.086257,25.5083847896801383,38251.219273559761,0.04999679231408742045,14808183
Time: 85286.942 ms (01:25.287)
l_returnflag,l_linestatus,sum_qty,sum_base_price,sum_disc_price,sum_charge,avg_qty,avg_price,avg_disc,count_order
A,F,377518399.00,566065727797.25,537759104278.0656,559276670892.116819,25.5009751030070973,38237.151008958546,0.05000657454024320463,14804077
N,F,9851614.00,14767438399.17,14028805792.2114,14590490998.366737,25.5224483028409474,38257.810660081140,0.04997336773765667180,385998
N,O,727730443.00,1091216245667.43,1036650078747.7029,1078128388865.275418,25.4977143238148535,38233.277671927623,0.04999986370487908853,28541007
R,F,377732830.00,566431054976.00,538110922664.7677,559634780885.086257,25.5083847896801383,38251.219273559761,0.04999679231408742045,14808183
Time: 82681.166 ms (01:22.681)
secs,cov
83.9826276115,0.015504235882251796
Time: 1.022 ms
pg_stat_statements_reset

Time: 0.165 ms
l_returnflag,l_linestatus,sum_qty,sum_base_price,sum_disc_price,sum_charge,avg_qty,avg_price,avg_disc,count_order
A,F,377518399.00,566065727797.25,537759104278.0656,559276670892.116819,25.5009751030070973,38237.151008958546,0.05000657454024320463,14804077
N,F,9851614.00,14767438399.17,14028805792.2114,14590490998.366737,25.5224483028409474,38257.810660081140,0.04997336773765667180,385998
N,O,727730443.00,1091216245667.43,1036650078747.7029,1078128388865.275418,25.4977143238148535,38233.277671927623,0.04999986370487908853,28541007
R,F,377732830.00,566431054976.00,538110922664.7677,559634780885.086257,25.5083847896801383,38251.219273559761,0.04999679231408742045,14808183
Time: 81942.761 ms (01:21.943)
l_returnflag,l_linestatus,sum_qty,sum_base_price,sum_disc_price,sum_charge,avg_qty,avg_price,avg_disc,count_order
A,F,377518399.00,566065727797.25,537759104278.0656,559276670892.116819,25.5009751030070973,38237.151008958546,0.05000657454024320463,14804077
N,F,9851614.00,14767438399.17,14028805792.2114,14590490998.366737,25.5224483028409474,38257.810660081140,0.04997336773765667180,385998
N,O,727730443.00,1091216245667.43,1036650078747.7029,1078128388865.275418,25.4977143238148535,38233.277671927623,0.04999986370487908853,28541007
R,F,377732830.00,566431054976.00,538110922664.7677,559634780885.086257,25.5083847896801383,38251.219273559761,0.04999679231408742045,14808183
Time: 81958.538 ms (01:21.959)
l_returnflag,l_linestatus,sum_qty,sum_base_price,sum_disc_price,sum_charge,avg_qty,avg_price,avg_disc,count_order
A,F,377518399.00,566065727797.25,537759104278.0656,559276670892.116819,25.5009751030070973,38237.151008958546,0.05000657454024320463,14804077
N,F,9851614.00,14767438399.17,14028805792.2114,14590490998.366737,25.5224483028409474,38257.810660081140,0.04997336773765667180,385998
N,O,727730443.00,1091216245667.43,1036650078747.7029,1078128388865.275418,25.4977143238148535,38233.277671927623,0.04999986370487908853,28541007
R,F,377732830.00,566431054976.00,538110922664.7677,559634780885.086257,25.5083847896801383,38251.219273559761,0.04999679231408742045,14808183
Time: 82061.691 ms (01:22.062)
l_returnflag,l_linestatus,sum_qty,sum_base_price,sum_disc_price,sum_charge,avg_qty,avg_price,avg_disc,count_order
A,F,377518399.00,566065727797.25,537759104278.0656,559276670892.116819,25.5009751030070973,38237.151008958546,0.05000657454024320463,14804077
N,F,9851614.00,14767438399.17,14028805792.2114,14590490998.366737,25.5224483028409474,38257.810660081140,0.04997336773765667180,385998
N,O,727730443.00,1091216245667.43,1036650078747.7029,1078128388865.275418,25.4977143238148535,38233.277671927623,0.04999986370487908853,28541007
R,F,377732830.00,566431054976.00,538110922664.7677,559634780885.086257,25.5083847896801383,38251.219273559761,0.04999679231408742045,14808183
Time: 82006.915 ms (01:22.007)
l_returnflag,l_linestatus,sum_qty,sum_base_price,sum_disc_price,sum_charge,avg_qty,avg_price,avg_disc,count_order
A,F,377518399.00,566065727797.25,537759104278.0656,559276670892.116819,25.5009751030070973,38237.151008958546,0.05000657454024320463,14804077
N,F,9851614.00,14767438399.17,14028805792.2114,14590490998.366737,25.5224483028409474,38257.810660081140,0.04997336773765667180,385998
N,O,727730443.00,1091216245667.43,1036650078747.7029,1078128388865.275418,25.4977143238148535,38233.277671927623,0.04999986370487908853,28541007
R,F,377732830.00,566431054976.00,538110922664.7677,559634780885.086257,25.5083847896801383,38251.219273559761,0.04999679231408742045,14808183
Time: 81966.514 ms (01:21.967)
l_returnflag,l_linestatus,sum_qty,sum_base_price,sum_disc_price,sum_charge,avg_qty,avg_price,avg_disc,count_order
A,F,377518399.00,566065727797.25,537759104278.0656,559276670892.116819,25.5009751030070973,38237.151008958546,0.05000657454024320463,14804077
N,F,9851614.00,14767438399.17,14028805792.2114,14590490998.366737,25.5224483028409474,38257.810660081140,0.04997336773765667180,385998
N,O,727730443.00,1091216245667.43,1036650078747.7029,1078128388865.275418,25.4977143238148535,38233.277671927623,0.04999986370487908853,28541007
R,F,377732830.00,566431054976.00,538110922664.7677,559634780885.086257,25.5083847896801383,38251.219273559761,0.04999679231408742045,14808183
Time: 81957.118 ms (01:21.957)
l_returnflag,l_linestatus,sum_qty,sum_base_price,sum_disc_price,sum_charge,avg_qty,avg_price,avg_disc,count_order
A,F,377518399.00,566065727797.25,537759104278.0656,559276670892.116819,25.5009751030070973,38237.151008958546,0.05000657454024320463,14804077
N,F,9851614.00,14767438399.17,14028805792.2114,14590490998.366737,25.5224483028409474,38257.810660081140,0.04997336773765667180,385998
N,O,727730443.00,1091216245667.43,1036650078747.7029,1078128388865.275418,25.4977143238148535,38233.277671927623,0.04999986370487908853,28541007
R,F,377732830.00,566431054976.00,538110922664.7677,559634780885.086257,25.5083847896801383,38251.219273559761,0.04999679231408742045,14808183
Time: 81963.364 ms (01:21.963)
l_returnflag,l_linestatus,sum_qty,sum_base_price,sum_disc_price,sum_charge,avg_qty,avg_price,avg_disc,count_order
A,F,377518399.00,566065727797.25,537759104278.0656,559276670892.116819,25.5009751030070973,38237.151008958546,0.05000657454024320463,14804077
N,F,9851614.00,14767438399.17,14028805792.2114,14590490998.366737,25.5224483028409474,38257.810660081140,0.04997336773765667180,385998
N,O,727730443.00,1091216245667.43,1036650078747.7029,1078128388865.275418,25.4977143238148535,38233.277671927623,0.04999986370487908853,28541007
R,F,377732830.00,566431054976.00,538110922664.7677,559634780885.086257,25.5083847896801383,38251.219273559761,0.04999679231408742045,14808183
Time: 81936.488 ms (01:21.936)
QUERY PLAN
Sort  (cost=4214548.89..4214548.91 rows=6 width=236)
"  Sort Key: l_returnflag, l_linestatus"
  ->  HashAggregate  (cost=4214548.65..4214548.82 rows=6 width=236)
"        Group Key: l_returnflag, l_linestatus"
        ->  Seq Scan on lineitem  (cost=0.00..1874367.65 rows=58504525 width=25)
              Filter: (l_shipdate <= '1998-08-05 00:00:00'::timestamp without time zone)
Time: 0.688 ms
Timing is off.
secs,cov
81.97357918962499,0.00046937132930422576
