Timing is on.
Timing is on.
pg_stat_statements_reset

Time: 0.795 ms
l_returnflag,l_linestatus,sum_qty,sum_base_price,sum_disc_price,sum_charge,avg_qty,avg_price,avg_disc,count_order
A,F,377518399.00,566065727797.25,537759104278.0656,559276670892.116819,25.5009751030070973,38237.151008958546,0.05000657454024320463,14804077
N,F,9851614.00,14767438399.17,14028805792.2114,14590490998.366737,25.5224483028409474,38257.810660081140,0.04997336773765667180,385998
N,O,727730443.00,1091216245667.43,1036650078747.7029,1078128388865.275418,25.4977143238148535,38233.277671927623,0.04999986370487908853,28541007
R,F,377732830.00,566431054976.00,538110922664.7677,559634780885.086257,25.5083847896801383,38251.219273559761,0.04999679231408742045,14808183
Time: 84003.739 ms (01:24.004)
l_returnflag,l_linestatus,sum_qty,sum_base_price,sum_disc_price,sum_charge,avg_qty,avg_price,avg_disc,count_order
A,F,377518399.00,566065727797.25,537759104278.0656,559276670892.116819,25.5009751030070973,38237.151008958546,0.05000657454024320463,14804077
N,F,9851614.00,14767438399.17,14028805792.2114,14590490998.366737,25.5224483028409474,38257.810660081140,0.04997336773765667180,385998
N,O,727730443.00,1091216245667.43,1036650078747.7029,1078128388865.275418,25.4977143238148535,38233.277671927623,0.04999986370487908853,28541007
R,F,377732830.00,566431054976.00,538110922664.7677,559634780885.086257,25.5083847896801383,38251.219273559761,0.04999679231408742045,14808183
Time: 81037.040 ms (01:21.037)
secs,cov
82.51845440849999,0.01795986919681499
Time: 0.990 ms
pg_stat_statements_reset

Time: 0.170 ms
l_returnflag,l_linestatus,sum_qty,sum_base_price,sum_disc_price,sum_charge,avg_qty,avg_price,avg_disc,count_order
A,F,377518399.00,566065727797.25,537759104278.0656,559276670892.116819,25.5009751030070973,38237.151008958546,0.05000657454024320463,14804077
N,F,9851614.00,14767438399.17,14028805792.2114,14590490998.366737,25.5224483028409474,38257.810660081140,0.04997336773765667180,385998
N,O,727730443.00,1091216245667.43,1036650078747.7029,1078128388865.275418,25.4977143238148535,38233.277671927623,0.04999986370487908853,28541007
R,F,377732830.00,566431054976.00,538110922664.7677,559634780885.086257,25.5083847896801383,38251.219273559761,0.04999679231408742045,14808183
Time: 82461.370 ms (01:22.461)
l_returnflag,l_linestatus,sum_qty,sum_base_price,sum_disc_price,sum_charge,avg_qty,avg_price,avg_disc,count_order
A,F,377518399.00,566065727797.25,537759104278.0656,559276670892.116819,25.5009751030070973,38237.151008958546,0.05000657454024320463,14804077
N,F,9851614.00,14767438399.17,14028805792.2114,14590490998.366737,25.5224483028409474,38257.810660081140,0.04997336773765667180,385998
N,O,727730443.00,1091216245667.43,1036650078747.7029,1078128388865.275418,25.4977143238148535,38233.277671927623,0.04999986370487908853,28541007
R,F,377732830.00,566431054976.00,538110922664.7677,559634780885.086257,25.5083847896801383,38251.219273559761,0.04999679231408742045,14808183
Time: 82921.917 ms (01:22.922)
l_returnflag,l_linestatus,sum_qty,sum_base_price,sum_disc_price,sum_charge,avg_qty,avg_price,avg_disc,count_order
A,F,377518399.00,566065727797.25,537759104278.0656,559276670892.116819,25.5009751030070973,38237.151008958546,0.05000657454024320463,14804077
N,F,9851614.00,14767438399.17,14028805792.2114,14590490998.366737,25.5224483028409474,38257.810660081140,0.04997336773765667180,385998
N,O,727730443.00,1091216245667.43,1036650078747.7029,1078128388865.275418,25.4977143238148535,38233.277671927623,0.04999986370487908853,28541007
R,F,377732830.00,566431054976.00,538110922664.7677,559634780885.086257,25.5083847896801383,38251.219273559761,0.04999679231408742045,14808183
Time: 82543.795 ms (01:22.544)
l_returnflag,l_linestatus,sum_qty,sum_base_price,sum_disc_price,sum_charge,avg_qty,avg_price,avg_disc,count_order
A,F,377518399.00,566065727797.25,537759104278.0656,559276670892.116819,25.5009751030070973,38237.151008958546,0.05000657454024320463,14804077
N,F,9851614.00,14767438399.17,14028805792.2114,14590490998.366737,25.5224483028409474,38257.810660081140,0.04997336773765667180,385998
N,O,727730443.00,1091216245667.43,1036650078747.7029,1078128388865.275418,25.4977143238148535,38233.277671927623,0.04999986370487908853,28541007
R,F,377732830.00,566431054976.00,538110922664.7677,559634780885.086257,25.5083847896801383,38251.219273559761,0.04999679231408742045,14808183
Time: 82493.073 ms (01:22.493)
l_returnflag,l_linestatus,sum_qty,sum_base_price,sum_disc_price,sum_charge,avg_qty,avg_price,avg_disc,count_order
A,F,377518399.00,566065727797.25,537759104278.0656,559276670892.116819,25.5009751030070973,38237.151008958546,0.05000657454024320463,14804077
N,F,9851614.00,14767438399.17,14028805792.2114,14590490998.366737,25.5224483028409474,38257.810660081140,0.04997336773765667180,385998
N,O,727730443.00,1091216245667.43,1036650078747.7029,1078128388865.275418,25.4977143238148535,38233.277671927623,0.04999986370487908853,28541007
R,F,377732830.00,566431054976.00,538110922664.7677,559634780885.086257,25.5083847896801383,38251.219273559761,0.04999679231408742045,14808183
Time: 82963.061 ms (01:22.963)
l_returnflag,l_linestatus,sum_qty,sum_base_price,sum_disc_price,sum_charge,avg_qty,avg_price,avg_disc,count_order
A,F,377518399.00,566065727797.25,537759104278.0656,559276670892.116819,25.5009751030070973,38237.151008958546,0.05000657454024320463,14804077
N,F,9851614.00,14767438399.17,14028805792.2114,14590490998.366737,25.5224483028409474,38257.810660081140,0.04997336773765667180,385998
N,O,727730443.00,1091216245667.43,1036650078747.7029,1078128388865.275418,25.4977143238148535,38233.277671927623,0.04999986370487908853,28541007
R,F,377732830.00,566431054976.00,538110922664.7677,559634780885.086257,25.5083847896801383,38251.219273559761,0.04999679231408742045,14808183
Time: 82362.397 ms (01:22.362)
l_returnflag,l_linestatus,sum_qty,sum_base_price,sum_disc_price,sum_charge,avg_qty,avg_price,avg_disc,count_order
A,F,377518399.00,566065727797.25,537759104278.0656,559276670892.116819,25.5009751030070973,38237.151008958546,0.05000657454024320463,14804077
N,F,9851614.00,14767438399.17,14028805792.2114,14590490998.366737,25.5224483028409474,38257.810660081140,0.04997336773765667180,385998
N,O,727730443.00,1091216245667.43,1036650078747.7029,1078128388865.275418,25.4977143238148535,38233.277671927623,0.04999986370487908853,28541007
R,F,377732830.00,566431054976.00,538110922664.7677,559634780885.086257,25.5083847896801383,38251.219273559761,0.04999679231408742045,14808183
Time: 82686.184 ms (01:22.686)
l_returnflag,l_linestatus,sum_qty,sum_base_price,sum_disc_price,sum_charge,avg_qty,avg_price,avg_disc,count_order
A,F,377518399.00,566065727797.25,537759104278.0656,559276670892.116819,25.5009751030070973,38237.151008958546,0.05000657454024320463,14804077
N,F,9851614.00,14767438399.17,14028805792.2114,14590490998.366737,25.5224483028409474,38257.810660081140,0.04997336773765667180,385998
N,O,727730443.00,1091216245667.43,1036650078747.7029,1078128388865.275418,25.4977143238148535,38233.277671927623,0.04999986370487908853,28541007
R,F,377732830.00,566431054976.00,538110922664.7677,559634780885.086257,25.5083847896801383,38251.219273559761,0.04999679231408742045,14808183
Time: 82505.732 ms (01:22.506)
QUERY PLAN
Sort  (cost=4214548.89..4214548.91 rows=6 width=236)
"  Sort Key: l_returnflag, l_linestatus"
  ->  HashAggregate  (cost=4214548.65..4214548.82 rows=6 width=236)
"        Group Key: l_returnflag, l_linestatus"
        ->  Seq Scan on lineitem  (cost=0.00..1874367.65 rows=58504525 width=25)
              Filter: (l_shipdate <= '1998-08-05 00:00:00'::timestamp without time zone)
Time: 1.539 ms
Timing is off.
secs,cov
82.61658832425,0.0024939759219255375
