s_suppkey	s_name	s_address	s_phone	total_revenue
97884	Supplier#000097884	dIMTUp l5I	22-665-524-1387	2226856.7654
s_suppkey	s_name	s_address	s_phone	total_revenue
97884	Supplier#000097884	dIMTUp l5I	22-665-524-1387	2226856.7654
s_suppkey	s_name	s_address	s_phone	total_revenue
97884	Supplier#000097884	dIMTUp l5I	22-665-524-1387	2226856.7654
s_suppkey	s_name	s_address	s_phone	total_revenue
97884	Supplier#000097884	dIMTUp l5I	22-665-524-1387	2226856.7654
s_suppkey	s_name	s_address	s_phone	total_revenue
97884	Supplier#000097884	dIMTUp l5I	22-665-524-1387	2226856.7654
s_suppkey	s_name	s_address	s_phone	total_revenue
97884	Supplier#000097884	dIMTUp l5I	22-665-524-1387	2226856.7654
s_suppkey	s_name	s_address	s_phone	total_revenue
97884	Supplier#000097884	dIMTUp l5I	22-665-524-1387	2226856.7654
s_suppkey	s_name	s_address	s_phone	total_revenue
97884	Supplier#000097884	dIMTUp l5I	22-665-524-1387	2226856.7654
s_suppkey	s_name	s_address	s_phone	total_revenue
97884	Supplier#000097884	dIMTUp l5I	22-665-524-1387	2226856.7654
s_suppkey	s_name	s_address	s_phone	total_revenue
97884	Supplier#000097884	dIMTUp l5I	22-665-524-1387	2226856.7654
id	select_type	table	partitions	type	possible_keys	key	key_len	ref	rows	filtered	Extra
1	PRIMARY	<derived2>	NULL	ALL	NULL	NULL	NULL	NULL	4297594	10.00	Using where; Using temporary; Using filesort
1	PRIMARY	supplier	NULL	eq_ref	PRIMARY	PRIMARY	4	revenue.supplier_no	1	100.00	NULL
3	SUBQUERY	<derived2>	NULL	ALL	NULL	NULL	NULL	NULL	4297594	100.00	NULL
2	DERIVED	lineitem	NULL	range	i_l_suppkey,i_l_partkey_suppkey,i_l_shipdate	i_l_shipdate	4	NULL	4297594	100.00	Using index condition; Using temporary
Variable_name	Value
Last_query_cost	5415752.019664
t (s)	sql_text
11.631306208	with revenue (supplier_no, total_revenue) as (\n\tselect\n\t\tl_suppkey,\n\t\tsum(l_extendedprice * (1 - l_discount))\n\tfrom\n\t\tlineitem\n\twhere\n\t\tl_shipdate >= '1995-09-01'\n\t\tand l_shipdate < date_add('1995-09-01', interval '90' day)\n\tgroup by\n\t\tl_suppkey\n)\nselect\n\ts_suppkey,\n\ts_name,\n\ts_address,\n\ts_phone,\n\ttotal_revenue\nfrom\n\tsupplier,\n\trevenue\nwhere\n\ts_suppkey = supplier_no\n\tand total_revenue = (\n\t\tselect\n\t\t\tmax(total_revenue)\n\t\tfrom\n\t\t\trevenue\n\t)\norder by\n\ts_suppkey
11.623205304	with revenue (supplier_no, total_revenue) as (\n\tselect\n\t\tl_suppkey,\n\t\tsum(l_extendedprice * (1 - l_discount))\n\tfrom\n\t\tlineitem\n\twhere\n\t\tl_shipdate >= '1995-09-01'\n\t\tand l_shipdate < date_add('1995-09-01', interval '90' day)\n\tgroup by\n\t\tl_suppkey\n)\nselect\n\ts_suppkey,\n\ts_name,\n\ts_address,\n\ts_phone,\n\ttotal_revenue\nfrom\n\tsupplier,\n\trevenue\nwhere\n\ts_suppkey = supplier_no\n\tand total_revenue = (\n\t\tselect\n\t\t\tmax(total_revenue)\n\t\tfrom\n\t\t\trevenue\n\t)\norder by\n\ts_suppkey
11.638652174	with revenue (supplier_no, total_revenue) as (\n\tselect\n\t\tl_suppkey,\n\t\tsum(l_extendedprice * (1 - l_discount))\n\tfrom\n\t\tlineitem\n\twhere\n\t\tl_shipdate >= '1995-09-01'\n\t\tand l_shipdate < date_add('1995-09-01', interval '90' day)\n\tgroup by\n\t\tl_suppkey\n)\nselect\n\ts_suppkey,\n\ts_name,\n\ts_address,\n\ts_phone,\n\ttotal_revenue\nfrom\n\tsupplier,\n\trevenue\nwhere\n\ts_suppkey = supplier_no\n\tand total_revenue = (\n\t\tselect\n\t\t\tmax(total_revenue)\n\t\tfrom\n\t\t\trevenue\n\t)\norder by\n\ts_suppkey
11.615270044	with revenue (supplier_no, total_revenue) as (\n\tselect\n\t\tl_suppkey,\n\t\tsum(l_extendedprice * (1 - l_discount))\n\tfrom\n\t\tlineitem\n\twhere\n\t\tl_shipdate >= '1995-09-01'\n\t\tand l_shipdate < date_add('1995-09-01', interval '90' day)\n\tgroup by\n\t\tl_suppkey\n)\nselect\n\ts_suppkey,\n\ts_name,\n\ts_address,\n\ts_phone,\n\ttotal_revenue\nfrom\n\tsupplier,\n\trevenue\nwhere\n\ts_suppkey = supplier_no\n\tand total_revenue = (\n\t\tselect\n\t\t\tmax(total_revenue)\n\t\tfrom\n\t\t\trevenue\n\t)\norder by\n\ts_suppkey
11.654608343	with revenue (supplier_no, total_revenue) as (\n\tselect\n\t\tl_suppkey,\n\t\tsum(l_extendedprice * (1 - l_discount))\n\tfrom\n\t\tlineitem\n\twhere\n\t\tl_shipdate >= '1995-09-01'\n\t\tand l_shipdate < date_add('1995-09-01', interval '90' day)\n\tgroup by\n\t\tl_suppkey\n)\nselect\n\ts_suppkey,\n\ts_name,\n\ts_address,\n\ts_phone,\n\ttotal_revenue\nfrom\n\tsupplier,\n\trevenue\nwhere\n\ts_suppkey = supplier_no\n\tand total_revenue = (\n\t\tselect\n\t\t\tmax(total_revenue)\n\t\tfrom\n\t\t\trevenue\n\t)\norder by\n\ts_suppkey
11.641121474	with revenue (supplier_no, total_revenue) as (\n\tselect\n\t\tl_suppkey,\n\t\tsum(l_extendedprice * (1 - l_discount))\n\tfrom\n\t\tlineitem\n\twhere\n\t\tl_shipdate >= '1995-09-01'\n\t\tand l_shipdate < date_add('1995-09-01', interval '90' day)\n\tgroup by\n\t\tl_suppkey\n)\nselect\n\ts_suppkey,\n\ts_name,\n\ts_address,\n\ts_phone,\n\ttotal_revenue\nfrom\n\tsupplier,\n\trevenue\nwhere\n\ts_suppkey = supplier_no\n\tand total_revenue = (\n\t\tselect\n\t\t\tmax(total_revenue)\n\t\tfrom\n\t\t\trevenue\n\t)\norder by\n\ts_suppkey
11.640025978	with revenue (supplier_no, total_revenue) as (\n\tselect\n\t\tl_suppkey,\n\t\tsum(l_extendedprice * (1 - l_discount))\n\tfrom\n\t\tlineitem\n\twhere\n\t\tl_shipdate >= '1995-09-01'\n\t\tand l_shipdate < date_add('1995-09-01', interval '90' day)\n\tgroup by\n\t\tl_suppkey\n)\nselect\n\ts_suppkey,\n\ts_name,\n\ts_address,\n\ts_phone,\n\ttotal_revenue\nfrom\n\tsupplier,\n\trevenue\nwhere\n\ts_suppkey = supplier_no\n\tand total_revenue = (\n\t\tselect\n\t\t\tmax(total_revenue)\n\t\tfrom\n\t\t\trevenue\n\t)\norder by\n\ts_suppkey
11.637198392	with revenue (supplier_no, total_revenue) as (\n\tselect\n\t\tl_suppkey,\n\t\tsum(l_extendedprice * (1 - l_discount))\n\tfrom\n\t\tlineitem\n\twhere\n\t\tl_shipdate >= '1995-09-01'\n\t\tand l_shipdate < date_add('1995-09-01', interval '90' day)\n\tgroup by\n\t\tl_suppkey\n)\nselect\n\ts_suppkey,\n\ts_name,\n\ts_address,\n\ts_phone,\n\ttotal_revenue\nfrom\n\tsupplier,\n\trevenue\nwhere\n\ts_suppkey = supplier_no\n\tand total_revenue = (\n\t\tselect\n\t\t\tmax(total_revenue)\n\t\tfrom\n\t\t\trevenue\n\t)\norder by\n\ts_suppkey
avg	CoV
11.6351734896250	0.0009643525397713538
