promo_revenue
16.6925413107
promo_revenue
16.6925413107
promo_revenue
16.6925413107
promo_revenue
16.6925413107
promo_revenue
16.6925413107
promo_revenue
16.6925413107
promo_revenue
16.6925413107
promo_revenue
16.6925413107
promo_revenue
16.6925413107
promo_revenue
16.6925413107
id	select_type	table	partitions	type	possible_keys	key	key_len	ref	rows	filtered	Extra
1	SIMPLE	lineitem	NULL	range	i_l_partkey,i_l_partkey_suppkey,i_l_shipdate	i_l_shipdate	4	NULL	1586198	100.00	Using index condition; Using where
1	SIMPLE	part	NULL	eq_ref	PRIMARY	PRIMARY	4	dbt3_sf10.lineitem.l_partkey	1	100.00	NULL
Variable_name	Value
Last_query_cost	1269222.127080
t (s)	sql_text
6.347234748	select\n\t100.00 * sum(case\n\t\twhen p_type like 'PROMO%'\n\t\t\tthen l_extendedprice * (1 - l_discount)\n\t\telse 0\n\tend) / sum(l_extendedprice * (1 - l_discount)) as promo_revenue\nfrom\n\tlineitem,\n\tpart\nwhere\n\tl_partkey = p_partkey\n\tand l_shipdate >= '1993-03-01'\n\tand l_shipdate < date_add( '1993-03-01', interval '1' month)
6.352699611	select\n\t100.00 * sum(case\n\t\twhen p_type like 'PROMO%'\n\t\t\tthen l_extendedprice * (1 - l_discount)\n\t\telse 0\n\tend) / sum(l_extendedprice * (1 - l_discount)) as promo_revenue\nfrom\n\tlineitem,\n\tpart\nwhere\n\tl_partkey = p_partkey\n\tand l_shipdate >= '1993-03-01'\n\tand l_shipdate < date_add( '1993-03-01', interval '1' month)
6.345941063	select\n\t100.00 * sum(case\n\t\twhen p_type like 'PROMO%'\n\t\t\tthen l_extendedprice * (1 - l_discount)\n\t\telse 0\n\tend) / sum(l_extendedprice * (1 - l_discount)) as promo_revenue\nfrom\n\tlineitem,\n\tpart\nwhere\n\tl_partkey = p_partkey\n\tand l_shipdate >= '1993-03-01'\n\tand l_shipdate < date_add( '1993-03-01', interval '1' month)
6.354943247	select\n\t100.00 * sum(case\n\t\twhen p_type like 'PROMO%'\n\t\t\tthen l_extendedprice * (1 - l_discount)\n\t\telse 0\n\tend) / sum(l_extendedprice * (1 - l_discount)) as promo_revenue\nfrom\n\tlineitem,\n\tpart\nwhere\n\tl_partkey = p_partkey\n\tand l_shipdate >= '1993-03-01'\n\tand l_shipdate < date_add( '1993-03-01', interval '1' month)
6.349864283	select\n\t100.00 * sum(case\n\t\twhen p_type like 'PROMO%'\n\t\t\tthen l_extendedprice * (1 - l_discount)\n\t\telse 0\n\tend) / sum(l_extendedprice * (1 - l_discount)) as promo_revenue\nfrom\n\tlineitem,\n\tpart\nwhere\n\tl_partkey = p_partkey\n\tand l_shipdate >= '1993-03-01'\n\tand l_shipdate < date_add( '1993-03-01', interval '1' month)
6.358901562	select\n\t100.00 * sum(case\n\t\twhen p_type like 'PROMO%'\n\t\t\tthen l_extendedprice * (1 - l_discount)\n\t\telse 0\n\tend) / sum(l_extendedprice * (1 - l_discount)) as promo_revenue\nfrom\n\tlineitem,\n\tpart\nwhere\n\tl_partkey = p_partkey\n\tand l_shipdate >= '1993-03-01'\n\tand l_shipdate < date_add( '1993-03-01', interval '1' month)
6.350732968	select\n\t100.00 * sum(case\n\t\twhen p_type like 'PROMO%'\n\t\t\tthen l_extendedprice * (1 - l_discount)\n\t\telse 0\n\tend) / sum(l_extendedprice * (1 - l_discount)) as promo_revenue\nfrom\n\tlineitem,\n\tpart\nwhere\n\tl_partkey = p_partkey\n\tand l_shipdate >= '1993-03-01'\n\tand l_shipdate < date_add( '1993-03-01', interval '1' month)
6.360852118	select\n\t100.00 * sum(case\n\t\twhen p_type like 'PROMO%'\n\t\t\tthen l_extendedprice * (1 - l_discount)\n\t\telse 0\n\tend) / sum(l_extendedprice * (1 - l_discount)) as promo_revenue\nfrom\n\tlineitem,\n\tpart\nwhere\n\tl_partkey = p_partkey\n\tand l_shipdate >= '1993-03-01'\n\tand l_shipdate < date_add( '1993-03-01', interval '1' month)
avg	CoV
6.3526462000000	0.00078191732895544
