l_shipmode	high_line_count	low_line_count
AIR	62410	93883
RAIL	62684	93640
l_shipmode	high_line_count	low_line_count
AIR	62410	93883
RAIL	62684	93640
l_shipmode	high_line_count	low_line_count
AIR	62410	93883
RAIL	62684	93640
l_shipmode	high_line_count	low_line_count
AIR	62410	93883
RAIL	62684	93640
l_shipmode	high_line_count	low_line_count
AIR	62410	93883
RAIL	62684	93640
id	select_type	table	partitions	type	possible_keys	key	key_len	ref	rows	filtered	Extra
1	SIMPLE	lineitem	NULL	ALL	PRIMARY,i_l_orderkey	NULL	NULL	NULL	59986052	0.76	Using where; Using temporary; Using filesort
1	SIMPLE	orders	NULL	eq_ref	PRIMARY	PRIMARY	4	dbt3_sf10.lineitem.l_orderkey	1	100.00	NULL
Variable_name	Value
Last_query_cost	7408002.208281
t (s)	sql_text
43.882523831	select\n\tl_shipmode,\n\tsum(case\n\t\twhen o_orderpriority = '1-URGENT'\n\t\t\tor o_orderpriority = '2-HIGH'\n\t\t\tthen 1\n\t\telse 0\n\tend) as high_line_count,\n\tsum(case\n\t\twhen o_orderpriority <> '1-URGENT'\n\t\t\tand o_orderpriority <> '2-HIGH'\n\t\t\tthen 1\n\t\telse 0\n\tend) as low_line_count\nfrom\n\torders,\n\tlineitem\nwhere\n\to_orderkey = l_orderkey\n\tand l_shipmode in ('RAIL', 'AIR')\n\tand l_commitdate < l_receiptdate\n\tand l_shipdate < l_commitdate\n\tand l_receiptdate >= '1993-01-01'\n\tand l_receiptdate < date_add( '1993-01-01', interval '1' year)\ngroup by\n\tl_shipmode\norder by\n\tl_shipmode
43.707290071	select\n\tl_shipmode,\n\tsum(case\n\t\twhen o_orderpriority = '1-URGENT'\n\t\t\tor o_orderpriority = '2-HIGH'\n\t\t\tthen 1\n\t\telse 0\n\tend) as high_line_count,\n\tsum(case\n\t\twhen o_orderpriority <> '1-URGENT'\n\t\t\tand o_orderpriority <> '2-HIGH'\n\t\t\tthen 1\n\t\telse 0\n\tend) as low_line_count\nfrom\n\torders,\n\tlineitem\nwhere\n\to_orderkey = l_orderkey\n\tand l_shipmode in ('RAIL', 'AIR')\n\tand l_commitdate < l_receiptdate\n\tand l_shipdate < l_commitdate\n\tand l_receiptdate >= '1993-01-01'\n\tand l_receiptdate < date_add( '1993-01-01', interval '1' year)\ngroup by\n\tl_shipmode\norder by\n\tl_shipmode
43.711592678	select\n\tl_shipmode,\n\tsum(case\n\t\twhen o_orderpriority = '1-URGENT'\n\t\t\tor o_orderpriority = '2-HIGH'\n\t\t\tthen 1\n\t\telse 0\n\tend) as high_line_count,\n\tsum(case\n\t\twhen o_orderpriority <> '1-URGENT'\n\t\t\tand o_orderpriority <> '2-HIGH'\n\t\t\tthen 1\n\t\telse 0\n\tend) as low_line_count\nfrom\n\torders,\n\tlineitem\nwhere\n\to_orderkey = l_orderkey\n\tand l_shipmode in ('RAIL', 'AIR')\n\tand l_commitdate < l_receiptdate\n\tand l_shipdate < l_commitdate\n\tand l_receiptdate >= '1993-01-01'\n\tand l_receiptdate < date_add( '1993-01-01', interval '1' year)\ngroup by\n\tl_shipmode\norder by\n\tl_shipmode
avg	CoV
43.7671355266667	0.0018646584210757098
