revenue
1641525532.8238
revenue
1641525532.8238
revenue
1641525532.8238
revenue
1641525532.8238
revenue
1641525532.8238
id	select_type	table	partitions	type	possible_keys	key	key_len	ref	rows	filtered	Extra
1	SIMPLE	lineitem	NULL	ALL	i_l_shipdate	NULL	NULL	NULL	59986052	3.57	Using where
Variable_name	Value
Last_query_cost	6480348.537193
t (s)	sql_text
28.354074985	select\n\tsum(l_extendedprice * l_discount) as revenue\nfrom\n\tlineitem\nwhere\n\tl_shipdate >= '1995-01-01'\n\tand l_shipdate < date_add( '1995-01-01' , interval '1' year)\n\tand l_discount between 0.08 - 0.01 and 0.08 + 0.01\n\tand l_quantity < 24
28.358353461	select\n\tsum(l_extendedprice * l_discount) as revenue\nfrom\n\tlineitem\nwhere\n\tl_shipdate >= '1995-01-01'\n\tand l_shipdate < date_add( '1995-01-01' , interval '1' year)\n\tand l_discount between 0.08 - 0.01 and 0.08 + 0.01\n\tand l_quantity < 24
28.357771120	select\n\tsum(l_extendedprice * l_discount) as revenue\nfrom\n\tlineitem\nwhere\n\tl_shipdate >= '1995-01-01'\n\tand l_shipdate < date_add( '1995-01-01' , interval '1' year)\n\tand l_discount between 0.08 - 0.01 and 0.08 + 0.01\n\tand l_quantity < 24
avg	CoV
28.3567331886667	0.00006681337587650207
