s_suppkey	s_name	s_address	s_phone	total_revenue
97884	Supplier#000097884	dIMTUp l5I	22-665-524-1387	2226856.7654
s_suppkey	s_name	s_address	s_phone	total_revenue
97884	Supplier#000097884	dIMTUp l5I	22-665-524-1387	2226856.7654
s_suppkey	s_name	s_address	s_phone	total_revenue
97884	Supplier#000097884	dIMTUp l5I	22-665-524-1387	2226856.7654
s_suppkey	s_name	s_address	s_phone	total_revenue
97884	Supplier#000097884	dIMTUp l5I	22-665-524-1387	2226856.7654
s_suppkey	s_name	s_address	s_phone	total_revenue
97884	Supplier#000097884	dIMTUp l5I	22-665-524-1387	2226856.7654
s_suppkey	s_name	s_address	s_phone	total_revenue
97884	Supplier#000097884	dIMTUp l5I	22-665-524-1387	2226856.7654
s_suppkey	s_name	s_address	s_phone	total_revenue
97884	Supplier#000097884	dIMTUp l5I	22-665-524-1387	2226856.7654
s_suppkey	s_name	s_address	s_phone	total_revenue
97884	Supplier#000097884	dIMTUp l5I	22-665-524-1387	2226856.7654
s_suppkey	s_name	s_address	s_phone	total_revenue
97884	Supplier#000097884	dIMTUp l5I	22-665-524-1387	2226856.7654
s_suppkey	s_name	s_address	s_phone	total_revenue
97884	Supplier#000097884	dIMTUp l5I	22-665-524-1387	2226856.7654
id	select_type	table	partitions	type	possible_keys	key	key_len	ref	rows	filtered	Extra
1	PRIMARY	<derived3>	NULL	ALL	NULL	NULL	NULL	NULL	4297594	10.00	Using where; Using temporary; Using filesort
1	PRIMARY	supplier	NULL	eq_ref	PRIMARY	PRIMARY	4	revenue.supplier_no	1	100.00	NULL
3	DERIVED	lineitem	NULL	range	i_l_suppkey,i_l_partkey_suppkey,i_l_shipdate	i_l_shipdate	4	NULL	4297594	100.00	Using index condition; Using temporary; Using filesort
2	SUBQUERY	<derived4>	NULL	ALL	NULL	NULL	NULL	NULL	4297594	100.00	NULL
4	DERIVED	lineitem	NULL	range	i_l_suppkey,i_l_partkey_suppkey,i_l_shipdate	i_l_shipdate	4	NULL	4297594	100.00	Using index condition; Using temporary; Using filesort
Variable_name	Value
Last_query_cost	0.000000
t (s)	sql_text
22.912378543	select\n\ts_suppkey,\n\ts_name,\n\ts_address,\n\ts_phone,\n\ttotal_revenue\nfrom\n\tsupplier,\n\trevenue\nwhere\n\ts_suppkey = supplier_no\n\tand total_revenue = (\n\t\tselect\n\t\t\tmax(total_revenue)\n\t\tfrom\n\t\t\trevenue\n\t)\norder by\n\ts_suppkey
22.871542272	select\n\ts_suppkey,\n\ts_name,\n\ts_address,\n\ts_phone,\n\ttotal_revenue\nfrom\n\tsupplier,\n\trevenue\nwhere\n\ts_suppkey = supplier_no\n\tand total_revenue = (\n\t\tselect\n\t\t\tmax(total_revenue)\n\t\tfrom\n\t\t\trevenue\n\t)\norder by\n\ts_suppkey
22.908649309	select\n\ts_suppkey,\n\ts_name,\n\ts_address,\n\ts_phone,\n\ttotal_revenue\nfrom\n\tsupplier,\n\trevenue\nwhere\n\ts_suppkey = supplier_no\n\tand total_revenue = (\n\t\tselect\n\t\t\tmax(total_revenue)\n\t\tfrom\n\t\t\trevenue\n\t)\norder by\n\ts_suppkey
22.938969780	select\n\ts_suppkey,\n\ts_name,\n\ts_address,\n\ts_phone,\n\ttotal_revenue\nfrom\n\tsupplier,\n\trevenue\nwhere\n\ts_suppkey = supplier_no\n\tand total_revenue = (\n\t\tselect\n\t\t\tmax(total_revenue)\n\t\tfrom\n\t\t\trevenue\n\t)\norder by\n\ts_suppkey
22.910096186	select\n\ts_suppkey,\n\ts_name,\n\ts_address,\n\ts_phone,\n\ttotal_revenue\nfrom\n\tsupplier,\n\trevenue\nwhere\n\ts_suppkey = supplier_no\n\tand total_revenue = (\n\t\tselect\n\t\t\tmax(total_revenue)\n\t\tfrom\n\t\t\trevenue\n\t)\norder by\n\ts_suppkey
22.943926325	select\n\ts_suppkey,\n\ts_name,\n\ts_address,\n\ts_phone,\n\ttotal_revenue\nfrom\n\tsupplier,\n\trevenue\nwhere\n\ts_suppkey = supplier_no\n\tand total_revenue = (\n\t\tselect\n\t\t\tmax(total_revenue)\n\t\tfrom\n\t\t\trevenue\n\t)\norder by\n\ts_suppkey
22.865253647	select\n\ts_suppkey,\n\ts_name,\n\ts_address,\n\ts_phone,\n\ttotal_revenue\nfrom\n\tsupplier,\n\trevenue\nwhere\n\ts_suppkey = supplier_no\n\tand total_revenue = (\n\t\tselect\n\t\t\tmax(total_revenue)\n\t\tfrom\n\t\t\trevenue\n\t)\norder by\n\ts_suppkey
22.920502415	select\n\ts_suppkey,\n\ts_name,\n\ts_address,\n\ts_phone,\n\ttotal_revenue\nfrom\n\tsupplier,\n\trevenue\nwhere\n\ts_suppkey = supplier_no\n\tand total_revenue = (\n\t\tselect\n\t\t\tmax(total_revenue)\n\t\tfrom\n\t\t\trevenue\n\t)\norder by\n\ts_suppkey
avg	CoV
22.9089148096250	0.0011528203853357923
