o_year	mkt_share
1995	0.03990105
1996	0.04005020
o_year	mkt_share
1995	0.03990105
1996	0.04005020
o_year	mkt_share
1995	0.03990105
1996	0.04005020
o_year	mkt_share
1995	0.03990105
1996	0.04005020
o_year	mkt_share
1995	0.03990105
1996	0.04005020
o_year	mkt_share
1995	0.03990105
1996	0.04005020
o_year	mkt_share
1995	0.03990105
1996	0.04005020
o_year	mkt_share
1995	0.03990105
1996	0.04005020
o_year	mkt_share
1995	0.03990105
1996	0.04005020
o_year	mkt_share
1995	0.03990105
1996	0.04005020
id	select_type	table	partitions	type	possible_keys	key	key_len	ref	rows	filtered	Extra
1	SIMPLE	region	NULL	ALL	PRIMARY	NULL	NULL	NULL	5	20.00	Using where; Using temporary; Using filesort
1	SIMPLE	part	NULL	ALL	PRIMARY	NULL	NULL	NULL	2000000	10.00	Using where; Using join buffer (Block Nested Loop)
1	SIMPLE	lineitem	NULL	ref	PRIMARY,i_l_orderkey,i_l_partkey,i_l_suppkey,i_l_partkey_suppkey	i_l_partkey	5	dbt3_sf10.part.p_partkey	29	100.00	Using where
1	SIMPLE	supplier	NULL	eq_ref	PRIMARY,i_s_nationkey	PRIMARY	4	dbt3_sf10.lineitem.l_suppkey	1	100.00	Using where
1	SIMPLE	n2	NULL	eq_ref	PRIMARY	PRIMARY	4	dbt3_sf10.supplier.s_nationkey	1	100.00	NULL
1	SIMPLE	orders	NULL	eq_ref	PRIMARY,i_o_custkey,i_o_orderdate	PRIMARY	4	dbt3_sf10.lineitem.l_orderkey	1	50.00	Using where
1	SIMPLE	customer	NULL	eq_ref	PRIMARY,i_c_nationkey	PRIMARY	4	dbt3_sf10.orders.o_custkey	1	100.00	Using where
1	SIMPLE	n1	NULL	eq_ref	PRIMARY,i_n_regionkey	PRIMARY	4	dbt3_sf10.customer.c_nationkey	1	20.00	Using where
Variable_name	Value
Last_query_cost	37011002.525900
t (s)	sql_text
6.040053610	select\n\to_year,\n\tsum(case\n\t\twhen nation = 'BRAZIL' then volume\n\t\telse 0\n\tend) / sum(volume) as mkt_share\nfrom\n\t(\n\t\tselect\n\t\t\textract(year from o_orderdate) as o_year,\n\t\t\tl_extendedprice * (1 - l_discount) as volume,\n\t\t\tn2.n_name as nation\n\t\tfrom\n\t\t\tpart,\n\t\t\tsupplier,\n\t\t\tlineitem,\n\t\t\torders,\n\t\t\tcustomer,\n\t\t\tnation n1,\n\t\t\tnation n2,\n\t\t\tregion\n\t\twhere\n\t\t\tp_partkey = l_partkey\n\t\t\tand s_suppkey = l_suppkey\n\t\t\tand l_orderkey = o_orderkey\n\t\t\tand o_custkey = c_custkey\n\t\t\tand c_nationkey = n1.n_nationkey\n\t\t\tand n1.n_regionkey = r_regionkey\n\t\t\tand r_name = 'AMERICA'\n\t\t\tand s_nationkey = n2.n_nationkey\n\t\t\tand o_orderdate between '1995-01-01' and '1996-12-31'\n\t\t\tand p_type = 'LARGE BRUSHED TIN'\n\t) as all_nations\ngroup by\n\to_year\norder by\n\to_year
6.039816125	select\n\to_year,\n\tsum(case\n\t\twhen nation = 'BRAZIL' then volume\n\t\telse 0\n\tend) / sum(volume) as mkt_share\nfrom\n\t(\n\t\tselect\n\t\t\textract(year from o_orderdate) as o_year,\n\t\t\tl_extendedprice * (1 - l_discount) as volume,\n\t\t\tn2.n_name as nation\n\t\tfrom\n\t\t\tpart,\n\t\t\tsupplier,\n\t\t\tlineitem,\n\t\t\torders,\n\t\t\tcustomer,\n\t\t\tnation n1,\n\t\t\tnation n2,\n\t\t\tregion\n\t\twhere\n\t\t\tp_partkey = l_partkey\n\t\t\tand s_suppkey = l_suppkey\n\t\t\tand l_orderkey = o_orderkey\n\t\t\tand o_custkey = c_custkey\n\t\t\tand c_nationkey = n1.n_nationkey\n\t\t\tand n1.n_regionkey = r_regionkey\n\t\t\tand r_name = 'AMERICA'\n\t\t\tand s_nationkey = n2.n_nationkey\n\t\t\tand o_orderdate between '1995-01-01' and '1996-12-31'\n\t\t\tand p_type = 'LARGE BRUSHED TIN'\n\t) as all_nations\ngroup by\n\to_year\norder by\n\to_year
6.042784853	select\n\to_year,\n\tsum(case\n\t\twhen nation = 'BRAZIL' then volume\n\t\telse 0\n\tend) / sum(volume) as mkt_share\nfrom\n\t(\n\t\tselect\n\t\t\textract(year from o_orderdate) as o_year,\n\t\t\tl_extendedprice * (1 - l_discount) as volume,\n\t\t\tn2.n_name as nation\n\t\tfrom\n\t\t\tpart,\n\t\t\tsupplier,\n\t\t\tlineitem,\n\t\t\torders,\n\t\t\tcustomer,\n\t\t\tnation n1,\n\t\t\tnation n2,\n\t\t\tregion\n\t\twhere\n\t\t\tp_partkey = l_partkey\n\t\t\tand s_suppkey = l_suppkey\n\t\t\tand l_orderkey = o_orderkey\n\t\t\tand o_custkey = c_custkey\n\t\t\tand c_nationkey = n1.n_nationkey\n\t\t\tand n1.n_regionkey = r_regionkey\n\t\t\tand r_name = 'AMERICA'\n\t\t\tand s_nationkey = n2.n_nationkey\n\t\t\tand o_orderdate between '1995-01-01' and '1996-12-31'\n\t\t\tand p_type = 'LARGE BRUSHED TIN'\n\t) as all_nations\ngroup by\n\to_year\norder by\n\to_year
6.038671764	select\n\to_year,\n\tsum(case\n\t\twhen nation = 'BRAZIL' then volume\n\t\telse 0\n\tend) / sum(volume) as mkt_share\nfrom\n\t(\n\t\tselect\n\t\t\textract(year from o_orderdate) as o_year,\n\t\t\tl_extendedprice * (1 - l_discount) as volume,\n\t\t\tn2.n_name as nation\n\t\tfrom\n\t\t\tpart,\n\t\t\tsupplier,\n\t\t\tlineitem,\n\t\t\torders,\n\t\t\tcustomer,\n\t\t\tnation n1,\n\t\t\tnation n2,\n\t\t\tregion\n\t\twhere\n\t\t\tp_partkey = l_partkey\n\t\t\tand s_suppkey = l_suppkey\n\t\t\tand l_orderkey = o_orderkey\n\t\t\tand o_custkey = c_custkey\n\t\t\tand c_nationkey = n1.n_nationkey\n\t\t\tand n1.n_regionkey = r_regionkey\n\t\t\tand r_name = 'AMERICA'\n\t\t\tand s_nationkey = n2.n_nationkey\n\t\t\tand o_orderdate between '1995-01-01' and '1996-12-31'\n\t\t\tand p_type = 'LARGE BRUSHED TIN'\n\t) as all_nations\ngroup by\n\to_year\norder by\n\to_year
6.038480180	select\n\to_year,\n\tsum(case\n\t\twhen nation = 'BRAZIL' then volume\n\t\telse 0\n\tend) / sum(volume) as mkt_share\nfrom\n\t(\n\t\tselect\n\t\t\textract(year from o_orderdate) as o_year,\n\t\t\tl_extendedprice * (1 - l_discount) as volume,\n\t\t\tn2.n_name as nation\n\t\tfrom\n\t\t\tpart,\n\t\t\tsupplier,\n\t\t\tlineitem,\n\t\t\torders,\n\t\t\tcustomer,\n\t\t\tnation n1,\n\t\t\tnation n2,\n\t\t\tregion\n\t\twhere\n\t\t\tp_partkey = l_partkey\n\t\t\tand s_suppkey = l_suppkey\n\t\t\tand l_orderkey = o_orderkey\n\t\t\tand o_custkey = c_custkey\n\t\t\tand c_nationkey = n1.n_nationkey\n\t\t\tand n1.n_regionkey = r_regionkey\n\t\t\tand r_name = 'AMERICA'\n\t\t\tand s_nationkey = n2.n_nationkey\n\t\t\tand o_orderdate between '1995-01-01' and '1996-12-31'\n\t\t\tand p_type = 'LARGE BRUSHED TIN'\n\t) as all_nations\ngroup by\n\to_year\norder by\n\to_year
6.019934914	select\n\to_year,\n\tsum(case\n\t\twhen nation = 'BRAZIL' then volume\n\t\telse 0\n\tend) / sum(volume) as mkt_share\nfrom\n\t(\n\t\tselect\n\t\t\textract(year from o_orderdate) as o_year,\n\t\t\tl_extendedprice * (1 - l_discount) as volume,\n\t\t\tn2.n_name as nation\n\t\tfrom\n\t\t\tpart,\n\t\t\tsupplier,\n\t\t\tlineitem,\n\t\t\torders,\n\t\t\tcustomer,\n\t\t\tnation n1,\n\t\t\tnation n2,\n\t\t\tregion\n\t\twhere\n\t\t\tp_partkey = l_partkey\n\t\t\tand s_suppkey = l_suppkey\n\t\t\tand l_orderkey = o_orderkey\n\t\t\tand o_custkey = c_custkey\n\t\t\tand c_nationkey = n1.n_nationkey\n\t\t\tand n1.n_regionkey = r_regionkey\n\t\t\tand r_name = 'AMERICA'\n\t\t\tand s_nationkey = n2.n_nationkey\n\t\t\tand o_orderdate between '1995-01-01' and '1996-12-31'\n\t\t\tand p_type = 'LARGE BRUSHED TIN'\n\t) as all_nations\ngroup by\n\to_year\norder by\n\to_year
6.047055142	select\n\to_year,\n\tsum(case\n\t\twhen nation = 'BRAZIL' then volume\n\t\telse 0\n\tend) / sum(volume) as mkt_share\nfrom\n\t(\n\t\tselect\n\t\t\textract(year from o_orderdate) as o_year,\n\t\t\tl_extendedprice * (1 - l_discount) as volume,\n\t\t\tn2.n_name as nation\n\t\tfrom\n\t\t\tpart,\n\t\t\tsupplier,\n\t\t\tlineitem,\n\t\t\torders,\n\t\t\tcustomer,\n\t\t\tnation n1,\n\t\t\tnation n2,\n\t\t\tregion\n\t\twhere\n\t\t\tp_partkey = l_partkey\n\t\t\tand s_suppkey = l_suppkey\n\t\t\tand l_orderkey = o_orderkey\n\t\t\tand o_custkey = c_custkey\n\t\t\tand c_nationkey = n1.n_nationkey\n\t\t\tand n1.n_regionkey = r_regionkey\n\t\t\tand r_name = 'AMERICA'\n\t\t\tand s_nationkey = n2.n_nationkey\n\t\t\tand o_orderdate between '1995-01-01' and '1996-12-31'\n\t\t\tand p_type = 'LARGE BRUSHED TIN'\n\t) as all_nations\ngroup by\n\to_year\norder by\n\to_year
6.048450142	select\n\to_year,\n\tsum(case\n\t\twhen nation = 'BRAZIL' then volume\n\t\telse 0\n\tend) / sum(volume) as mkt_share\nfrom\n\t(\n\t\tselect\n\t\t\textract(year from o_orderdate) as o_year,\n\t\t\tl_extendedprice * (1 - l_discount) as volume,\n\t\t\tn2.n_name as nation\n\t\tfrom\n\t\t\tpart,\n\t\t\tsupplier,\n\t\t\tlineitem,\n\t\t\torders,\n\t\t\tcustomer,\n\t\t\tnation n1,\n\t\t\tnation n2,\n\t\t\tregion\n\t\twhere\n\t\t\tp_partkey = l_partkey\n\t\t\tand s_suppkey = l_suppkey\n\t\t\tand l_orderkey = o_orderkey\n\t\t\tand o_custkey = c_custkey\n\t\t\tand c_nationkey = n1.n_nationkey\n\t\t\tand n1.n_regionkey = r_regionkey\n\t\t\tand r_name = 'AMERICA'\n\t\t\tand s_nationkey = n2.n_nationkey\n\t\t\tand o_orderdate between '1995-01-01' and '1996-12-31'\n\t\t\tand p_type = 'LARGE BRUSHED TIN'\n\t) as all_nations\ngroup by\n\to_year\norder by\n\to_year
avg	CoV
6.0394058412500	0.0013513098662754604
